<?xml version="1.0" encoding="UTF-8"?>
<!-- Generated by org.testng.reporters.JUnitReportReporter -->
<testsuite skipped="30" hostname="EC2AMAZ-C4MGU7T" name="runner.RunTestNGTest" tests="458" failures="55" timestamp="2023-08-16T07:21:19 UTC" time="819.234" errors="340">
  <testcase name="runScenario" time="0.021" classname="runner.RunTestNGTest">
    <error type="org.json.simple.parser.ParseException">
      <![CDATA[Unexpected token END OF FILE at position 65536.
at org.json.simple.parser.JSONParser.parse(JSONParser.java:257)
at org.json.simple.parser.JSONParser.parse(JSONParser.java:92)
at stepdefs.reportdefinitions.appendafterjson(reportdefinitions.java:394)
]]>
    </error>
  </testcase> <!-- runScenario -->
  <system-out/>
  <testcase name="runScenario" time="0.021" classname="runner.RunTestNGTest">
    <skipped/>
  </testcase> <!-- runScenario -->
  <system-out/>
  <testcase name="runScenario" time="0.044" classname="runner.RunTestNGTest">
    <error type="org.json.simple.parser.ParseException">
      <![CDATA[Unexpected token END OF FILE at position 65536.
at org.json.simple.parser.JSONParser.parse(JSONParser.java:257)
at org.json.simple.parser.JSONParser.parse(JSONParser.java:92)
at stepdefs.reportdefinitions.appendafterjson(reportdefinitions.java:394)
]]>
    </error>
  </testcase> <!-- runScenario -->
  <system-out/>
  <testcase name="runScenario" time="0.018" classname="runner.RunTestNGTest">
    <error type="org.json.simple.parser.ParseException">
      <![CDATA[Unexpected token END OF FILE at position 65536.
at org.json.simple.parser.JSONParser.parse(JSONParser.java:257)
at org.json.simple.parser.JSONParser.parse(JSONParser.java:92)
at stepdefs.reportdefinitions.appendafterjson(reportdefinitions.java:394)
]]>
    </error>
  </testcase> <!-- runScenario -->
  <system-out/>
  <testcase name="runScenario" time="0.018" classname="runner.RunTestNGTest">
    <error type="org.json.simple.parser.ParseException">
      <![CDATA[Unexpected token END OF FILE at position 65536.
at org.json.simple.parser.JSONParser.parse(JSONParser.java:257)
at org.json.simple.parser.JSONParser.parse(JSONParser.java:92)
at stepdefs.reportdefinitions.appendbeforerjson(reportdefinitions.java:142)
]]>
    </error>
  </testcase> <!-- runScenario -->
  <system-out/>
  <testcase name="runScenario" time="0.018" classname="runner.RunTestNGTest">
    <error type="org.json.simple.parser.ParseException">
      <![CDATA[Unexpected token END OF FILE at position 65536.
at org.json.simple.parser.JSONParser.parse(JSONParser.java:257)
at org.json.simple.parser.JSONParser.parse(JSONParser.java:92)
at stepdefs.reportdefinitions.appendbeforerjson(reportdefinitions.java:142)
]]>
    </error>
  </testcase> <!-- runScenario -->
  <system-out/>
  <testcase name="runScenario" time="0.017" classname="runner.RunTestNGTest">
    <error type="org.json.simple.parser.ParseException">
      <![CDATA[Unexpected token END OF FILE at position 65536.
at org.json.simple.parser.JSONParser.parse(JSONParser.java:257)
at org.json.simple.parser.JSONParser.parse(JSONParser.java:92)
at stepdefs.reportdefinitions.appendafterjson(reportdefinitions.java:394)
]]>
    </error>
  </testcase> <!-- runScenario -->
  <system-out/>
  <testcase name="runScenario" time="0.022" classname="runner.RunTestNGTest">
    <error type="org.json.simple.parser.ParseException">
      <![CDATA[Unexpected token END OF FILE at position 65536.
at org.json.simple.parser.JSONParser.parse(JSONParser.java:257)
at org.json.simple.parser.JSONParser.parse(JSONParser.java:92)
at stepdefs.reportdefinitions.appendafterjson(reportdefinitions.java:394)
]]>
    </error>
  </testcase> <!-- runScenario -->
  <system-out/>
  <testcase name="runScenario" time="0.016" classname="runner.RunTestNGTest">
    <error type="org.json.simple.parser.ParseException">
      <![CDATA[Unexpected token END OF FILE at position 65536.
at org.json.simple.parser.JSONParser.parse(JSONParser.java:257)
at org.json.simple.parser.JSONParser.parse(JSONParser.java:92)
at stepdefs.reportdefinitions.appendafterjson(reportdefinitions.java:394)
]]>
    </error>
  </testcase> <!-- runScenario -->
  <system-out/>
  <testcase name="runScenario" time="0.018" classname="runner.RunTestNGTest">
    <error type="org.json.simple.parser.ParseException">
      <![CDATA[Unexpected token END OF FILE at position 65536.
at org.json.simple.parser.JSONParser.parse(JSONParser.java:257)
at org.json.simple.parser.JSONParser.parse(JSONParser.java:92)
at stepdefs.reportdefinitions.appendbeforerjson(reportdefinitions.java:142)
]]>
    </error>
  </testcase> <!-- runScenario -->
  <system-out/>
  <testcase name="runScenario" time="0.026" classname="runner.RunTestNGTest">
    <error type="org.json.simple.parser.ParseException">
      <![CDATA[Unexpected token END OF FILE at position 65536.
at org.json.simple.parser.JSONParser.parse(JSONParser.java:257)
at org.json.simple.parser.JSONParser.parse(JSONParser.java:92)
at stepdefs.reportdefinitions.appendbeforerjson(reportdefinitions.java:142)
]]>
    </error>
  </testcase> <!-- runScenario -->
  <system-out/>
  <testcase name="runScenario" time="0.036" classname="runner.RunTestNGTest">
    <error type="org.openqa.selenium.NoSuchSessionException" message="Session ID is null. Using WebDriver after calling quit()?
Build info: version: &#039;4.1.3&#039;, revision: &#039;7b1ebf28ef&#039;
System info: host: &#039;EC2AMAZ-C4MGU7T&#039;, ip: &#039;172.28.16.1&#039;, os.name: &#039;Windows Server 2019&#039;, os.arch: &#039;amd64&#039;, os.version: &#039;10.0&#039;, java.version: &#039;1.8.0_333&#039;
Driver info: org.openqa.selenium.firefox.FirefoxDriver
Command: [null, screenshot {}]
Capabilities {acceptInsecureCerts: true, browserName: firefox, browserVersion: 101.0.1, javascriptEnabled: true, moz:accessibilityChecks: false, moz:buildID: 20220608170832, moz:debuggerAddress: localhost:51876, moz:geckodriverVersion: 0.31.0, moz:headless: false, moz:processID: 11020, moz:profile: C:\Users\ADMINI~1\AppData\L..., moz:shutdownTimeout: 60000, moz:useNonSpecCompliantPointerOrigin: false, moz:webdriverClick: true, pageLoadStrategy: normal, platform: WINDOWS, platformName: WINDOWS, platformVersion: 10.0, proxy: Proxy(), se:cdp: ws://localhost:51876/devtoo..., se:cdpVersion: 85.0, setWindowRect: true, strictFileInteractability: false, timeouts: {implicit: 0, pageLoad: 300000, script: 30000}, unhandledPromptBehavior: dismiss and notify}">
      <![CDATA[org.openqa.selenium.NoSuchSessionException: Session ID is null. Using WebDriver after calling quit()?
Build info: version: '4.1.3', revision: '7b1ebf28ef'
System info: host: 'EC2AMAZ-C4MGU7T', ip: '172.28.16.1', os.name: 'Windows Server 2019', os.arch: 'amd64', os.version: '10.0', java.version: '1.8.0_333'
Driver info: org.openqa.selenium.firefox.FirefoxDriver
Command: [null, screenshot {}]
Capabilities {acceptInsecureCerts: true, browserName: firefox, browserVersion: 101.0.1, javascriptEnabled: true, moz:accessibilityChecks: false, moz:buildID: 20220608170832, moz:debuggerAddress: localhost:51876, moz:geckodriverVersion: 0.31.0, moz:headless: false, moz:processID: 11020, moz:profile: C:\Users\ADMINI~1\AppData\L..., moz:shutdownTimeout: 60000, moz:useNonSpecCompliantPointerOrigin: false, moz:webdriverClick: true, pageLoadStrategy: normal, platform: WINDOWS, platformName: WINDOWS, platformVersion: 10.0, proxy: Proxy(), se:cdp: ws://localhost:51876/devtoo..., se:cdpVersion: 85.0, setWindowRect: true, strictFileInteractability: false, timeouts: {implicit: 0, pageLoad: 300000, script: 30000}, unhandledPromptBehavior: dismiss and notify}
at org.openqa.selenium.remote.HttpCommandExecutor.execute(HttpCommandExecutor.java:145)
at org.openqa.selenium.remote.service.DriverCommandExecutor.invokeExecute(DriverCommandExecutor.java:167)
at org.openqa.selenium.remote.service.DriverCommandExecutor.execute(DriverCommandExecutor.java:142)
at org.openqa.selenium.remote.RemoteWebDriver.execute(RemoteWebDriver.java:567)
at org.openqa.selenium.remote.RemoteWebDriver.execute(RemoteWebDriver.java:622)
at org.openqa.selenium.remote.RemoteWebDriver.execute(RemoteWebDriver.java:626)
at org.openqa.selenium.remote.RemoteWebDriver.getScreenshotAs(RemoteWebDriver.java:351)
at stepdefs.reportdefinitions.doSomethingAfterStep(reportdefinitions.java:615)
]]>
    </error>
  </testcase> <!-- runScenario -->
  <system-out/>
  <testcase name="runScenario" time="0.018" classname="runner.RunTestNGTest">
    <error type="org.json.simple.parser.ParseException">
      <![CDATA[Unexpected token END OF FILE at position 65536.
at org.json.simple.parser.JSONParser.parse(JSONParser.java:257)
at org.json.simple.parser.JSONParser.parse(JSONParser.java:92)
at stepdefs.reportdefinitions.appendafterjson(reportdefinitions.java:394)
]]>
    </error>
  </testcase> <!-- runScenario -->
  <system-out/>
  <testcase name="runScenario" time="0.021" classname="runner.RunTestNGTest">
    <error type="org.json.simple.parser.ParseException">
      <![CDATA[Unexpected token END OF FILE at position 65536.
at org.json.simple.parser.JSONParser.parse(JSONParser.java:257)
at org.json.simple.parser.JSONParser.parse(JSONParser.java:92)
at stepdefs.reportdefinitions.appendbeforerjson(reportdefinitions.java:142)
]]>
    </error>
  </testcase> <!-- runScenario -->
  <system-out/>
  <testcase name="runScenario" time="7.442" classname="runner.RunTestNGTest"/>
  <system-out/>
  <testcase name="runScenario" time="0.015" classname="runner.RunTestNGTest">
    <error type="org.json.simple.parser.ParseException">
      <![CDATA[Unexpected token END OF FILE at position 65536.
at org.json.simple.parser.JSONParser.parse(JSONParser.java:257)
at org.json.simple.parser.JSONParser.parse(JSONParser.java:92)
at stepdefs.reportdefinitions.appendafterjson(reportdefinitions.java:394)
]]>
    </error>
  </testcase> <!-- runScenario -->
  <system-out/>
  <testcase name="runScenario" time="0.017" classname="runner.RunTestNGTest">
    <skipped/>
  </testcase> <!-- runScenario -->
  <system-out/>
  <testcase name="runScenario" time="0.019" classname="runner.RunTestNGTest">
    <error type="org.json.simple.parser.ParseException">
      <![CDATA[Unexpected token END OF FILE at position 65536.
at org.json.simple.parser.JSONParser.parse(JSONParser.java:257)
at org.json.simple.parser.JSONParser.parse(JSONParser.java:92)
at stepdefs.reportdefinitions.appendafterjson(reportdefinitions.java:394)
]]>
    </error>
  </testcase> <!-- runScenario -->
  <system-out/>
  <testcase name="runScenario" time="0.014" classname="runner.RunTestNGTest">
    <error type="org.json.simple.parser.ParseException">
      <![CDATA[Unexpected token END OF FILE at position 65536.
at org.json.simple.parser.JSONParser.parse(JSONParser.java:257)
at org.json.simple.parser.JSONParser.parse(JSONParser.java:92)
at stepdefs.reportdefinitions.appendafterjson(reportdefinitions.java:394)
]]>
    </error>
  </testcase> <!-- runScenario -->
  <system-out/>
  <testcase name="runScenario" time="10.031" classname="runner.RunTestNGTest">
    <failure type="java.lang.AssertionError" message="expected [true] but found [false]">
      <![CDATA[java.lang.AssertionError: expected [true] but found [false]
at org.testng.Assert.fail(Assert.java:97)
at org.testng.Assert.failNotEquals(Assert.java:969)
at org.testng.Assert.assertTrue(Assert.java:43)
at org.testng.Assert.assertTrue(Assert.java:53)
at stepdefs.PLPStepDefinition.select_random_size_from_PLP(PLPStepDefinition.java:881)
at ?.user selects randon size for the product(file:///C:/Users/Administrator/eclipse-workspace/TFGHobbs/src/test/resources/features/GuestCustomer_NoFilters_PayByCard_UK.feature:25)
]]>
    </failure>
  </testcase> <!-- runScenario -->
  <system-out/>
  <testcase name="runScenario" time="0.040" classname="runner.RunTestNGTest">
    <failure type="java.lang.AssertionError" message="expected [true] but found [false]">
      <![CDATA[java.lang.AssertionError: expected [true] but found [false]
at org.testng.Assert.fail(Assert.java:97)
at org.testng.Assert.failNotEquals(Assert.java:969)
at org.testng.Assert.assertTrue(Assert.java:43)
at org.testng.Assert.assertTrue(Assert.java:53)
at stepdefs.CheckoutLoginStepDefinition.user_enters_a_valid_email_id_on_check_out_login_page(CheckoutLoginStepDefinition.java:304)
at ?.user enters a valid email id on checkout login page(file:///C:/Users/Administrator/eclipse-workspace/TFGHobbs/src/test/resources/features/GuestCustomer_PurchaseProduct_AccountCreation_UK.feature:40)
]]>
    </failure>
  </testcase> <!-- runScenario -->
  <system-out/>
  <testcase name="runScenario" time="0.021" classname="runner.RunTestNGTest">
    <error type="org.json.simple.parser.ParseException">
      <![CDATA[Unexpected token END OF FILE at position 65536.
at org.json.simple.parser.JSONParser.parse(JSONParser.java:257)
at org.json.simple.parser.JSONParser.parse(JSONParser.java:92)
at stepdefs.reportdefinitions.appendbeforerjson(reportdefinitions.java:142)
]]>
    </error>
  </testcase> <!-- runScenario -->
  <system-out/>
  <testcase name="runScenario" time="6.771" classname="runner.RunTestNGTest"/>
  <system-out/>
  <testcase name="runScenario" time="0.108" classname="runner.RunTestNGTest">
    <error type="org.json.simple.parser.ParseException">
      <![CDATA[Unexpected token END OF FILE at position 65536.
at org.json.simple.parser.JSONParser.parse(JSONParser.java:257)
at org.json.simple.parser.JSONParser.parse(JSONParser.java:92)
at stepdefs.reportdefinitions.appendbeforerjson(reportdefinitions.java:142)
]]>
    </error>
  </testcase> <!-- runScenario -->
  <system-out/>
  <testcase name="runScenario" time="0.045" classname="runner.RunTestNGTest">
    <error type="org.json.simple.parser.ParseException">
      <![CDATA[Unexpected token END OF FILE at position 65536.
at org.json.simple.parser.JSONParser.parse(JSONParser.java:257)
at org.json.simple.parser.JSONParser.parse(JSONParser.java:92)
at stepdefs.reportdefinitions.appendafterjson(reportdefinitions.java:394)
]]>
    </error>
  </testcase> <!-- runScenario -->
  <system-out/>
  <testcase name="runScenario" time="0.068" classname="runner.RunTestNGTest">
    <failure type="java.lang.AssertionError" message="expected [true] but found [false]">
      <![CDATA[java.lang.AssertionError: expected [true] but found [false]
at org.testng.Assert.fail(Assert.java:97)
at org.testng.Assert.failNotEquals(Assert.java:969)
at org.testng.Assert.assertTrue(Assert.java:43)
at org.testng.Assert.assertTrue(Assert.java:53)
at stepdefs.BasketStepDefinition.user_clicks_on_check_out_securely_button(BasketStepDefinition.java:57)
at ?.user clicks on check out securely button(file:///C:/Users/Administrator/eclipse-workspace/TFGHobbs/src/test/resources/features/GuestCustomer_NoFilters_PayByCard_UK.feature:35)
]]>
    </failure>
  </testcase> <!-- runScenario -->
  <system-out/>
  <testcase name="runScenario" time="0.016" classname="runner.RunTestNGTest">
    <error type="org.json.simple.parser.ParseException">
      <![CDATA[Unexpected token END OF FILE at position 65536.
at org.json.simple.parser.JSONParser.parse(JSONParser.java:257)
at org.json.simple.parser.JSONParser.parse(JSONParser.java:92)
at stepdefs.reportdefinitions.appendafterjson(reportdefinitions.java:394)
]]>
    </error>
  </testcase> <!-- runScenario -->
  <system-out/>
  <testcase name="runScenario" time="0.016" classname="runner.RunTestNGTest">
    <error type="org.json.simple.parser.ParseException">
      <![CDATA[Unexpected token END OF FILE at position 65536.
at org.json.simple.parser.JSONParser.parse(JSONParser.java:257)
at org.json.simple.parser.JSONParser.parse(JSONParser.java:92)
at stepdefs.reportdefinitions.appendafterjson(reportdefinitions.java:394)
]]>
    </error>
  </testcase> <!-- runScenario -->
  <system-out/>
  <testcase name="runScenario" time="1.045" classname="runner.RunTestNGTest">
    <failure type="java.lang.AssertionError" message="expected [true] but found [false]">
      <![CDATA[java.lang.AssertionError: expected [true] but found [false]
at org.testng.Assert.fail(Assert.java:97)
at org.testng.Assert.failNotEquals(Assert.java:969)
at org.testng.Assert.assertTrue(Assert.java:43)
at org.testng.Assert.assertTrue(Assert.java:53)
at stepdefs.PDPStepDefinition.user_clicks_on_view_bag(PDPStepDefinition.java:159)
at ?.user clicks on view bag(file:///C:/Users/Administrator/eclipse-workspace/TFGHobbs/src/test/resources/features/GuestCustomer_NoFilters_PayByCard_UK.feature:30)
]]>
    </failure>
  </testcase> <!-- runScenario -->
  <system-out/>
  <testcase name="runScenario" time="6.036" classname="runner.RunTestNGTest"/>
  <system-out/>
  <testcase name="runScenario" time="8.708" classname="runner.RunTestNGTest"/>
  <system-out/>
  <testcase name="runScenario" time="0.015" classname="runner.RunTestNGTest">
    <error type="org.json.simple.parser.ParseException">
      <![CDATA[Unexpected token END OF FILE at position 65536.
at org.json.simple.parser.JSONParser.parse(JSONParser.java:257)
at org.json.simple.parser.JSONParser.parse(JSONParser.java:92)
at stepdefs.reportdefinitions.appendafterjson(reportdefinitions.java:394)
]]>
    </error>
  </testcase> <!-- runScenario -->
  <system-out/>
  <testcase name="runScenario" time="0.031" classname="runner.RunTestNGTest">
    <error type="org.json.simple.parser.ParseException">
      <![CDATA[Unexpected token END OF FILE at position 65536.
at org.json.simple.parser.JSONParser.parse(JSONParser.java:257)
at org.json.simple.parser.JSONParser.parse(JSONParser.java:92)
at stepdefs.reportdefinitions.appendbeforerjson(reportdefinitions.java:142)
]]>
    </error>
  </testcase> <!-- runScenario -->
  <system-out/>
  <testcase name="runScenario" time="0.018" classname="runner.RunTestNGTest">
    <error type="org.json.simple.parser.ParseException">
      <![CDATA[Unexpected token END OF FILE at position 65536.
at org.json.simple.parser.JSONParser.parse(JSONParser.java:257)
at org.json.simple.parser.JSONParser.parse(JSONParser.java:92)
at stepdefs.reportdefinitions.appendafterjson(reportdefinitions.java:394)
]]>
    </error>
  </testcase> <!-- runScenario -->
  <system-out/>
  <testcase name="runScenario" time="0.023" classname="runner.RunTestNGTest">
    <error type="org.json.simple.parser.ParseException">
      <![CDATA[Unexpected token END OF FILE at position 65536.
at org.json.simple.parser.JSONParser.parse(JSONParser.java:257)
at org.json.simple.parser.JSONParser.parse(JSONParser.java:92)
at stepdefs.reportdefinitions.appendbeforerjson(reportdefinitions.java:142)
]]>
    </error>
  </testcase> <!-- runScenario -->
  <system-out/>
  <testcase name="runScenario" time="0.021" classname="runner.RunTestNGTest">
    <skipped/>
  </testcase> <!-- runScenario -->
  <system-out/>
  <testcase name="runScenario" time="0.018" classname="runner.RunTestNGTest">
    <error type="org.json.simple.parser.ParseException">
      <![CDATA[Unexpected token END OF FILE at position 65536.
at org.json.simple.parser.JSONParser.parse(JSONParser.java:257)
at org.json.simple.parser.JSONParser.parse(JSONParser.java:92)
at stepdefs.reportdefinitions.appendafterjson(reportdefinitions.java:394)
]]>
    </error>
  </testcase> <!-- runScenario -->
  <system-out/>
  <testcase name="runScenario" time="0.019" classname="runner.RunTestNGTest">
    <error type="org.json.simple.parser.ParseException">
      <![CDATA[Unexpected token END OF FILE at position 65536.
at org.json.simple.parser.JSONParser.parse(JSONParser.java:257)
at org.json.simple.parser.JSONParser.parse(JSONParser.java:92)
at stepdefs.reportdefinitions.appendafterjson(reportdefinitions.java:394)
]]>
    </error>
  </testcase> <!-- runScenario -->
  <system-out/>
  <testcase name="runScenario" time="0.017" classname="runner.RunTestNGTest">
    <error type="org.json.simple.parser.ParseException">
      <![CDATA[Unexpected token END OF FILE at position 65536.
at org.json.simple.parser.JSONParser.parse(JSONParser.java:257)
at org.json.simple.parser.JSONParser.parse(JSONParser.java:92)
at stepdefs.reportdefinitions.appendbeforerjson(reportdefinitions.java:142)
]]>
    </error>
  </testcase> <!-- runScenario -->
  <system-out/>
  <testcase name="runScenario" time="0.017" classname="runner.RunTestNGTest">
    <error type="org.json.simple.parser.ParseException">
      <![CDATA[Unexpected token END OF FILE at position 65536.
at org.json.simple.parser.JSONParser.parse(JSONParser.java:257)
at org.json.simple.parser.JSONParser.parse(JSONParser.java:92)
at stepdefs.reportdefinitions.appendafterjson(reportdefinitions.java:394)
]]>
    </error>
  </testcase> <!-- runScenario -->
  <system-out/>
  <testcase name="runScenario" time="0.017" classname="runner.RunTestNGTest">
    <error type="org.json.simple.parser.ParseException">
      <![CDATA[Unexpected token END OF FILE at position 65536.
at org.json.simple.parser.JSONParser.parse(JSONParser.java:257)
at org.json.simple.parser.JSONParser.parse(JSONParser.java:92)
at stepdefs.reportdefinitions.appendafterjson(reportdefinitions.java:394)
]]>
    </error>
  </testcase> <!-- runScenario -->
  <system-out/>
  <testcase name="runScenario" time="0.016" classname="runner.RunTestNGTest">
    <error type="org.json.simple.parser.ParseException">
      <![CDATA[Unexpected token END OF FILE at position 65536.
at org.json.simple.parser.JSONParser.parse(JSONParser.java:257)
at org.json.simple.parser.JSONParser.parse(JSONParser.java:92)
at stepdefs.reportdefinitions.appendafterjson(reportdefinitions.java:394)
]]>
    </error>
  </testcase> <!-- runScenario -->
  <system-out/>
  <testcase name="runScenario" time="9.638" classname="runner.RunTestNGTest"/>
  <system-out/>
  <testcase name="runScenario" time="0.017" classname="runner.RunTestNGTest">
    <error type="org.json.simple.parser.ParseException">
      <![CDATA[Unexpected token END OF FILE at position 65536.
at org.json.simple.parser.JSONParser.parse(JSONParser.java:257)
at org.json.simple.parser.JSONParser.parse(JSONParser.java:92)
at stepdefs.reportdefinitions.appendafterjson(reportdefinitions.java:394)
]]>
    </error>
  </testcase> <!-- runScenario -->
  <system-out/>
  <testcase name="runScenario" time="0.038" classname="runner.RunTestNGTest">
    <error type="org.json.simple.parser.ParseException">
      <![CDATA[Unexpected token END OF FILE at position 65536.
at org.json.simple.parser.JSONParser.parse(JSONParser.java:257)
at org.json.simple.parser.JSONParser.parse(JSONParser.java:92)
at stepdefs.reportdefinitions.appendbeforerjson(reportdefinitions.java:142)
]]>
    </error>
  </testcase> <!-- runScenario -->
  <system-out/>
  <testcase name="runScenario" time="0.014" classname="runner.RunTestNGTest">
    <error type="org.json.simple.parser.ParseException">
      <![CDATA[Unexpected token END OF FILE at position 65536.
at org.json.simple.parser.JSONParser.parse(JSONParser.java:257)
at org.json.simple.parser.JSONParser.parse(JSONParser.java:92)
at stepdefs.reportdefinitions.appendafterjson(reportdefinitions.java:394)
]]>
    </error>
  </testcase> <!-- runScenario -->
  <system-out/>
  <testcase name="runScenario" time="0.016" classname="runner.RunTestNGTest">
    <error type="org.json.simple.parser.ParseException">
      <![CDATA[Unexpected token END OF FILE at position 65536.
at org.json.simple.parser.JSONParser.parse(JSONParser.java:257)
at org.json.simple.parser.JSONParser.parse(JSONParser.java:92)
at stepdefs.reportdefinitions.appendafterjson(reportdefinitions.java:394)
]]>
    </error>
  </testcase> <!-- runScenario -->
  <system-out/>
  <testcase name="runScenario" time="0.022" classname="runner.RunTestNGTest">
    <error type="org.json.simple.parser.ParseException">
      <![CDATA[Unexpected token END OF FILE at position 65536.
at org.json.simple.parser.JSONParser.parse(JSONParser.java:257)
at org.json.simple.parser.JSONParser.parse(JSONParser.java:92)
at stepdefs.reportdefinitions.appendafterjson(reportdefinitions.java:394)
]]>
    </error>
  </testcase> <!-- runScenario -->
  <system-out/>
  <testcase name="runScenario" time="0.018" classname="runner.RunTestNGTest">
    <error type="org.json.simple.parser.ParseException">
      <![CDATA[Unexpected token END OF FILE at position 65536.
at org.json.simple.parser.JSONParser.parse(JSONParser.java:257)
at org.json.simple.parser.JSONParser.parse(JSONParser.java:92)
at stepdefs.reportdefinitions.appendbeforerjson(reportdefinitions.java:142)
]]>
    </error>
  </testcase> <!-- runScenario -->
  <system-out/>
  <testcase name="runScenario" time="0.015" classname="runner.RunTestNGTest">
    <error type="org.json.simple.parser.ParseException">
      <![CDATA[Unexpected token END OF FILE at position 65536.
at org.json.simple.parser.JSONParser.parse(JSONParser.java:257)
at org.json.simple.parser.JSONParser.parse(JSONParser.java:92)
at stepdefs.reportdefinitions.appendafterjson(reportdefinitions.java:394)
]]>
    </error>
  </testcase> <!-- runScenario -->
  <system-out/>
  <testcase name="runScenario" time="0.015" classname="runner.RunTestNGTest">
    <error type="org.json.simple.parser.ParseException">
      <![CDATA[Unexpected token END OF FILE at position 65536.
at org.json.simple.parser.JSONParser.parse(JSONParser.java:257)
at org.json.simple.parser.JSONParser.parse(JSONParser.java:92)
at stepdefs.reportdefinitions.appendafterjson(reportdefinitions.java:394)
]]>
    </error>
  </testcase> <!-- runScenario -->
  <system-out/>
  <testcase name="runScenario" time="0.016" classname="runner.RunTestNGTest">
    <error type="org.json.simple.parser.ParseException">
      <![CDATA[Unexpected token END OF FILE at position 65536.
at org.json.simple.parser.JSONParser.parse(JSONParser.java:257)
at org.json.simple.parser.JSONParser.parse(JSONParser.java:92)
at stepdefs.reportdefinitions.appendbeforerjson(reportdefinitions.java:142)
]]>
    </error>
  </testcase> <!-- runScenario -->
  <system-out/>
  <testcase name="runScenario" time="0.020" classname="runner.RunTestNGTest">
    <error type="org.json.simple.parser.ParseException">
      <![CDATA[Unexpected token END OF FILE at position 65536.
at org.json.simple.parser.JSONParser.parse(JSONParser.java:257)
at org.json.simple.parser.JSONParser.parse(JSONParser.java:92)
at stepdefs.reportdefinitions.appendbeforerjson(reportdefinitions.java:142)
]]>
    </error>
  </testcase> <!-- runScenario -->
  <system-out/>
  <testcase name="runScenario" time="0.021" classname="runner.RunTestNGTest">
    <error type="org.json.simple.parser.ParseException">
      <![CDATA[Unexpected token END OF FILE at position 65536.
at org.json.simple.parser.JSONParser.parse(JSONParser.java:257)
at org.json.simple.parser.JSONParser.parse(JSONParser.java:92)
at stepdefs.reportdefinitions.appendbeforerjson(reportdefinitions.java:142)
]]>
    </error>
  </testcase> <!-- runScenario -->
  <system-out/>
  <testcase name="runScenario" time="0.015" classname="runner.RunTestNGTest">
    <error type="org.json.simple.parser.ParseException">
      <![CDATA[Unexpected token END OF FILE at position 65536.
at org.json.simple.parser.JSONParser.parse(JSONParser.java:257)
at org.json.simple.parser.JSONParser.parse(JSONParser.java:92)
at stepdefs.reportdefinitions.appendafterjson(reportdefinitions.java:394)
]]>
    </error>
  </testcase> <!-- runScenario -->
  <system-out/>
  <testcase name="runScenario" time="0.022" classname="runner.RunTestNGTest">
    <error type="org.json.simple.parser.ParseException">
      <![CDATA[Unexpected token END OF FILE at position 65536.
at org.json.simple.parser.JSONParser.parse(JSONParser.java:257)
at org.json.simple.parser.JSONParser.parse(JSONParser.java:92)
at stepdefs.reportdefinitions.appendafterjson(reportdefinitions.java:394)
]]>
    </error>
  </testcase> <!-- runScenario -->
  <system-out/>
  <testcase name="runScenario" time="0.015" classname="runner.RunTestNGTest">
    <error type="org.json.simple.parser.ParseException">
      <![CDATA[Unexpected token END OF FILE at position 65536.
at org.json.simple.parser.JSONParser.parse(JSONParser.java:257)
at org.json.simple.parser.JSONParser.parse(JSONParser.java:92)
at stepdefs.reportdefinitions.appendafterjson(reportdefinitions.java:394)
]]>
    </error>
  </testcase> <!-- runScenario -->
  <system-out/>
  <testcase name="runScenario" time="0.036" classname="runner.RunTestNGTest">
    <error type="org.json.simple.parser.ParseException">
      <![CDATA[Unexpected token END OF FILE at position 65536.
at org.json.simple.parser.JSONParser.parse(JSONParser.java:257)
at org.json.simple.parser.JSONParser.parse(JSONParser.java:92)
at stepdefs.reportdefinitions.appendbeforerjson(reportdefinitions.java:142)
]]>
    </error>
  </testcase> <!-- runScenario -->
  <system-out/>
  <testcase name="runScenario" time="0.040" classname="runner.RunTestNGTest">
    <failure type="java.lang.AssertionError" message="expected [true] but found [false]">
      <![CDATA[java.lang.AssertionError: expected [true] but found [false]
at org.testng.Assert.fail(Assert.java:97)
at org.testng.Assert.failNotEquals(Assert.java:969)
at org.testng.Assert.assertTrue(Assert.java:43)
at org.testng.Assert.assertTrue(Assert.java:53)
at stepdefs.CheckoutLoginStepDefinition.user_enters_an_email_id_on_check_out_login_page(CheckoutLoginStepDefinition.java:91)
at ?.user enters an <EmailID> on check out login page(file:///C:/Users/Administrator/eclipse-workspace/TFGHobbs/src/test/resources/features/GuestCustomer_ApplyFilters_PayByGiftCard_UK.feature:61)
]]>
    </failure>
  </testcase> <!-- runScenario -->
  <system-out/>
  <testcase name="runScenario" time="0.066" classname="runner.RunTestNGTest">
    <failure type="java.lang.AssertionError" message="expected [true] but found [false]">
      <![CDATA[java.lang.AssertionError: expected [true] but found [false]
at org.testng.Assert.fail(Assert.java:97)
at org.testng.Assert.failNotEquals(Assert.java:969)
at org.testng.Assert.assertTrue(Assert.java:43)
at org.testng.Assert.assertTrue(Assert.java:53)
at stepdefs.BasketStepDefinition.user_selects_size_from_the_size_dropdown(BasketStepDefinition.java:157)
at ?.user selects size from the size dropdown(file:///C:/Users/Administrator/eclipse-workspace/TFGHobbs/src/test/resources/features/BasketUpdateAndValidation_ApplyPromocode_UK.feature:40)
]]>
    </failure>
  </testcase> <!-- runScenario -->
  <system-out/>
  <testcase name="runScenario" time="0.021" classname="runner.RunTestNGTest">
    <error type="org.json.simple.parser.ParseException">
      <![CDATA[Unexpected token END OF FILE at position 65536.
at org.json.simple.parser.JSONParser.parse(JSONParser.java:257)
at org.json.simple.parser.JSONParser.parse(JSONParser.java:92)
at stepdefs.reportdefinitions.appendbeforerjson(reportdefinitions.java:142)
]]>
    </error>
  </testcase> <!-- runScenario -->
  <system-out/>
  <testcase name="runScenario" time="13.984" classname="runner.RunTestNGTest"/>
  <system-out/>
  <testcase name="runScenario" time="0.015" classname="runner.RunTestNGTest">
    <error type="org.json.simple.parser.ParseException">
      <![CDATA[Unexpected token END OF FILE at position 65536.
at org.json.simple.parser.JSONParser.parse(JSONParser.java:257)
at org.json.simple.parser.JSONParser.parse(JSONParser.java:92)
at stepdefs.reportdefinitions.appendafterjson(reportdefinitions.java:394)
]]>
    </error>
  </testcase> <!-- runScenario -->
  <system-out/>
  <testcase name="runScenario" time="0.017" classname="runner.RunTestNGTest">
    <skipped/>
  </testcase> <!-- runScenario -->
  <system-out/>
  <testcase name="runScenario" time="44.661" classname="runner.RunTestNGTest">
    <failure type="java.lang.AssertionError" message="expected [true] but found [false]">
      <![CDATA[java.lang.AssertionError: expected [true] but found [false]
at org.testng.Assert.fail(Assert.java:97)
at org.testng.Assert.failNotEquals(Assert.java:969)
at org.testng.Assert.assertTrue(Assert.java:43)
at org.testng.Assert.assertTrue(Assert.java:53)
at stepdefs.PDPStepDefinition.user_clicks_on_view_bag(PDPStepDefinition.java:159)
at ?.user clicks on view bag(file:///C:/Users/Administrator/eclipse-workspace/TFGHobbs/src/test/resources/features/BasketUpdateAndValidation_ApplyPromocode_UK.feature:30)
]]>
    </failure>
  </testcase> <!-- runScenario -->
  <system-out/>
  <testcase name="runScenario" time="0.024" classname="runner.RunTestNGTest">
    <error type="org.json.simple.parser.ParseException">
      <![CDATA[Unexpected token END OF FILE at position 65536.
at org.json.simple.parser.JSONParser.parse(JSONParser.java:257)
at org.json.simple.parser.JSONParser.parse(JSONParser.java:92)
at stepdefs.reportdefinitions.appendbeforerjson(reportdefinitions.java:142)
]]>
    </error>
  </testcase> <!-- runScenario -->
  <system-out/>
  <testcase name="runScenario" time="0.034" classname="runner.RunTestNGTest">
    <error type="org.json.simple.parser.ParseException">
      <![CDATA[Unexpected token END OF FILE at position 65536.
at org.json.simple.parser.JSONParser.parse(JSONParser.java:257)
at org.json.simple.parser.JSONParser.parse(JSONParser.java:92)
at stepdefs.reportdefinitions.appendafterjson(reportdefinitions.java:394)
]]>
    </error>
  </testcase> <!-- runScenario -->
  <system-out/>
  <testcase name="runScenario" time="0.026" classname="runner.RunTestNGTest">
    <error type="org.json.simple.parser.ParseException">
      <![CDATA[Unexpected token END OF FILE at position 65536.
at org.json.simple.parser.JSONParser.parse(JSONParser.java:257)
at org.json.simple.parser.JSONParser.parse(JSONParser.java:92)
at stepdefs.reportdefinitions.appendbeforerjson(reportdefinitions.java:142)
]]>
    </error>
  </testcase> <!-- runScenario -->
  <system-out/>
  <testcase name="runScenario" time="0.080" classname="runner.RunTestNGTest">
    <failure type="java.lang.AssertionError" message="expected [true] but found [false]">
      <![CDATA[java.lang.AssertionError: expected [true] but found [false]
at org.testng.Assert.fail(Assert.java:97)
at org.testng.Assert.failNotEquals(Assert.java:969)
at org.testng.Assert.assertTrue(Assert.java:43)
at org.testng.Assert.assertTrue(Assert.java:53)
at stepdefs.HomePageStepDefinition.user_clicks_on_sub_category_from_main_category_category(HomePageStepDefinition.java:286)
at ?.user clicks on <SubCategory> from <MainCategory> category(file:///C:/Users/Administrator/eclipse-workspace/TFGHobbs/src/test/resources/features/GuestCustomer_ViewRemoveWishlist_AddToBagFromWishlist_UK.feature:69)
]]>
    </failure>
  </testcase> <!-- runScenario -->
  <system-out/>
  <testcase name="runScenario" time="0.045" classname="runner.RunTestNGTest">
    <error type="org.json.simple.parser.ParseException">
      <![CDATA[Unexpected token END OF FILE at position 65536.
at org.json.simple.parser.JSONParser.parse(JSONParser.java:257)
at org.json.simple.parser.JSONParser.parse(JSONParser.java:92)
at stepdefs.reportdefinitions.appendbeforerjson(reportdefinitions.java:142)
]]>
    </error>
  </testcase> <!-- runScenario -->
  <system-out/>
  <testcase name="runScenario" time="1.043" classname="runner.RunTestNGTest">
    <failure type="java.lang.AssertionError" message="expected [true] but found [false]">
      <![CDATA[java.lang.AssertionError: expected [true] but found [false]
at org.testng.Assert.fail(Assert.java:97)
at org.testng.Assert.failNotEquals(Assert.java:969)
at org.testng.Assert.assertTrue(Assert.java:43)
at org.testng.Assert.assertTrue(Assert.java:53)
at stepdefs.PDPStepDefinition.user_clicks_on_view_bag(PDPStepDefinition.java:159)
at ?.user clicks on view bag(file:///C:/Users/Administrator/eclipse-workspace/TFGHobbs/src/test/resources/features/GuestCustomer_PurchaseProduct_AccountCreation_UK.feature:30)
]]>
    </failure>
  </testcase> <!-- runScenario -->
  <system-out/>
  <testcase name="runScenario" time="0.022" classname="runner.RunTestNGTest">
    <error type="org.json.simple.parser.ParseException">
      <![CDATA[Unexpected token END OF FILE at position 65536.
at org.json.simple.parser.JSONParser.parse(JSONParser.java:257)
at org.json.simple.parser.JSONParser.parse(JSONParser.java:92)
at stepdefs.reportdefinitions.appendbeforerjson(reportdefinitions.java:142)
]]>
    </error>
  </testcase> <!-- runScenario -->
  <system-out/>
  <testcase name="runScenario" time="10.115" classname="runner.RunTestNGTest"/>
  <system-out/>
  <testcase name="runScenario" time="0.016" classname="runner.RunTestNGTest">
    <error type="org.json.simple.parser.ParseException">
      <![CDATA[Unexpected token END OF FILE at position 65536.
at org.json.simple.parser.JSONParser.parse(JSONParser.java:257)
at org.json.simple.parser.JSONParser.parse(JSONParser.java:92)
at stepdefs.reportdefinitions.appendbeforerjson(reportdefinitions.java:142)
]]>
    </error>
  </testcase> <!-- runScenario -->
  <system-out/>
  <testcase name="runScenario" time="24.810" classname="runner.RunTestNGTest"/>
  <system-out/>
  <testcase name="runScenario" time="0.022" classname="runner.RunTestNGTest">
    <skipped/>
  </testcase> <!-- runScenario -->
  <system-out/>
  <testcase name="runScenario" time="0.019" classname="runner.RunTestNGTest">
    <error type="org.json.simple.parser.ParseException">
      <![CDATA[Unexpected token END OF FILE at position 65536.
at org.json.simple.parser.JSONParser.parse(JSONParser.java:257)
at org.json.simple.parser.JSONParser.parse(JSONParser.java:92)
at stepdefs.reportdefinitions.appendafterjson(reportdefinitions.java:394)
]]>
    </error>
  </testcase> <!-- runScenario -->
  <system-out/>
  <testcase name="runScenario" time="0.037" classname="runner.RunTestNGTest">
    <error type="org.json.simple.parser.ParseException">
      <![CDATA[Unexpected token END OF FILE at position 65536.
at org.json.simple.parser.JSONParser.parse(JSONParser.java:257)
at org.json.simple.parser.JSONParser.parse(JSONParser.java:92)
at stepdefs.reportdefinitions.appendbeforerjson(reportdefinitions.java:142)
]]>
    </error>
  </testcase> <!-- runScenario -->
  <system-out/>
  <testcase name="runScenario" time="0.026" classname="runner.RunTestNGTest">
    <error type="org.json.simple.parser.ParseException">
      <![CDATA[Unexpected token END OF FILE at position 65536.
at org.json.simple.parser.JSONParser.parse(JSONParser.java:257)
at org.json.simple.parser.JSONParser.parse(JSONParser.java:92)
at stepdefs.reportdefinitions.appendafterjson(reportdefinitions.java:394)
]]>
    </error>
  </testcase> <!-- runScenario -->
  <system-out/>
  <testcase name="runScenario" time="0.018" classname="runner.RunTestNGTest">
    <error type="org.json.simple.parser.ParseException">
      <![CDATA[Unexpected token END OF FILE at position 65536.
at org.json.simple.parser.JSONParser.parse(JSONParser.java:257)
at org.json.simple.parser.JSONParser.parse(JSONParser.java:92)
at stepdefs.reportdefinitions.appendafterjson(reportdefinitions.java:394)
]]>
    </error>
  </testcase> <!-- runScenario -->
  <system-out/>
  <testcase name="runScenario" time="0.017" classname="runner.RunTestNGTest">
    <skipped/>
  </testcase> <!-- runScenario -->
  <system-out/>
  <testcase name="runScenario" time="1.029" classname="runner.RunTestNGTest">
    <failure type="java.lang.AssertionError" message="expected [true] but found [false]">
      <![CDATA[java.lang.AssertionError: expected [true] but found [false]
at org.testng.Assert.fail(Assert.java:97)
at org.testng.Assert.failNotEquals(Assert.java:969)
at org.testng.Assert.assertTrue(Assert.java:43)
at org.testng.Assert.assertTrue(Assert.java:53)
at stepdefs.PDPStepDefinition.user_clicks_on_view_bag(PDPStepDefinition.java:159)
at ?.user clicks on view bag(file:///C:/Users/Administrator/eclipse-workspace/TFGHobbs/src/test/resources/features/GuestCustomer_ApplyFilters_PayByGiftCard_UK.feature:51)
]]>
    </failure>
  </testcase> <!-- runScenario -->
  <system-out/>
  <testcase name="runScenario" time="0.220" classname="runner.RunTestNGTest">
    <error type="org.json.simple.parser.ParseException">
      <![CDATA[Unexpected token END OF FILE at position 65536.
at org.json.simple.parser.JSONParser.parse(JSONParser.java:257)
at org.json.simple.parser.JSONParser.parse(JSONParser.java:92)
at stepdefs.reportdefinitions.appendbeforerjson(reportdefinitions.java:142)
]]>
    </error>
  </testcase> <!-- runScenario -->
  <system-out/>
  <testcase name="runScenario" time="0.019" classname="runner.RunTestNGTest">
    <error type="org.json.simple.parser.ParseException">
      <![CDATA[Unexpected token END OF FILE at position 65536.
at org.json.simple.parser.JSONParser.parse(JSONParser.java:257)
at org.json.simple.parser.JSONParser.parse(JSONParser.java:92)
at stepdefs.reportdefinitions.appendbeforerjson(reportdefinitions.java:142)
]]>
    </error>
  </testcase> <!-- runScenario -->
  <system-out/>
  <testcase name="runScenario" time="0.017" classname="runner.RunTestNGTest">
    <error type="org.json.simple.parser.ParseException">
      <![CDATA[Unexpected token END OF FILE at position 65536.
at org.json.simple.parser.JSONParser.parse(JSONParser.java:257)
at org.json.simple.parser.JSONParser.parse(JSONParser.java:92)
at stepdefs.reportdefinitions.appendafterjson(reportdefinitions.java:394)
]]>
    </error>
  </testcase> <!-- runScenario -->
  <system-out/>
  <testcase name="runScenario" time="1.051" classname="runner.RunTestNGTest">
    <failure type="java.lang.AssertionError" message="expected [true] but found [false]">
      <![CDATA[java.lang.AssertionError: expected [true] but found [false]
at org.testng.Assert.fail(Assert.java:97)
at org.testng.Assert.failNotEquals(Assert.java:969)
at org.testng.Assert.assertTrue(Assert.java:43)
at org.testng.Assert.assertTrue(Assert.java:53)
at stepdefs.BasketStepDefinition.user_enters_invalid_promocode(BasketStepDefinition.java:292)
at ?.user enters invalid promocode(file:///C:/Users/Administrator/eclipse-workspace/TFGHobbs/src/test/resources/features/BasketUpdateAndValidation_ApplyPromocode_UK.feature:87)
]]>
    </failure>
  </testcase> <!-- runScenario -->
  <system-out/>
  <testcase name="runScenario" time="0.027" classname="runner.RunTestNGTest">
    <error type="org.json.simple.parser.ParseException">
      <![CDATA[Unexpected token END OF FILE at position 65536.
at org.json.simple.parser.JSONParser.parse(JSONParser.java:257)
at org.json.simple.parser.JSONParser.parse(JSONParser.java:92)
at stepdefs.reportdefinitions.appendbeforerjson(reportdefinitions.java:142)
]]>
    </error>
  </testcase> <!-- runScenario -->
  <system-out/>
  <testcase name="runScenario" time="10.906" classname="runner.RunTestNGTest"/>
  <system-out/>
  <testcase name="runScenario" time="0.023" classname="runner.RunTestNGTest">
    <error type="org.json.simple.parser.ParseException">
      <![CDATA[Unexpected token END OF FILE at position 65536.
at org.json.simple.parser.JSONParser.parse(JSONParser.java:257)
at org.json.simple.parser.JSONParser.parse(JSONParser.java:92)
at stepdefs.reportdefinitions.appendbeforerjson(reportdefinitions.java:142)
]]>
    </error>
  </testcase> <!-- runScenario -->
  <system-out/>
  <testcase name="runScenario" time="0.030" classname="runner.RunTestNGTest">
    <error type="org.json.simple.parser.ParseException">
      <![CDATA[Unexpected token END OF FILE at position 65536.
at org.json.simple.parser.JSONParser.parse(JSONParser.java:257)
at org.json.simple.parser.JSONParser.parse(JSONParser.java:92)
at stepdefs.reportdefinitions.appendbeforerjson(reportdefinitions.java:142)
]]>
    </error>
  </testcase> <!-- runScenario -->
  <system-out/>
  <testcase name="runScenario" time="0.029" classname="runner.RunTestNGTest">
    <error type="org.json.simple.parser.ParseException">
      <![CDATA[Unexpected token END OF FILE at position 65536.
at org.json.simple.parser.JSONParser.parse(JSONParser.java:257)
at org.json.simple.parser.JSONParser.parse(JSONParser.java:92)
at stepdefs.reportdefinitions.appendafterjson(reportdefinitions.java:394)
]]>
    </error>
  </testcase> <!-- runScenario -->
  <system-out/>
  <testcase name="runScenario" time="0.016" classname="runner.RunTestNGTest">
    <skipped/>
  </testcase> <!-- runScenario -->
  <system-out/>
  <testcase name="runScenario" time="0.023" classname="runner.RunTestNGTest">
    <error type="org.json.simple.parser.ParseException">
      <![CDATA[Unexpected token END OF FILE at position 65536.
at org.json.simple.parser.JSONParser.parse(JSONParser.java:257)
at org.json.simple.parser.JSONParser.parse(JSONParser.java:92)
at stepdefs.reportdefinitions.appendbeforerjson(reportdefinitions.java:142)
]]>
    </error>
  </testcase> <!-- runScenario -->
  <system-out/>
  <testcase name="runScenario" time="0.017" classname="runner.RunTestNGTest">
    <error type="org.json.simple.parser.ParseException">
      <![CDATA[Unexpected token END OF FILE at position 65536.
at org.json.simple.parser.JSONParser.parse(JSONParser.java:257)
at org.json.simple.parser.JSONParser.parse(JSONParser.java:92)
at stepdefs.reportdefinitions.appendafterjson(reportdefinitions.java:394)
]]>
    </error>
  </testcase> <!-- runScenario -->
  <system-out/>
  <testcase name="runScenario" time="0.015" classname="runner.RunTestNGTest">
    <error type="org.json.simple.parser.ParseException">
      <![CDATA[Unexpected token END OF FILE at position 65536.
at org.json.simple.parser.JSONParser.parse(JSONParser.java:257)
at org.json.simple.parser.JSONParser.parse(JSONParser.java:92)
at stepdefs.reportdefinitions.appendbeforerjson(reportdefinitions.java:142)
]]>
    </error>
  </testcase> <!-- runScenario -->
  <system-out/>
  <testcase name="runScenario" time="0.017" classname="runner.RunTestNGTest">
    <error type="org.json.simple.parser.ParseException">
      <![CDATA[Unexpected token END OF FILE at position 65536.
at org.json.simple.parser.JSONParser.parse(JSONParser.java:257)
at org.json.simple.parser.JSONParser.parse(JSONParser.java:92)
at stepdefs.reportdefinitions.appendafterjson(reportdefinitions.java:394)
]]>
    </error>
  </testcase> <!-- runScenario -->
  <system-out/>
  <testcase name="runScenario" time="0.033" classname="runner.RunTestNGTest">
    <error type="org.json.simple.parser.ParseException">
      <![CDATA[Unexpected token END OF FILE at position 65536.
at org.json.simple.parser.JSONParser.parse(JSONParser.java:257)
at org.json.simple.parser.JSONParser.parse(JSONParser.java:92)
at stepdefs.reportdefinitions.appendafterjson(reportdefinitions.java:394)
]]>
    </error>
  </testcase> <!-- runScenario -->
  <system-out/>
  <testcase name="runScenario" time="0.042" classname="runner.RunTestNGTest">
    <failure type="java.lang.AssertionError" message="expected [true] but found [false]">
      <![CDATA[java.lang.AssertionError: expected [true] but found [false]
at org.testng.Assert.fail(Assert.java:97)
at org.testng.Assert.failNotEquals(Assert.java:969)
at org.testng.Assert.assertTrue(Assert.java:43)
at org.testng.Assert.assertTrue(Assert.java:53)
at stepdefs.BasketStepDefinition.user_clicks_on_check_out_securely_button(BasketStepDefinition.java:57)
at ?.user clicks on check out securely button(file:///C:/Users/Administrator/eclipse-workspace/TFGHobbs/src/test/resources/features/GuestCustomer_PurchaseProduct_AccountCreation_UK.feature:35)
]]>
    </failure>
  </testcase> <!-- runScenario -->
  <system-out/>
  <testcase name="runScenario" time="0.050" classname="runner.RunTestNGTest">
    <error type="org.json.simple.parser.ParseException">
      <![CDATA[Unexpected token END OF FILE at position 65536.
at org.json.simple.parser.JSONParser.parse(JSONParser.java:257)
at org.json.simple.parser.JSONParser.parse(JSONParser.java:92)
at stepdefs.reportdefinitions.appendafterjson(reportdefinitions.java:394)
]]>
    </error>
  </testcase> <!-- runScenario -->
  <system-out/>
  <testcase name="runScenario" time="0.016" classname="runner.RunTestNGTest">
    <error type="org.json.simple.parser.ParseException">
      <![CDATA[Unexpected token END OF FILE at position 65536.
at org.json.simple.parser.JSONParser.parse(JSONParser.java:257)
at org.json.simple.parser.JSONParser.parse(JSONParser.java:92)
at stepdefs.reportdefinitions.appendbeforerjson(reportdefinitions.java:142)
]]>
    </error>
  </testcase> <!-- runScenario -->
  <system-out/>
  <testcase name="runScenario" time="0.122" classname="runner.RunTestNGTest">
    <error type="org.json.simple.parser.ParseException">
      <![CDATA[Unexpected token END OF FILE at position 65536.
at org.json.simple.parser.JSONParser.parse(JSONParser.java:257)
at org.json.simple.parser.JSONParser.parse(JSONParser.java:92)
at stepdefs.reportdefinitions.appendbeforerjson(reportdefinitions.java:142)
]]>
    </error>
  </testcase> <!-- runScenario -->
  <system-out/>
  <testcase name="runScenario" time="0.017" classname="runner.RunTestNGTest">
    <error type="org.json.simple.parser.ParseException">
      <![CDATA[Unexpected token END OF FILE at position 65536.
at org.json.simple.parser.JSONParser.parse(JSONParser.java:257)
at org.json.simple.parser.JSONParser.parse(JSONParser.java:92)
at stepdefs.reportdefinitions.appendbeforerjson(reportdefinitions.java:142)
]]>
    </error>
  </testcase> <!-- runScenario -->
  <system-out/>
  <testcase name="runScenario" time="0.016" classname="runner.RunTestNGTest">
    <error type="org.json.simple.parser.ParseException">
      <![CDATA[Unexpected token END OF FILE at position 65536.
at org.json.simple.parser.JSONParser.parse(JSONParser.java:257)
at org.json.simple.parser.JSONParser.parse(JSONParser.java:92)
at stepdefs.reportdefinitions.appendafterjson(reportdefinitions.java:394)
]]>
    </error>
  </testcase> <!-- runScenario -->
  <system-out/>
  <testcase name="runScenario" time="27.065" classname="runner.RunTestNGTest">
    <error type="org.openqa.selenium.WebDriverException" message="java.io.IOException: There is not enough space on the disk
Build info: version: &#039;4.1.3&#039;, revision: &#039;7b1ebf28ef&#039;
System info: host: &#039;EC2AMAZ-C4MGU7T&#039;, ip: &#039;172.28.16.1&#039;, os.name: &#039;Windows Server 2019&#039;, os.arch: &#039;amd64&#039;, os.version: &#039;10.0&#039;, java.version: &#039;1.8.0_333&#039;
Driver info: driver.version: RemoteWebDriver">
      <![CDATA[org.openqa.selenium.WebDriverException: java.io.IOException: There is not enough space on the disk
Build info: version: '4.1.3', revision: '7b1ebf28ef'
System info: host: 'EC2AMAZ-C4MGU7T', ip: '172.28.16.1', os.name: 'Windows Server 2019', os.arch: 'amd64', os.version: '10.0', java.version: '1.8.0_333'
Driver info: driver.version: RemoteWebDriver
at org.openqa.selenium.OutputType$3.save(OutputType.java:94)
at org.openqa.selenium.OutputType$3.convertFromBase64Png(OutputType.java:78)
at org.openqa.selenium.OutputType$3.convertFromBase64Png(OutputType.java:75)
at org.openqa.selenium.remote.RemoteWebDriver.getScreenshotAs(RemoteWebDriver.java:355)
at stepdefs.reportdefinitions.doSomethingAfterStep(reportdefinitions.java:615)
Caused by: java.io.IOException: There is not enough space on the disk
at sun.nio.ch.FileDispatcherImpl.write0(Native Method)
at sun.nio.ch.FileDispatcherImpl.write(Unknown Source)
at sun.nio.ch.IOUtil.writeFromNativeBuffer(Unknown Source)
at sun.nio.ch.IOUtil.write(Unknown Source)
at sun.nio.ch.FileChannelImpl.write(Unknown Source)
at java.nio.channels.Channels.writeFullyImpl(Unknown Source)
at java.nio.channels.Channels.writeFully(Unknown Source)
at java.nio.channels.Channels.access$000(Unknown Source)
at java.nio.channels.Channels$1.write(Unknown Source)
at java.nio.file.Files.write(Unknown Source)
at org.openqa.selenium.OutputType$3.save(OutputType.java:91)
at org.openqa.selenium.OutputType$3.convertFromBase64Png(OutputType.java:78)
at org.openqa.selenium.OutputType$3.convertFromBase64Png(OutputType.java:75)
at org.openqa.selenium.remote.RemoteWebDriver.getScreenshotAs(RemoteWebDriver.java:355)
at stepdefs.reportdefinitions.doSomethingAfterStep(reportdefinitions.java:615)
at sun.reflect.GeneratedMethodAccessor19.invoke(Unknown Source)
at sun.reflect.DelegatingMethodAccessorImpl.invoke(Unknown Source)
at java.lang.reflect.Method.invoke(Unknown Source)
at io.cucumber.java.Invoker.invoke(Invoker.java:27)
at io.cucumber.java.JavaHookDefinition.execute(JavaHookDefinition.java:61)
at io.cucumber.core.runner.CoreHookDefinition.execute(CoreHookDefinition.java:31)
at io.cucumber.core.runner.HookDefinitionMatch.runStep(HookDefinitionMatch.java:20)
at io.cucumber.core.runner.TestStep.executeStep(TestStep.java:64)
at io.cucumber.core.runner.TestStep.run(TestStep.java:49)
at io.cucumber.core.runner.PickleStepTestStep.run(PickleStepTestStep.java:49)
at io.cucumber.core.runner.TestCase.run(TestCase.java:51)
at io.cucumber.core.runner.Runner.runPickle(Runner.java:67)
at io.cucumber.testng.TestNGCucumberRunner.runScenario(TestNGCucumberRunner.java:124)
at io.cucumber.testng.AbstractTestNGCucumberTests.runScenario(AbstractTestNGCucumberTests.java:29)
at sun.reflect.GeneratedMethodAccessor30.invoke(Unknown Source)
at sun.reflect.DelegatingMethodAccessorImpl.invoke(Unknown Source)
at java.lang.reflect.Method.invoke(Unknown Source)
at org.testng.internal.MethodInvocationHelper.invokeMethod(MethodInvocationHelper.java:134)
at org.testng.internal.TestInvoker.invokeMethod(TestInvoker.java:597)
at org.testng.internal.TestInvoker.invokeTestMethod(TestInvoker.java:173)
at org.testng.internal.MethodRunner.runInSequence(MethodRunner.java:46)
at org.testng.internal.TestInvoker$MethodInvocationAgent.invoke(TestInvoker.java:816)
at org.testng.internal.TestInvoker.invokeTestMethods(TestInvoker.java:146)
at org.testng.internal.TestMethodWorker.invokeTestMethods(TestMethodWorker.java:146)
at org.testng.internal.TestMethodWorker.run(TestMethodWorker.java:128)
at java.util.ArrayList.forEach(Unknown Source)
at org.testng.TestRunner.privateRun(TestRunner.java:766)
at org.testng.TestRunner.run(TestRunner.java:587)
at org.testng.SuiteRunner.runTest(SuiteRunner.java:384)
at org.testng.SuiteRunner.runSequentially(SuiteRunner.java:378)
at org.testng.SuiteRunner.privateRun(SuiteRunner.java:337)
at org.testng.SuiteRunner.run(SuiteRunner.java:286)
at org.testng.SuiteRunnerWorker.runSuite(SuiteRunnerWorker.java:53)
at org.testng.SuiteRunnerWorker.run(SuiteRunnerWorker.java:96)
at org.testng.TestNG.runSuitesSequentially(TestNG.java:1187)
at org.testng.TestNG.runSuitesLocally(TestNG.java:1109)
at org.testng.TestNG.runSuites(TestNG.java:1039)
at org.testng.TestNG.run(TestNG.java:1007)
at org.testng.remote.AbstractRemoteTestNG.run(AbstractRemoteTestNG.java:115)
at org.testng.remote.RemoteTestNG.initAndRun(RemoteTestNG.java:251)
at org.testng.remote.RemoteTestNG.main(RemoteTestNG.java:77)
]]>
    </error>
  </testcase> <!-- runScenario -->
  <system-out/>
  <testcase name="runScenario" time="0.027" classname="runner.RunTestNGTest">
    <failure type="java.lang.AssertionError" message="expected [true] but found [false]">
      <![CDATA[java.lang.AssertionError: expected [true] but found [false]
at org.testng.Assert.fail(Assert.java:97)
at org.testng.Assert.failNotEquals(Assert.java:969)
at org.testng.Assert.assertTrue(Assert.java:43)
at org.testng.Assert.assertTrue(Assert.java:53)
at stepdefs.PLPStepDefinition.user_adds_products_to_wishlist_from_plp(PLPStepDefinition.java:1540)
at ?.user adds products to wishlist from plp(file:///C:/Users/Administrator/eclipse-workspace/TFGHobbs/src/test/resources/features/GuestCustomer_ViewRemoveWishlist_AddToBagFromWishlist_UK.feature:74)
]]>
    </failure>
  </testcase> <!-- runScenario -->
  <system-out/>
  <testcase name="runScenario" time="2.024" classname="runner.RunTestNGTest">
    <failure type="java.lang.AssertionError" message="expected [true] but found [false]">
      <![CDATA[java.lang.AssertionError: expected [true] but found [false]
at org.testng.Assert.fail(Assert.java:97)
at org.testng.Assert.failNotEquals(Assert.java:969)
at org.testng.Assert.assertTrue(Assert.java:43)
at org.testng.Assert.assertTrue(Assert.java:53)
at stepdefs.CheckoutDeliveryStepDefinition.user_selects_a_delivery_method(CheckoutDeliveryStepDefinition.java:71)
at ?.user selects a <Delivery> method(file:///C:/Users/Administrator/eclipse-workspace/TFGHobbs/src/test/resources/features/GuestCustomer_ApplyFilters_PayByGiftCard_UK.feature:78)
]]>
    </failure>
  </testcase> <!-- runScenario -->
  <system-out/>
  <testcase name="runScenario" time="0.020" classname="runner.RunTestNGTest">
    <error type="org.json.simple.parser.ParseException">
      <![CDATA[Unexpected token END OF FILE at position 65536.
at org.json.simple.parser.JSONParser.parse(JSONParser.java:257)
at org.json.simple.parser.JSONParser.parse(JSONParser.java:92)
at stepdefs.reportdefinitions.appendafterjson(reportdefinitions.java:394)
]]>
    </error>
  </testcase> <!-- runScenario -->
  <system-out/>
  <testcase name="runScenario" time="0.017" classname="runner.RunTestNGTest">
    <error type="org.json.simple.parser.ParseException">
      <![CDATA[Unexpected token END OF FILE at position 65536.
at org.json.simple.parser.JSONParser.parse(JSONParser.java:257)
at org.json.simple.parser.JSONParser.parse(JSONParser.java:92)
at stepdefs.reportdefinitions.appendafterjson(reportdefinitions.java:394)
]]>
    </error>
  </testcase> <!-- runScenario -->
  <system-out/>
  <testcase name="runScenario" time="0.020" classname="runner.RunTestNGTest">
    <error type="org.json.simple.parser.ParseException">
      <![CDATA[Unexpected token END OF FILE at position 65536.
at org.json.simple.parser.JSONParser.parse(JSONParser.java:257)
at org.json.simple.parser.JSONParser.parse(JSONParser.java:92)
at stepdefs.reportdefinitions.appendbeforerjson(reportdefinitions.java:142)
]]>
    </error>
  </testcase> <!-- runScenario -->
  <system-out/>
  <testcase name="runScenario" time="0.184" classname="runner.RunTestNGTest">
    <error type="org.json.simple.parser.ParseException">
      <![CDATA[Unexpected token END OF FILE at position 65536.
at org.json.simple.parser.JSONParser.parse(JSONParser.java:257)
at org.json.simple.parser.JSONParser.parse(JSONParser.java:92)
at stepdefs.reportdefinitions.appendafterjson(reportdefinitions.java:394)
]]>
    </error>
  </testcase> <!-- runScenario -->
  <system-out/>
  <testcase name="runScenario" time="0.015" classname="runner.RunTestNGTest">
    <error type="org.json.simple.parser.ParseException">
      <![CDATA[Unexpected token END OF FILE at position 65536.
at org.json.simple.parser.JSONParser.parse(JSONParser.java:257)
at org.json.simple.parser.JSONParser.parse(JSONParser.java:92)
at stepdefs.reportdefinitions.appendafterjson(reportdefinitions.java:394)
]]>
    </error>
  </testcase> <!-- runScenario -->
  <system-out/>
  <testcase name="runScenario" time="0.027" classname="runner.RunTestNGTest">
    <error type="org.json.simple.parser.ParseException">
      <![CDATA[Unexpected token END OF FILE at position 65536.
at org.json.simple.parser.JSONParser.parse(JSONParser.java:257)
at org.json.simple.parser.JSONParser.parse(JSONParser.java:92)
at stepdefs.reportdefinitions.appendafterjson(reportdefinitions.java:394)
]]>
    </error>
  </testcase> <!-- runScenario -->
  <system-out/>
  <testcase name="runScenario" time="0.022" classname="runner.RunTestNGTest">
    <error type="org.json.simple.parser.ParseException">
      <![CDATA[Unexpected token END OF FILE at position 65536.
at org.json.simple.parser.JSONParser.parse(JSONParser.java:257)
at org.json.simple.parser.JSONParser.parse(JSONParser.java:92)
at stepdefs.reportdefinitions.appendbeforerjson(reportdefinitions.java:142)
]]>
    </error>
  </testcase> <!-- runScenario -->
  <system-out/>
  <testcase name="runScenario" time="0.045" classname="runner.RunTestNGTest">
    <error type="org.json.simple.parser.ParseException">
      <![CDATA[Unexpected token END OF FILE at position 65536.
at org.json.simple.parser.JSONParser.parse(JSONParser.java:257)
at org.json.simple.parser.JSONParser.parse(JSONParser.java:92)
at stepdefs.reportdefinitions.appendafterjson(reportdefinitions.java:394)
]]>
    </error>
  </testcase> <!-- runScenario -->
  <system-out/>
  <testcase name="runScenario" time="0.015" classname="runner.RunTestNGTest">
    <error type="org.json.simple.parser.ParseException">
      <![CDATA[Unexpected token END OF FILE at position 65536.
at org.json.simple.parser.JSONParser.parse(JSONParser.java:257)
at org.json.simple.parser.JSONParser.parse(JSONParser.java:92)
at stepdefs.reportdefinitions.appendafterjson(reportdefinitions.java:394)
]]>
    </error>
  </testcase> <!-- runScenario -->
  <system-out/>
  <testcase name="runScenario" time="0.020" classname="runner.RunTestNGTest">
    <error type="org.json.simple.parser.ParseException">
      <![CDATA[Unexpected token END OF FILE at position 65536.
at org.json.simple.parser.JSONParser.parse(JSONParser.java:257)
at org.json.simple.parser.JSONParser.parse(JSONParser.java:92)
at stepdefs.reportdefinitions.appendbeforerjson(reportdefinitions.java:142)
]]>
    </error>
  </testcase> <!-- runScenario -->
  <system-out/>
  <testcase name="runScenario" time="10.027" classname="runner.RunTestNGTest">
    <failure type="java.lang.AssertionError" message="expected [true] but found [false]">
      <![CDATA[java.lang.AssertionError: expected [true] but found [false]
at org.testng.Assert.fail(Assert.java:97)
at org.testng.Assert.failNotEquals(Assert.java:969)
at org.testng.Assert.assertTrue(Assert.java:43)
at org.testng.Assert.assertTrue(Assert.java:53)
at stepdefs.PLPStepDefinition.select_random_size_from_PLP(PLPStepDefinition.java:881)
at ?.user selects randon size for the product(file:///C:/Users/Administrator/eclipse-workspace/TFGHobbs/src/test/resources/features/GuestCustomer_ApplyFilters_PayByGiftCard_UK.feature:46)
]]>
    </failure>
  </testcase> <!-- runScenario -->
  <system-out/>
  <testcase name="runScenario" time="0.031" classname="runner.RunTestNGTest">
    <error type="org.json.simple.parser.ParseException">
      <![CDATA[Unexpected token END OF FILE at position 65536.
at org.json.simple.parser.JSONParser.parse(JSONParser.java:257)
at org.json.simple.parser.JSONParser.parse(JSONParser.java:92)
at stepdefs.reportdefinitions.appendbeforerjson(reportdefinitions.java:142)
]]>
    </error>
  </testcase> <!-- runScenario -->
  <system-out/>
  <testcase name="runScenario" time="0.108" classname="runner.RunTestNGTest">
    <error type="org.json.simple.parser.ParseException">
      <![CDATA[Unexpected token END OF FILE at position 65536.
at org.json.simple.parser.JSONParser.parse(JSONParser.java:257)
at org.json.simple.parser.JSONParser.parse(JSONParser.java:92)
at stepdefs.reportdefinitions.appendbeforerjson(reportdefinitions.java:142)
]]>
    </error>
  </testcase> <!-- runScenario -->
  <system-out/>
  <testcase name="runScenario" time="0.018" classname="runner.RunTestNGTest">
    <error type="org.json.simple.parser.ParseException">
      <![CDATA[Unexpected token END OF FILE at position 65536.
at org.json.simple.parser.JSONParser.parse(JSONParser.java:257)
at org.json.simple.parser.JSONParser.parse(JSONParser.java:92)
at stepdefs.reportdefinitions.appendbeforerjson(reportdefinitions.java:142)
]]>
    </error>
  </testcase> <!-- runScenario -->
  <system-out/>
  <testcase name="runScenario" time="0.056" classname="runner.RunTestNGTest">
    <error type="org.json.simple.parser.ParseException">
      <![CDATA[Unexpected token END OF FILE at position 65536.
at org.json.simple.parser.JSONParser.parse(JSONParser.java:257)
at org.json.simple.parser.JSONParser.parse(JSONParser.java:92)
at stepdefs.reportdefinitions.appendbeforerjson(reportdefinitions.java:142)
]]>
    </error>
  </testcase> <!-- runScenario -->
  <system-out/>
  <testcase name="runScenario" time="0.014" classname="runner.RunTestNGTest">
    <error type="org.json.simple.parser.ParseException">
      <![CDATA[Unexpected token END OF FILE at position 65536.
at org.json.simple.parser.JSONParser.parse(JSONParser.java:257)
at org.json.simple.parser.JSONParser.parse(JSONParser.java:92)
at stepdefs.reportdefinitions.appendafterjson(reportdefinitions.java:394)
]]>
    </error>
  </testcase> <!-- runScenario -->
  <system-out/>
  <testcase name="runScenario" time="0.017" classname="runner.RunTestNGTest">
    <error type="org.json.simple.parser.ParseException">
      <![CDATA[Unexpected token END OF FILE at position 65536.
at org.json.simple.parser.JSONParser.parse(JSONParser.java:257)
at org.json.simple.parser.JSONParser.parse(JSONParser.java:92)
at stepdefs.reportdefinitions.appendbeforerjson(reportdefinitions.java:142)
]]>
    </error>
  </testcase> <!-- runScenario -->
  <system-out/>
  <testcase name="runScenario" time="0.021" classname="runner.RunTestNGTest">
    <error type="org.json.simple.parser.ParseException">
      <![CDATA[Unexpected token END OF FILE at position 65536.
at org.json.simple.parser.JSONParser.parse(JSONParser.java:257)
at org.json.simple.parser.JSONParser.parse(JSONParser.java:92)
at stepdefs.reportdefinitions.appendbeforerjson(reportdefinitions.java:142)
]]>
    </error>
  </testcase> <!-- runScenario -->
  <system-out/>
  <testcase name="runScenario" time="0.021" classname="runner.RunTestNGTest">
    <error type="org.json.simple.parser.ParseException">
      <![CDATA[Unexpected token END OF FILE at position 65536.
at org.json.simple.parser.JSONParser.parse(JSONParser.java:257)
at org.json.simple.parser.JSONParser.parse(JSONParser.java:92)
at stepdefs.reportdefinitions.appendbeforerjson(reportdefinitions.java:142)
]]>
    </error>
  </testcase> <!-- runScenario -->
  <system-out/>
  <testcase name="runScenario" time="0.042" classname="runner.RunTestNGTest">
    <error type="org.json.simple.parser.ParseException">
      <![CDATA[Unexpected token END OF FILE at position 65536.
at org.json.simple.parser.JSONParser.parse(JSONParser.java:257)
at org.json.simple.parser.JSONParser.parse(JSONParser.java:92)
at stepdefs.reportdefinitions.appendafterjson(reportdefinitions.java:394)
]]>
    </error>
  </testcase> <!-- runScenario -->
  <system-out/>
  <testcase name="runScenario" time="0.031" classname="runner.RunTestNGTest">
    <error type="org.json.simple.parser.ParseException">
      <![CDATA[Unexpected token END OF FILE at position 65536.
at org.json.simple.parser.JSONParser.parse(JSONParser.java:257)
at org.json.simple.parser.JSONParser.parse(JSONParser.java:92)
at stepdefs.reportdefinitions.appendbeforerjson(reportdefinitions.java:142)
]]>
    </error>
  </testcase> <!-- runScenario -->
  <system-out/>
  <testcase name="runScenario" time="0.042" classname="runner.RunTestNGTest">
    <skipped/>
  </testcase> <!-- runScenario -->
  <system-out/>
  <testcase name="runScenario" time="0.023" classname="runner.RunTestNGTest">
    <error type="org.json.simple.parser.ParseException">
      <![CDATA[Unexpected token END OF FILE at position 65536.
at org.json.simple.parser.JSONParser.parse(JSONParser.java:257)
at org.json.simple.parser.JSONParser.parse(JSONParser.java:92)
at stepdefs.reportdefinitions.appendbeforerjson(reportdefinitions.java:142)
]]>
    </error>
  </testcase> <!-- runScenario -->
  <system-out/>
  <testcase name="runScenario" time="18.736" classname="runner.RunTestNGTest"/>
  <system-out/>
  <testcase name="runScenario" time="1.032" classname="runner.RunTestNGTest">
    <failure type="java.lang.AssertionError" message="expected [true] but found [false]">
      <![CDATA[java.lang.AssertionError: expected [true] but found [false]
at org.testng.Assert.fail(Assert.java:97)
at org.testng.Assert.failNotEquals(Assert.java:969)
at org.testng.Assert.assertTrue(Assert.java:43)
at org.testng.Assert.assertTrue(Assert.java:53)
at stepdefs.CheckoutDeliveryStepDefinition.user_clicks_on_continue_to_payment_cta_button(CheckoutDeliveryStepDefinition.java:152)
at ?.user clicks on continue to Payment CTA button(file:///C:/Users/Administrator/eclipse-workspace/TFGHobbs/src/test/resources/features/GuestCustomer_NoFilters_PayByCard_UK.feature:67)
]]>
    </failure>
  </testcase> <!-- runScenario -->
  <system-out/>
  <testcase name="runScenario" time="0.020" classname="runner.RunTestNGTest">
    <error type="org.json.simple.parser.ParseException">
      <![CDATA[Unexpected token END OF FILE at position 65536.
at org.json.simple.parser.JSONParser.parse(JSONParser.java:257)
at org.json.simple.parser.JSONParser.parse(JSONParser.java:92)
at stepdefs.reportdefinitions.appendafterjson(reportdefinitions.java:394)
]]>
    </error>
  </testcase> <!-- runScenario -->
  <system-out/>
  <testcase name="runScenario" time="0.043" classname="runner.RunTestNGTest">
    <error type="org.json.simple.parser.ParseException">
      <![CDATA[Unexpected token END OF FILE at position 65536.
at org.json.simple.parser.JSONParser.parse(JSONParser.java:257)
at org.json.simple.parser.JSONParser.parse(JSONParser.java:92)
at stepdefs.reportdefinitions.appendafterjson(reportdefinitions.java:394)
]]>
    </error>
  </testcase> <!-- runScenario -->
  <system-out/>
  <testcase name="runScenario" time="0.016" classname="runner.RunTestNGTest">
    <error type="org.json.simple.parser.ParseException">
      <![CDATA[Unexpected token END OF FILE at position 65536.
at org.json.simple.parser.JSONParser.parse(JSONParser.java:257)
at org.json.simple.parser.JSONParser.parse(JSONParser.java:92)
at stepdefs.reportdefinitions.appendafterjson(reportdefinitions.java:394)
]]>
    </error>
  </testcase> <!-- runScenario -->
  <system-out/>
  <testcase name="runScenario" time="0.036" classname="runner.RunTestNGTest">
    <error type="org.json.simple.parser.ParseException">
      <![CDATA[Unexpected token END OF FILE at position 65536.
at org.json.simple.parser.JSONParser.parse(JSONParser.java:257)
at org.json.simple.parser.JSONParser.parse(JSONParser.java:92)
at stepdefs.reportdefinitions.appendafterjson(reportdefinitions.java:394)
]]>
    </error>
  </testcase> <!-- runScenario -->
  <system-out/>
  <testcase name="runScenario" time="0.105" classname="runner.RunTestNGTest">
    <error type="org.json.simple.parser.ParseException">
      <![CDATA[Unexpected token END OF FILE at position 65536.
at org.json.simple.parser.JSONParser.parse(JSONParser.java:257)
at org.json.simple.parser.JSONParser.parse(JSONParser.java:92)
at stepdefs.reportdefinitions.appendafterjson(reportdefinitions.java:394)
]]>
    </error>
  </testcase> <!-- runScenario -->
  <system-out/>
  <testcase name="runScenario" time="0.015" classname="runner.RunTestNGTest">
    <error type="org.json.simple.parser.ParseException">
      <![CDATA[Unexpected token END OF FILE at position 65536.
at org.json.simple.parser.JSONParser.parse(JSONParser.java:257)
at org.json.simple.parser.JSONParser.parse(JSONParser.java:92)
at stepdefs.reportdefinitions.appendafterjson(reportdefinitions.java:394)
]]>
    </error>
  </testcase> <!-- runScenario -->
  <system-out/>
  <testcase name="runScenario" time="0.026" classname="runner.RunTestNGTest">
    <error type="org.json.simple.parser.ParseException">
      <![CDATA[Unexpected token END OF FILE at position 65536.
at org.json.simple.parser.JSONParser.parse(JSONParser.java:257)
at org.json.simple.parser.JSONParser.parse(JSONParser.java:92)
at stepdefs.reportdefinitions.appendafterjson(reportdefinitions.java:394)
]]>
    </error>
  </testcase> <!-- runScenario -->
  <system-out/>
  <testcase name="runScenario" time="0.027" classname="runner.RunTestNGTest">
    <error type="org.json.simple.parser.ParseException">
      <![CDATA[Unexpected token END OF FILE at position 65536.
at org.json.simple.parser.JSONParser.parse(JSONParser.java:257)
at org.json.simple.parser.JSONParser.parse(JSONParser.java:92)
at stepdefs.reportdefinitions.appendbeforerjson(reportdefinitions.java:142)
]]>
    </error>
  </testcase> <!-- runScenario -->
  <system-out/>
  <testcase name="runScenario" time="0.019" classname="runner.RunTestNGTest">
    <error type="org.json.simple.parser.ParseException">
      <![CDATA[Unexpected token END OF FILE at position 65536.
at org.json.simple.parser.JSONParser.parse(JSONParser.java:257)
at org.json.simple.parser.JSONParser.parse(JSONParser.java:92)
at stepdefs.reportdefinitions.appendbeforerjson(reportdefinitions.java:142)
]]>
    </error>
  </testcase> <!-- runScenario -->
  <system-out/>
  <testcase name="runScenario" time="31.933" classname="runner.RunTestNGTest"/>
  <system-out/>
  <testcase name="runScenario" time="0.024" classname="runner.RunTestNGTest">
    <error type="org.json.simple.parser.ParseException">
      <![CDATA[Unexpected token END OF FILE at position 65536.
at org.json.simple.parser.JSONParser.parse(JSONParser.java:257)
at org.json.simple.parser.JSONParser.parse(JSONParser.java:92)
at stepdefs.reportdefinitions.appendafterjson(reportdefinitions.java:394)
]]>
    </error>
  </testcase> <!-- runScenario -->
  <system-out/>
  <testcase name="runScenario" time="0.026" classname="runner.RunTestNGTest">
    <error type="org.json.simple.parser.ParseException">
      <![CDATA[Unexpected token END OF FILE at position 65536.
at org.json.simple.parser.JSONParser.parse(JSONParser.java:257)
at org.json.simple.parser.JSONParser.parse(JSONParser.java:92)
at stepdefs.reportdefinitions.appendbeforerjson(reportdefinitions.java:142)
]]>
    </error>
  </testcase> <!-- runScenario -->
  <system-out/>
  <testcase name="runScenario" time="3.843" classname="runner.RunTestNGTest"/>
  <system-out/>
  <testcase name="runScenario" time="0.017" classname="runner.RunTestNGTest">
    <skipped/>
  </testcase> <!-- runScenario -->
  <system-out/>
  <testcase name="runScenario" time="0.026" classname="runner.RunTestNGTest">
    <error type="org.json.simple.parser.ParseException">
      <![CDATA[Unexpected token END OF FILE at position 65536.
at org.json.simple.parser.JSONParser.parse(JSONParser.java:257)
at org.json.simple.parser.JSONParser.parse(JSONParser.java:92)
at stepdefs.reportdefinitions.appendafterjson(reportdefinitions.java:394)
]]>
    </error>
  </testcase> <!-- runScenario -->
  <system-out/>
  <testcase name="runScenario" time="3.040" classname="runner.RunTestNGTest">
    <failure type="java.lang.AssertionError" message="expected [true] but found [false]">
      <![CDATA[java.lang.AssertionError: expected [true] but found [false]
at org.testng.Assert.fail(Assert.java:97)
at org.testng.Assert.failNotEquals(Assert.java:969)
at org.testng.Assert.assertTrue(Assert.java:43)
at org.testng.Assert.assertTrue(Assert.java:53)
at stepdefs.CheckoutPaymentStepDefinition.user_selects_gift_card_payment_method_with_card_number_and_pin(CheckoutPaymentStepDefinition.java:175)
at ?.user selects gift card payment method with <CardNumber> and <Pin>(file:///C:/Users/Administrator/eclipse-workspace/TFGHobbs/src/test/resources/features/GuestCustomer_ApplyFilters_PayByGiftCard_UK.feature:92)
]]>
    </failure>
  </testcase> <!-- runScenario -->
  <system-out/>
  <testcase name="runScenario" time="0.018" classname="runner.RunTestNGTest">
    <error type="org.json.simple.parser.ParseException">
      <![CDATA[Unexpected token END OF FILE at position 65536.
at org.json.simple.parser.JSONParser.parse(JSONParser.java:257)
at org.json.simple.parser.JSONParser.parse(JSONParser.java:92)
at stepdefs.reportdefinitions.appendafterjson(reportdefinitions.java:394)
]]>
    </error>
  </testcase> <!-- runScenario -->
  <system-out/>
  <testcase name="runScenario" time="0.024" classname="runner.RunTestNGTest">
    <error type="org.json.simple.parser.ParseException">
      <![CDATA[Unexpected token END OF FILE at position 65536.
at org.json.simple.parser.JSONParser.parse(JSONParser.java:257)
at org.json.simple.parser.JSONParser.parse(JSONParser.java:92)
at stepdefs.reportdefinitions.appendafterjson(reportdefinitions.java:394)
]]>
    </error>
  </testcase> <!-- runScenario -->
  <system-out/>
  <testcase name="runScenario" time="17.074" classname="runner.RunTestNGTest"/>
  <system-out/>
  <testcase name="runScenario" time="1.076" classname="runner.RunTestNGTest">
    <failure type="java.lang.AssertionError" message="expected [true] but found [false]">
      <![CDATA[java.lang.AssertionError: expected [true] but found [false]
at org.testng.Assert.fail(Assert.java:97)
at org.testng.Assert.failNotEquals(Assert.java:969)
at org.testng.Assert.assertTrue(Assert.java:43)
at org.testng.Assert.assertTrue(Assert.java:53)
at stepdefs.BasketStepDefinition.user_clicks_on_remove_link(BasketStepDefinition.java:193)
at ?.user clicks on remove link(file:///C:/Users/Administrator/eclipse-workspace/TFGHobbs/src/test/resources/features/BasketUpdateAndValidation_ApplyPromocode_UK.feature:45)
]]>
    </failure>
  </testcase> <!-- runScenario -->
  <system-out/>
  <testcase name="runScenario" time="0.030" classname="runner.RunTestNGTest">
    <skipped/>
  </testcase> <!-- runScenario -->
  <system-out/>
  <testcase name="runScenario" time="0.017" classname="runner.RunTestNGTest">
    <error type="org.json.simple.parser.ParseException">
      <![CDATA[Unexpected token END OF FILE at position 65536.
at org.json.simple.parser.JSONParser.parse(JSONParser.java:257)
at org.json.simple.parser.JSONParser.parse(JSONParser.java:92)
at stepdefs.reportdefinitions.appendafterjson(reportdefinitions.java:394)
]]>
    </error>
  </testcase> <!-- runScenario -->
  <system-out/>
  <testcase name="runScenario" time="0.035" classname="runner.RunTestNGTest">
    <failure type="java.lang.AssertionError" message="expected [true] but found [false]">
      <![CDATA[java.lang.AssertionError: expected [true] but found [false]
at org.testng.Assert.fail(Assert.java:97)
at org.testng.Assert.failNotEquals(Assert.java:969)
at org.testng.Assert.assertTrue(Assert.java:43)
at org.testng.Assert.assertTrue(Assert.java:53)
at stepdefs.CheckoutPaymentStepDefinition.user_clicks_on_place_order_and_pay_securely_cta(CheckoutPaymentStepDefinition.java:128)
at ?.user clicks on place order and pay securely CTA(file:///C:/Users/Administrator/eclipse-workspace/TFGHobbs/src/test/resources/features/GuestCustomer_ApplyFilters_PayByGiftCard_UK.feature:116)
]]>
    </failure>
  </testcase> <!-- runScenario -->
  <system-out/>
  <testcase name="runScenario" time="0.018" classname="runner.RunTestNGTest">
    <error type="org.json.simple.parser.ParseException">
      <![CDATA[Unexpected token END OF FILE at position 65536.
at org.json.simple.parser.JSONParser.parse(JSONParser.java:257)
at org.json.simple.parser.JSONParser.parse(JSONParser.java:92)
at stepdefs.reportdefinitions.appendbeforerjson(reportdefinitions.java:142)
]]>
    </error>
  </testcase> <!-- runScenario -->
  <system-out/>
  <testcase name="runScenario" time="0.028" classname="runner.RunTestNGTest">
    <skipped/>
  </testcase> <!-- runScenario -->
  <system-out/>
  <testcase name="runScenario" time="0.017" classname="runner.RunTestNGTest">
    <error type="org.json.simple.parser.ParseException">
      <![CDATA[Unexpected token END OF FILE at position 65536.
at org.json.simple.parser.JSONParser.parse(JSONParser.java:257)
at org.json.simple.parser.JSONParser.parse(JSONParser.java:92)
at stepdefs.reportdefinitions.appendbeforerjson(reportdefinitions.java:142)
]]>
    </error>
  </testcase> <!-- runScenario -->
  <system-out/>
  <testcase name="runScenario" time="0.088" classname="runner.RunTestNGTest">
    <error type="org.json.simple.parser.ParseException">
      <![CDATA[Unexpected token END OF FILE at position 65536.
at org.json.simple.parser.JSONParser.parse(JSONParser.java:257)
at org.json.simple.parser.JSONParser.parse(JSONParser.java:92)
at stepdefs.reportdefinitions.appendbeforerjson(reportdefinitions.java:142)
]]>
    </error>
  </testcase> <!-- runScenario -->
  <system-out/>
  <testcase name="runScenario" time="0.035" classname="runner.RunTestNGTest">
    <error type="org.json.simple.parser.ParseException">
      <![CDATA[Unexpected token END OF FILE at position 65536.
at org.json.simple.parser.JSONParser.parse(JSONParser.java:257)
at org.json.simple.parser.JSONParser.parse(JSONParser.java:92)
at stepdefs.reportdefinitions.appendbeforerjson(reportdefinitions.java:142)
]]>
    </error>
  </testcase> <!-- runScenario -->
  <system-out/>
  <testcase name="runScenario" time="0.013" classname="runner.RunTestNGTest">
[...]
]]>
    </error>
  </testcase> <!-- runScenario -->
  <system-out/>
  <testcase name="runScenario" time="0.059" classname="runner.RunTestNGTest">
    <error type="org.json.simple.parser.ParseException">
      <![CDATA[Unexpected token END OF FILE at position 65536.
at org.json.simple.parser.JSONParser.parse(JSONParser.java:257)
at org.json.simple.parser.JSONParser.parse(JSONParser.java:92)
at stepdefs.reportdefinitions.appendbeforerjson(reportdefinitions.java:142)
]]>
    </error>
  </testcase> <!-- runScenario -->
  <system-out/>
  <testcase name="runScenario" time="0.146" classname="runner.RunTestNGTest">
    <error type="org.json.simple.parser.ParseException">
      <![CDATA[Unexpected token END OF FILE at position 65536.
at org.json.simple.parser.JSONParser.parse(JSONParser.java:257)
at org.json.simple.parser.JSONParser.parse(JSONParser.java:92)
at stepdefs.reportdefinitions.appendafterjson(reportdefinitions.java:394)
]]>
    </error>
  </testcase> <!-- runScenario -->
  <system-out/>
  <testcase name="runScenario" time="0.032" classname="runner.RunTestNGTest">
    <error type="org.json.simple.parser.ParseException">
      <![CDATA[Unexpected token END OF FILE at position 65536.
at org.json.simple.parser.JSONParser.parse(JSONParser.java:257)
at org.json.simple.parser.JSONParser.parse(JSONParser.java:92)
at stepdefs.reportdefinitions.appendafterjson(reportdefinitions.java:394)
]]>
    </error>
  </testcase> <!-- runScenario -->
  <system-out/>
  <testcase name="runScenario" time="0.025" classname="runner.RunTestNGTest">
    <error type="org.json.simple.parser.ParseException">
      <![CDATA[Unexpected token END OF FILE at position 65536.
at org.json.simple.parser.JSONParser.parse(JSONParser.java:257)
at org.json.simple.parser.JSONParser.parse(JSONParser.java:92)
at stepdefs.reportdefinitions.appendbeforerjson(reportdefinitions.java:142)
]]>
    </error>
  </testcase> <!-- runScenario -->
  <system-out/>
  <testcase name="runScenario" time="0.074" classname="runner.RunTestNGTest">
    <error type="org.json.simple.parser.ParseException">
      <![CDATA[Unexpected token END OF FILE at position 65536.
at org.json.simple.parser.JSONParser.parse(JSONParser.java:257)
at org.json.simple.parser.JSONParser.parse(JSONParser.java:92)
at stepdefs.reportdefinitions.appendafterjson(reportdefinitions.java:394)
]]>
    </error>
  </testcase> <!-- runScenario -->
  <system-out/>
  <testcase name="runScenario" time="0.020" classname="runner.RunTestNGTest">
    <error type="org.json.simple.parser.ParseException">
      <![CDATA[Unexpected token END OF FILE at position 65536.
at org.json.simple.parser.JSONParser.parse(JSONParser.java:257)
at org.json.simple.parser.JSONParser.parse(JSONParser.java:92)
at stepdefs.reportdefinitions.appendafterjson(reportdefinitions.java:394)
]]>
    </error>
  </testcase> <!-- runScenario -->
  <system-out/>
  <testcase name="runScenario" time="0.018" classname="runner.RunTestNGTest">
    <error type="org.json.simple.parser.ParseException">
      <![CDATA[Unexpected token END OF FILE at position 65536.
at org.json.simple.parser.JSONParser.parse(JSONParser.java:257)
at org.json.simple.parser.JSONParser.parse(JSONParser.java:92)
at stepdefs.reportdefinitions.appendbeforerjson(reportdefinitions.java:142)
]]>
    </error>
  </testcase> <!-- runScenario -->
  <system-out/>
  <testcase name="runScenario" time="0.017" classname="runner.RunTestNGTest">
    <error type="org.json.simple.parser.ParseException">
      <![CDATA[Unexpected token END OF FILE at position 65536.
at org.json.simple.parser.JSONParser.parse(JSONParser.java:257)
at org.json.simple.parser.JSONParser.parse(JSONParser.java:92)
at stepdefs.reportdefinitions.appendafterjson(reportdefinitions.java:394)
]]>
    </error>
  </testcase> <!-- runScenario -->
  <system-out/>
  <testcase name="runScenario" time="0.028" classname="runner.RunTestNGTest">
    <error type="org.json.simple.parser.ParseException">
      <![CDATA[Unexpected token END OF FILE at position 65536.
at org.json.simple.parser.JSONParser.parse(JSONParser.java:257)
at org.json.simple.parser.JSONParser.parse(JSONParser.java:92)
at stepdefs.reportdefinitions.appendafterjson(reportdefinitions.java:394)
]]>
    </error>
  </testcase> <!-- runScenario -->
  <system-out/>
  <testcase name="runScenario" time="0.016" classname="runner.RunTestNGTest">
    <skipped/>
  </testcase> <!-- runScenario -->
  <system-out/>
  <testcase name="runScenario" time="0.020" classname="runner.RunTestNGTest">
    <error type="org.json.simple.parser.ParseException">
      <![CDATA[Unexpected token END OF FILE at position 65536.
at org.json.simple.parser.JSONParser.parse(JSONParser.java:257)
at org.json.simple.parser.JSONParser.parse(JSONParser.java:92)
at stepdefs.reportdefinitions.appendafterjson(reportdefinitions.java:394)
]]>
    </error>
  </testcase> <!-- runScenario -->
  <system-out/>
  <testcase name="runScenario" time="10.026" classname="runner.RunTestNGTest">
    <failure type="java.lang.AssertionError" message="expected [true] but found [false]">
      <![CDATA[java.lang.AssertionError: expected [true] but found [false]
at org.testng.Assert.fail(Assert.java:97)
at org.testng.Assert.failNotEquals(Assert.java:969)
at org.testng.Assert.assertTrue(Assert.java:43)
at org.testng.Assert.assertTrue(Assert.java:53)
at stepdefs.PLPStepDefinition.select_random_size_from_PLP(PLPStepDefinition.java:881)
at ?.user selects randon size for the product(file:///C:/Users/Administrator/eclipse-workspace/TFGHobbs/src/test/resources/features/BasketUpdateAndValidation_ApplyPromocode_UK.feature:77)
]]>
    </failure>
  </testcase> <!-- runScenario -->
  <system-out/>
  <testcase name="runScenario" time="0.140" classname="runner.RunTestNGTest">
    <error type="org.json.simple.parser.ParseException">
      <![CDATA[Unexpected token END OF FILE at position 65536.
at org.json.simple.parser.JSONParser.parse(JSONParser.java:257)
at org.json.simple.parser.JSONParser.parse(JSONParser.java:92)
at stepdefs.reportdefinitions.appendafterjson(reportdefinitions.java:394)
]]>
    </error>
  </testcase> <!-- runScenario -->
  <system-out/>
  <testcase name="runScenario" time="0.015" classname="runner.RunTestNGTest">
    <error type="org.json.simple.parser.ParseException">
      <![CDATA[Unexpected token END OF FILE at position 65536.
at org.json.simple.parser.JSONParser.parse(JSONParser.java:257)
at org.json.simple.parser.JSONParser.parse(JSONParser.java:92)
at stepdefs.reportdefinitions.appendafterjson(reportdefinitions.java:394)
]]>
    </error>
  </testcase> <!-- runScenario -->
  <system-out/>
  <testcase name="runScenario" time="0.015" classname="runner.RunTestNGTest">
    <error type="org.json.simple.parser.ParseException">
      <![CDATA[Unexpected token END OF FILE at position 65536.
at org.json.simple.parser.JSONParser.parse(JSONParser.java:257)
at org.json.simple.parser.JSONParser.parse(JSONParser.java:92)
at stepdefs.reportdefinitions.appendafterjson(reportdefinitions.java:394)
]]>
    </error>
  </testcase> <!-- runScenario -->
  <system-out/>
  <testcase name="runScenario" time="0.014" classname="runner.RunTestNGTest">
    <error type="org.json.simple.parser.ParseException">
      <![CDATA[Unexpected token END OF FILE at position 65536.
at org.json.simple.parser.JSONParser.parse(JSONParser.java:257)
at org.json.simple.parser.JSONParser.parse(JSONParser.java:92)
at stepdefs.reportdefinitions.appendafterjson(reportdefinitions.java:394)
]]>
    </error>
  </testcase> <!-- runScenario -->
  <system-out/>
  <testcase name="runScenario" time="0.018" classname="runner.RunTestNGTest">
    <error type="org.json.simple.parser.ParseException">
      <![CDATA[Unexpected token END OF FILE at position 65536.
at org.json.simple.parser.JSONParser.parse(JSONParser.java:257)
at org.json.simple.parser.JSONParser.parse(JSONParser.java:92)
at stepdefs.reportdefinitions.appendbeforerjson(reportdefinitions.java:142)
]]>
    </error>
  </testcase> <!-- runScenario -->
  <system-out/>
  <testcase name="runScenario" time="0.018" classname="runner.RunTestNGTest">
    <error type="org.json.simple.parser.ParseException">
      <![CDATA[Unexpected token END OF FILE at position 65536.
at org.json.simple.parser.JSONParser.parse(JSONParser.java:257)
at org.json.simple.parser.JSONParser.parse(JSONParser.java:92)
at stepdefs.reportdefinitions.appendafterjson(reportdefinitions.java:394)
]]>
    </error>
  </testcase> <!-- runScenario -->
  <system-out/>
  <testcase name="runScenario" time="0.039" classname="runner.RunTestNGTest">
    <error type="org.json.simple.parser.ParseException">
      <![CDATA[Unexpected token END OF FILE at position 65536.
at org.json.simple.parser.JSONParser.parse(JSONParser.java:257)
at org.json.simple.parser.JSONParser.parse(JSONParser.java:92)
at stepdefs.reportdefinitions.appendafterjson(reportdefinitions.java:394)
]]>
    </error>
  </testcase> <!-- runScenario -->
  <system-out/>
  <testcase name="runScenario" time="0.022" classname="runner.RunTestNGTest">
    <error type="org.json.simple.parser.ParseException">
      <![CDATA[Unexpected token END OF FILE at position 65536.
at org.json.simple.parser.JSONParser.parse(JSONParser.java:257)
at org.json.simple.parser.JSONParser.parse(JSONParser.java:92)
at stepdefs.reportdefinitions.appendbeforerjson(reportdefinitions.java:142)
]]>
    </error>
  </testcase> <!-- runScenario -->
  <system-out/>
  <testcase name="runScenario" time="19.232" classname="runner.RunTestNGTest"/>
  <system-out/>
  <testcase name="runScenario" time="0.030" classname="runner.RunTestNGTest">
    <error type="org.json.simple.parser.ParseException">
      <![CDATA[Unexpected token END OF FILE at position 65536.
at org.json.simple.parser.JSONParser.parse(JSONParser.java:257)
at org.json.simple.parser.JSONParser.parse(JSONParser.java:92)
at stepdefs.reportdefinitions.appendbeforerjson(reportdefinitions.java:142)
]]>
    </error>
  </testcase> <!-- runScenario -->
  <system-out/>
  <testcase name="runScenario" time="0.025" classname="runner.RunTestNGTest">
    <error type="org.json.simple.parser.ParseException">
      <![CDATA[Unexpected token END OF FILE at position 65536.
at org.json.simple.parser.JSONParser.parse(JSONParser.java:257)
at org.json.simple.parser.JSONParser.parse(JSONParser.java:92)
at stepdefs.reportdefinitions.appendafterjson(reportdefinitions.java:394)
]]>
    </error>
  </testcase> <!-- runScenario -->
  <system-out/>
  <testcase name="runScenario" time="0.017" classname="runner.RunTestNGTest">
    <error type="org.json.simple.parser.ParseException">
      <![CDATA[Unexpected token END OF FILE at position 65536.
at org.json.simple.parser.JSONParser.parse(JSONParser.java:257)
at org.json.simple.parser.JSONParser.parse(JSONParser.java:92)
at stepdefs.reportdefinitions.appendafterjson(reportdefinitions.java:394)
]]>
    </error>
  </testcase> <!-- runScenario -->
  <system-out/>
  <testcase name="runScenario" time="0.054" classname="runner.RunTestNGTest">
    <skipped/>
  </testcase> <!-- runScenario -->
  <system-out/>
  <testcase name="runScenario" time="0.017" classname="runner.RunTestNGTest">
    <error type="org.json.simple.parser.ParseException">
      <![CDATA[Unexpected token END OF FILE at position 65536.
at org.json.simple.parser.JSONParser.parse(JSONParser.java:257)
at org.json.simple.parser.JSONParser.parse(JSONParser.java:92)
at stepdefs.reportdefinitions.appendbeforerjson(reportdefinitions.java:142)
]]>
    </error>
  </testcase> <!-- runScenario -->
  <system-out/>
  <testcase name="runScenario" time="0.022" classname="runner.RunTestNGTest">
    <error type="org.json.simple.parser.ParseException">
      <![CDATA[Unexpected token END OF FILE at position 65536.
at org.json.simple.parser.JSONParser.parse(JSONParser.java:257)
at org.json.simple.parser.JSONParser.parse(JSONParser.java:92)
at stepdefs.reportdefinitions.appendbeforerjson(reportdefinitions.java:142)
]]>
    </error>
  </testcase> <!-- runScenario -->
  <system-out/>
  <testcase name="runScenario" time="16.244" classname="runner.RunTestNGTest">
    <failure type="java.lang.AssertionError" message="expected [true] but found [false]">
      <![CDATA[java.lang.AssertionError: expected [true] but found [false]
at org.testng.Assert.fail(Assert.java:97)
at org.testng.Assert.failNotEquals(Assert.java:969)
at org.testng.Assert.assertTrue(Assert.java:43)
at org.testng.Assert.assertTrue(Assert.java:53)
at stepdefs.PDPStepDefinition.product_image_is_expanded(PDPStepDefinition.java:284)
at ?.product image is expanded(file:///C:/Users/Administrator/eclipse-workspace/TFGHobbs/src/test/resources/features/BreadcrumbNavigation_AddRemoveWishlist_ViewProductImage_UK.feature:53)
]]>
    </failure>
  </testcase> <!-- runScenario -->
  <system-out/>
  <testcase name="runScenario" time="0.056" classname="runner.RunTestNGTest">
    <error type="org.json.simple.parser.ParseException">
      <![CDATA[Unexpected token END OF FILE at position 65536.
at org.json.simple.parser.JSONParser.parse(JSONParser.java:257)
at org.json.simple.parser.JSONParser.parse(JSONParser.java:92)
at stepdefs.reportdefinitions.appendafterjson(reportdefinitions.java:394)
]]>
    </error>
  </testcase> <!-- runScenario -->
  <system-out/>
  <testcase name="runScenario" time="0.046" classname="runner.RunTestNGTest">
    <error type="org.json.simple.parser.ParseException">
      <![CDATA[Unexpected token END OF FILE at position 65536.
at org.json.simple.parser.JSONParser.parse(JSONParser.java:257)
at org.json.simple.parser.JSONParser.parse(JSONParser.java:92)
at stepdefs.reportdefinitions.appendbeforerjson(reportdefinitions.java:142)
]]>
    </error>
  </testcase> <!-- runScenario -->
  <system-out/>
  <testcase name="runScenario" time="0.022" classname="runner.RunTestNGTest">
    <error type="org.json.simple.parser.ParseException">
      <![CDATA[Unexpected token END OF FILE at position 65536.
at org.json.simple.parser.JSONParser.parse(JSONParser.java:257)
at org.json.simple.parser.JSONParser.parse(JSONParser.java:92)
at stepdefs.reportdefinitions.appendbeforerjson(reportdefinitions.java:142)
]]>
    </error>
  </testcase> <!-- runScenario -->
  <system-out/>
  <testcase name="runScenario" time="0.017" classname="runner.RunTestNGTest">
    <skipped/>
  </testcase> <!-- runScenario -->
  <system-out/>
  <testcase name="runScenario" time="0.055" classname="runner.RunTestNGTest">
    <error type="org.openqa.selenium.NoSuchSessionException" message="Session ID is null. Using WebDriver after calling quit()?
Build info: version: &#039;4.1.3&#039;, revision: &#039;7b1ebf28ef&#039;
System info: host: &#039;EC2AMAZ-C4MGU7T&#039;, ip: &#039;172.28.16.1&#039;, os.name: &#039;Windows Server 2019&#039;, os.arch: &#039;amd64&#039;, os.version: &#039;10.0&#039;, java.version: &#039;1.8.0_333&#039;
Driver info: org.openqa.selenium.firefox.FirefoxDriver
Command: [null, screenshot {}]
Capabilities {acceptInsecureCerts: true, browserName: firefox, browserVersion: 101.0.1, javascriptEnabled: true, moz:accessibilityChecks: false, moz:buildID: 20220608170832, moz:debuggerAddress: localhost:51876, moz:geckodriverVersion: 0.31.0, moz:headless: false, moz:processID: 11020, moz:profile: C:\Users\ADMINI~1\AppData\L..., moz:shutdownTimeout: 60000, moz:useNonSpecCompliantPointerOrigin: false, moz:webdriverClick: true, pageLoadStrategy: normal, platform: WINDOWS, platformName: WINDOWS, platformVersion: 10.0, proxy: Proxy(), se:cdp: ws://localhost:51876/devtoo..., se:cdpVersion: 85.0, setWindowRect: true, strictFileInteractability: false, timeouts: {implicit: 0, pageLoad: 300000, script: 30000}, unhandledPromptBehavior: dismiss and notify}">
      <![CDATA[org.openqa.selenium.NoSuchSessionException: Session ID is null. Using WebDriver after calling quit()?
Build info: version: '4.1.3', revision: '7b1ebf28ef'
System info: host: 'EC2AMAZ-C4MGU7T', ip: '172.28.16.1', os.name: 'Windows Server 2019', os.arch: 'amd64', os.version: '10.0', java.version: '1.8.0_333'
Driver info: org.openqa.selenium.firefox.FirefoxDriver
Command: [null, screenshot {}]
Capabilities {acceptInsecureCerts: true, browserName: firefox, browserVersion: 101.0.1, javascriptEnabled: true, moz:accessibilityChecks: false, moz:buildID: 20220608170832, moz:debuggerAddress: localhost:51876, moz:geckodriverVersion: 0.31.0, moz:headless: false, moz:processID: 11020, moz:profile: C:\Users\ADMINI~1\AppData\L..., moz:shutdownTimeout: 60000, moz:useNonSpecCompliantPointerOrigin: false, moz:webdriverClick: true, pageLoadStrategy: normal, platform: WINDOWS, platformName: WINDOWS, platformVersion: 10.0, proxy: Proxy(), se:cdp: ws://localhost:51876/devtoo..., se:cdpVersion: 85.0, setWindowRect: true, strictFileInteractability: false, timeouts: {implicit: 0, pageLoad: 300000, script: 30000}, unhandledPromptBehavior: dismiss and notify}
at org.openqa.selenium.remote.HttpCommandExecutor.execute(HttpCommandExecutor.java:145)
at org.openqa.selenium.remote.service.DriverCommandExecutor.invokeExecute(DriverCommandExecutor.java:167)
at org.openqa.selenium.remote.service.DriverCommandExecutor.execute(DriverCommandExecutor.java:142)
at org.openqa.selenium.remote.RemoteWebDriver.execute(RemoteWebDriver.java:567)
at org.openqa.selenium.remote.RemoteWebDriver.execute(RemoteWebDriver.java:622)
at org.openqa.selenium.remote.RemoteWebDriver.execute(RemoteWebDriver.java:626)
at org.openqa.selenium.remote.RemoteWebDriver.getScreenshotAs(RemoteWebDriver.java:351)
at stepdefs.reportdefinitions.doSomethingAfterStep(reportdefinitions.java:615)
]]>
    </error>
  </testcase> <!-- runScenario -->
  <system-out/>
  <testcase name="runScenario" time="0.015" classname="runner.RunTestNGTest">
    <error type="org.json.simple.parser.ParseException">
      <![CDATA[Unexpected token END OF FILE at position 65536.
at org.json.simple.parser.JSONParser.parse(JSONParser.java:257)
at org.json.simple.parser.JSONParser.parse(JSONParser.java:92)
at stepdefs.reportdefinitions.appendafterjson(reportdefinitions.java:394)
]]>
    </error>
  </testcase> <!-- runScenario -->
  <system-out/>
  <testcase name="runScenario" time="0.019" classname="runner.RunTestNGTest">
    <error type="org.json.simple.parser.ParseException">
      <![CDATA[Unexpected token END OF FILE at position 65536.
at org.json.simple.parser.JSONParser.parse(JSONParser.java:257)
at org.json.simple.parser.JSONParser.parse(JSONParser.java:92)
at stepdefs.reportdefinitions.appendbeforerjson(reportdefinitions.java:142)
]]>
    </error>
  </testcase> <!-- runScenario -->
  <system-out/>
  <testcase name="runScenario" time="0.019" classname="runner.RunTestNGTest">
    <error type="org.json.simple.parser.ParseException">
      <![CDATA[Unexpected token END OF FILE at position 65536.
at org.json.simple.parser.JSONParser.parse(JSONParser.java:257)
at org.json.simple.parser.JSONParser.parse(JSONParser.java:92)
at stepdefs.reportdefinitions.appendbeforerjson(reportdefinitions.java:142)
]]>
    </error>
  </testcase> <!-- runScenario -->
  <system-out/>
  <testcase name="runScenario" time="0.014" classname="runner.RunTestNGTest">
    <error type="org.json.simple.parser.ParseException">
      <![CDATA[Unexpected token END OF FILE at position 65536.
at org.json.simple.parser.JSONParser.parse(JSONParser.java:257)
at org.json.simple.parser.JSONParser.parse(JSONParser.java:92)
at stepdefs.reportdefinitions.appendafterjson(reportdefinitions.java:394)
]]>
    </error>
  </testcase> <!-- runScenario -->
  <system-out/>
  <testcase name="runScenario" time="0.017" classname="runner.RunTestNGTest">
    <error type="org.json.simple.parser.ParseException">
      <![CDATA[Unexpected token END OF FILE at position 65536.
at org.json.simple.parser.JSONParser.parse(JSONParser.java:257)
at org.json.simple.parser.JSONParser.parse(JSONParser.java:92)
at stepdefs.reportdefinitions.appendafterjson(reportdefinitions.java:394)
]]>
    </error>
  </testcase> <!-- runScenario -->
  <system-out/>
</testsuite> <!-- runner.RunTestNGTest -->
