<?xml version="1.0" encoding="UTF-8"?>
<!-- Generated by org.testng.reporters.JUnitXMLReporter -->
<testsuite hostname="EC2AMAZ-C4MGU7T" ignored="0" name="Android Execution" tests="229" failures="229" timestamp="2023-08-16T07:20:44 UTC" time="8.392" errors="0">
  <testcase name="runScenario" time="0.115" classname="io.cucumber.testng.AbstractTestNGCucumberTests">
    <failure type="org.json.simple.parser.ParseException">
      <![CDATA[Unexpected token END OF FILE at position 65536.
at org.json.simple.parser.JSONParser.parse(JSONParser.java:257)
at org.json.simple.parser.JSONParser.parse(JSONParser.java:92)
at stepdefs.reportdefinitions.appendafterjson(reportdefinitions.java:394)
]]>
    </failure>
  </testcase> <!-- runScenario -->
  <testcase name="runScenario" time="0.044" classname="io.cucumber.testng.AbstractTestNGCucumberTests">
    <failure type="org.json.simple.parser.ParseException">
      <![CDATA[Unexpected token END OF FILE at position 65536.
at org.json.simple.parser.JSONParser.parse(JSONParser.java:257)
at org.json.simple.parser.JSONParser.parse(JSONParser.java:92)
at stepdefs.reportdefinitions.appendafterjson(reportdefinitions.java:394)
]]>
    </failure>
  </testcase> <!-- runScenario -->
  <testcase name="runScenario" time="0.056" classname="io.cucumber.testng.AbstractTestNGCucumberTests">
    <failure type="org.json.simple.parser.ParseException">
      <![CDATA[Unexpected token END OF FILE at position 65536.
at org.json.simple.parser.JSONParser.parse(JSONParser.java:257)
at org.json.simple.parser.JSONParser.parse(JSONParser.java:92)
at stepdefs.reportdefinitions.appendafterjson(reportdefinitions.java:394)
]]>
    </failure>
  </testcase> <!-- runScenario -->
  <testcase name="runScenario" time="0.02" classname="io.cucumber.testng.AbstractTestNGCucumberTests">
    <failure type="org.json.simple.parser.ParseException">
      <![CDATA[Unexpected token END OF FILE at position 65536.
at org.json.simple.parser.JSONParser.parse(JSONParser.java:257)
at org.json.simple.parser.JSONParser.parse(JSONParser.java:92)
at stepdefs.reportdefinitions.appendafterjson(reportdefinitions.java:394)
]]>
    </failure>
  </testcase> <!-- runScenario -->
  <testcase name="runScenario" time="0.031" classname="io.cucumber.testng.AbstractTestNGCucumberTests">
    <failure type="org.json.simple.parser.ParseException">
      <![CDATA[Unexpected token END OF FILE at position 65536.
at org.json.simple.parser.JSONParser.parse(JSONParser.java:257)
at org.json.simple.parser.JSONParser.parse(JSONParser.java:92)
at stepdefs.reportdefinitions.appendafterjson(reportdefinitions.java:394)
]]>
    </failure>
  </testcase> <!-- runScenario -->
  <testcase name="runScenario" time="0.037" classname="io.cucumber.testng.AbstractTestNGCucumberTests">
    <failure type="org.json.simple.parser.ParseException">
      <![CDATA[Unexpected token END OF FILE at position 65536.
at org.json.simple.parser.JSONParser.parse(JSONParser.java:257)
at org.json.simple.parser.JSONParser.parse(JSONParser.java:92)
at stepdefs.reportdefinitions.appendafterjson(reportdefinitions.java:394)
]]>
    </failure>
  </testcase> <!-- runScenario -->
  <testcase name="runScenario" time="0.074" classname="io.cucumber.testng.AbstractTestNGCucumberTests">
    <failure type="org.json.simple.parser.ParseException">
      <![CDATA[Unexpected token END OF FILE at position 65536.
at org.json.simple.parser.JSONParser.parse(JSONParser.java:257)
at org.json.simple.parser.JSONParser.parse(JSONParser.java:92)
at stepdefs.reportdefinitions.appendafterjson(reportdefinitions.java:394)
]]>
    </failure>
  </testcase> <!-- runScenario -->
  <testcase name="runScenario" time="0.026" classname="io.cucumber.testng.AbstractTestNGCucumberTests">
    <failure type="org.json.simple.parser.ParseException">
      <![CDATA[Unexpected token END OF FILE at position 65536.
at org.json.simple.parser.JSONParser.parse(JSONParser.java:257)
at org.json.simple.parser.JSONParser.parse(JSONParser.java:92)
at stepdefs.reportdefinitions.appendafterjson(reportdefinitions.java:394)
]]>
    </failure>
  </testcase> <!-- runScenario -->
  <testcase name="runScenario" time="0.041" classname="io.cucumber.testng.AbstractTestNGCucumberTests">
    <failure type="org.json.simple.parser.ParseException">
      <![CDATA[Unexpected token END OF FILE at position 65536.
at org.json.simple.parser.JSONParser.parse(JSONParser.java:257)
at org.json.simple.parser.JSONParser.parse(JSONParser.java:92)
at stepdefs.reportdefinitions.appendafterjson(reportdefinitions.java:394)
]]>
    </failure>
  </testcase> <!-- runScenario -->
  <testcase name="runScenario" time="0.037" classname="io.cucumber.testng.AbstractTestNGCucumberTests">
    <failure type="org.json.simple.parser.ParseException">
      <![CDATA[Unexpected token END OF FILE at position 65536.
at org.json.simple.parser.JSONParser.parse(JSONParser.java:257)
at org.json.simple.parser.JSONParser.parse(JSONParser.java:92)
at stepdefs.reportdefinitions.appendafterjson(reportdefinitions.java:394)
]]>
    </failure>
  </testcase> <!-- runScenario -->
  <testcase name="runScenario" time="0.02" classname="io.cucumber.testng.AbstractTestNGCucumberTests">
    <failure type="org.json.simple.parser.ParseException">
      <![CDATA[Unexpected token END OF FILE at position 65536.
at org.json.simple.parser.JSONParser.parse(JSONParser.java:257)
at org.json.simple.parser.JSONParser.parse(JSONParser.java:92)
at stepdefs.reportdefinitions.appendafterjson(reportdefinitions.java:394)
]]>
    </failure>
  </testcase> <!-- runScenario -->
  <testcase name="runScenario" time="0.015" classname="io.cucumber.testng.AbstractTestNGCucumberTests">
    <failure type="org.json.simple.parser.ParseException">
      <![CDATA[Unexpected token END OF FILE at position 65536.
at org.json.simple.parser.JSONParser.parse(JSONParser.java:257)
at org.json.simple.parser.JSONParser.parse(JSONParser.java:92)
at stepdefs.reportdefinitions.appendafterjson(reportdefinitions.java:394)
]]>
    </failure>
  </testcase> <!-- runScenario -->
  <testcase name="runScenario" time="0.023" classname="io.cucumber.testng.AbstractTestNGCucumberTests">
    <failure type="org.json.simple.parser.ParseException">
      <![CDATA[Unexpected token END OF FILE at position 65536.
at org.json.simple.parser.JSONParser.parse(JSONParser.java:257)
at org.json.simple.parser.JSONParser.parse(JSONParser.java:92)
at stepdefs.reportdefinitions.appendafterjson(reportdefinitions.java:394)
]]>
    </failure>
  </testcase> <!-- runScenario -->
  <testcase name="runScenario" time="0.026" classname="io.cucumber.testng.AbstractTestNGCucumberTests">
    <failure type="org.json.simple.parser.ParseException">
      <![CDATA[Unexpected token END OF FILE at position 65536.
at org.json.simple.parser.JSONParser.parse(JSONParser.java:257)
at org.json.simple.parser.JSONParser.parse(JSONParser.java:92)
at stepdefs.reportdefinitions.appendafterjson(reportdefinitions.java:394)
]]>
    </failure>
  </testcase> <!-- runScenario -->
  <testcase name="runScenario" time="0.443" classname="io.cucumber.testng.AbstractTestNGCucumberTests">
    <failure type="org.json.simple.parser.ParseException">
      <![CDATA[Unexpected token END OF FILE at position 65536.
at org.json.simple.parser.JSONParser.parse(JSONParser.java:257)
at org.json.simple.parser.JSONParser.parse(JSONParser.java:92)
at stepdefs.reportdefinitions.appendafterjson(reportdefinitions.java:394)
]]>
    </failure>
  </testcase> <!-- runScenario -->
  <testcase name="runScenario" time="0.015" classname="io.cucumber.testng.AbstractTestNGCucumberTests">
    <failure type="org.json.simple.parser.ParseException">
      <![CDATA[Unexpected token END OF FILE at position 65536.
at org.json.simple.parser.JSONParser.parse(JSONParser.java:257)
at org.json.simple.parser.JSONParser.parse(JSONParser.java:92)
at stepdefs.reportdefinitions.appendafterjson(reportdefinitions.java:394)
]]>
    </failure>
  </testcase> <!-- runScenario -->
  <testcase name="runScenario" time="0.017" classname="io.cucumber.testng.AbstractTestNGCucumberTests">
    <failure type="org.json.simple.parser.ParseException">
      <![CDATA[Unexpected token END OF FILE at position 65536.
at org.json.simple.parser.JSONParser.parse(JSONParser.java:257)
at org.json.simple.parser.JSONParser.parse(JSONParser.java:92)
at stepdefs.reportdefinitions.appendafterjson(reportdefinitions.java:394)
]]>
    </failure>
  </testcase> <!-- runScenario -->
  <testcase name="runScenario" time="0.016" classname="io.cucumber.testng.AbstractTestNGCucumberTests">
    <failure type="org.json.simple.parser.ParseException">
      <![CDATA[Unexpected token END OF FILE at position 65536.
at org.json.simple.parser.JSONParser.parse(JSONParser.java:257)
at org.json.simple.parser.JSONParser.parse(JSONParser.java:92)
at stepdefs.reportdefinitions.appendafterjson(reportdefinitions.java:394)
]]>
    </failure>
  </testcase> <!-- runScenario -->
  <testcase name="runScenario" time="0.017" classname="io.cucumber.testng.AbstractTestNGCucumberTests">
    <failure type="org.json.simple.parser.ParseException">
      <![CDATA[Unexpected token END OF FILE at position 65536.
at org.json.simple.parser.JSONParser.parse(JSONParser.java:257)
at org.json.simple.parser.JSONParser.parse(JSONParser.java:92)
at stepdefs.reportdefinitions.appendafterjson(reportdefinitions.java:394)
]]>
    </failure>
  </testcase> <!-- runScenario -->
  <testcase name="runScenario" time="0.014" classname="io.cucumber.testng.AbstractTestNGCucumberTests">
    <failure type="org.json.simple.parser.ParseException">
      <![CDATA[Unexpected token END OF FILE at position 65536.
at org.json.simple.parser.JSONParser.parse(JSONParser.java:257)
at org.json.simple.parser.JSONParser.parse(JSONParser.java:92)
at stepdefs.reportdefinitions.appendafterjson(reportdefinitions.java:394)
]]>
    </failure>
  </testcase> <!-- runScenario -->
  <testcase name="runScenario" time="0.016" classname="io.cucumber.testng.AbstractTestNGCucumberTests">
    <failure type="org.json.simple.parser.ParseException">
      <![CDATA[Unexpected token END OF FILE at position 65536.
at org.json.simple.parser.JSONParser.parse(JSONParser.java:257)
at org.json.simple.parser.JSONParser.parse(JSONParser.java:92)
at stepdefs.reportdefinitions.appendafterjson(reportdefinitions.java:394)
]]>
    </failure>
  </testcase> <!-- runScenario -->
  <testcase name="runScenario" time="0.016" classname="io.cucumber.testng.AbstractTestNGCucumberTests">
    <failure type="org.json.simple.parser.ParseException">
      <![CDATA[Unexpected token END OF FILE at position 65536.
at org.json.simple.parser.JSONParser.parse(JSONParser.java:257)
at org.json.simple.parser.JSONParser.parse(JSONParser.java:92)
at stepdefs.reportdefinitions.appendafterjson(reportdefinitions.java:394)
]]>
    </failure>
  </testcase> <!-- runScenario -->
  <testcase name="runScenario" time="0.017" classname="io.cucumber.testng.AbstractTestNGCucumberTests">
    <failure type="org.json.simple.parser.ParseException">
      <![CDATA[Unexpected token END OF FILE at position 65536.
at org.json.simple.parser.JSONParser.parse(JSONParser.java:257)
at org.json.simple.parser.JSONParser.parse(JSONParser.java:92)
at stepdefs.reportdefinitions.appendafterjson(reportdefinitions.java:394)
]]>
    </failure>
  </testcase> <!-- runScenario -->
  <testcase name="runScenario" time="0.017" classname="io.cucumber.testng.AbstractTestNGCucumberTests">
    <failure type="org.json.simple.parser.ParseException">
      <![CDATA[Unexpected token END OF FILE at position 65536.
at org.json.simple.parser.JSONParser.parse(JSONParser.java:257)
at org.json.simple.parser.JSONParser.parse(JSONParser.java:92)
at stepdefs.reportdefinitions.appendafterjson(reportdefinitions.java:394)
]]>
    </failure>
  </testcase> <!-- runScenario -->
  <testcase name="runScenario" time="0.017" classname="io.cucumber.testng.AbstractTestNGCucumberTests">
    <failure type="org.json.simple.parser.ParseException">
      <![CDATA[Unexpected token END OF FILE at position 65536.
at org.json.simple.parser.JSONParser.parse(JSONParser.java:257)
at org.json.simple.parser.JSONParser.parse(JSONParser.java:92)
at stepdefs.reportdefinitions.appendafterjson(reportdefinitions.java:394)
]]>
    </failure>
  </testcase> <!-- runScenario -->
  <testcase name="runScenario" time="0.017" classname="io.cucumber.testng.AbstractTestNGCucumberTests">
    <failure type="org.json.simple.parser.ParseException">
      <![CDATA[Unexpected token END OF FILE at position 65536.
at org.json.simple.parser.JSONParser.parse(JSONParser.java:257)
at org.json.simple.parser.JSONParser.parse(JSONParser.java:92)
at stepdefs.reportdefinitions.appendafterjson(reportdefinitions.java:394)
]]>
    </failure>
  </testcase> <!-- runScenario -->
  <testcase name="runScenario" time="0.042" classname="io.cucumber.testng.AbstractTestNGCucumberTests">
    <failure type="org.json.simple.parser.ParseException">
      <![CDATA[Unexpected token END OF FILE at position 65536.
at org.json.simple.parser.JSONParser.parse(JSONParser.java:257)
at org.json.simple.parser.JSONParser.parse(JSONParser.java:92)
at stepdefs.reportdefinitions.appendafterjson(reportdefinitions.java:394)
]]>
    </failure>
  </testcase> <!-- runScenario -->
  <testcase name="runScenario" time="0.053" classname="io.cucumber.testng.AbstractTestNGCucumberTests">
    <failure type="org.json.simple.parser.ParseException">
      <![CDATA[Unexpected token END OF FILE at position 65536.
at org.json.simple.parser.JSONParser.parse(JSONParser.java:257)
at org.json.simple.parser.JSONParser.parse(JSONParser.java:92)
at stepdefs.reportdefinitions.appendafterjson(reportdefinitions.java:394)
]]>
    </failure>
  </testcase> <!-- runScenario -->
  <testcase name="runScenario" time="0.018" classname="io.cucumber.testng.AbstractTestNGCucumberTests">
    <failure type="org.json.simple.parser.ParseException">
      <![CDATA[Unexpected token END OF FILE at position 65536.
at org.json.simple.parser.JSONParser.parse(JSONParser.java:257)
at org.json.simple.parser.JSONParser.parse(JSONParser.java:92)
at stepdefs.reportdefinitions.appendafterjson(reportdefinitions.java:394)
]]>
    </failure>
  </testcase> <!-- runScenario -->
  <testcase name="runScenario" time="0.016" classname="io.cucumber.testng.AbstractTestNGCucumberTests">
    <failure type="org.json.simple.parser.ParseException">
      <![CDATA[Unexpected token END OF FILE at position 65536.
at org.json.simple.parser.JSONParser.parse(JSONParser.java:257)
at org.json.simple.parser.JSONParser.parse(JSONParser.java:92)
at stepdefs.reportdefinitions.appendafterjson(reportdefinitions.java:394)
]]>
    </failure>
  </testcase> <!-- runScenario -->
  <testcase name="runScenario" time="0.018" classname="io.cucumber.testng.AbstractTestNGCucumberTests">
    <failure type="org.json.simple.parser.ParseException">
      <![CDATA[Unexpected token END OF FILE at position 65536.
at org.json.simple.parser.JSONParser.parse(JSONParser.java:257)
at org.json.simple.parser.JSONParser.parse(JSONParser.java:92)
at stepdefs.reportdefinitions.appendafterjson(reportdefinitions.java:394)
]]>
    </failure>
  </testcase> <!-- runScenario -->
  <testcase name="runScenario" time="0.017" classname="io.cucumber.testng.AbstractTestNGCucumberTests">
    <failure type="org.json.simple.parser.ParseException">
      <![CDATA[Unexpected token END OF FILE at position 65536.
at org.json.simple.parser.JSONParser.parse(JSONParser.java:257)
at org.json.simple.parser.JSONParser.parse(JSONParser.java:92)
at stepdefs.reportdefinitions.appendafterjson(reportdefinitions.java:394)
]]>
    </failure>
  </testcase> <!-- runScenario -->
  <testcase name="runScenario" time="0.018" classname="io.cucumber.testng.AbstractTestNGCucumberTests">
    <failure type="org.json.simple.parser.ParseException">
      <![CDATA[Unexpected token END OF FILE at position 65536.
at org.json.simple.parser.JSONParser.parse(JSONParser.java:257)
at org.json.simple.parser.JSONParser.parse(JSONParser.java:92)
at stepdefs.reportdefinitions.appendafterjson(reportdefinitions.java:394)
]]>
    </failure>
  </testcase> <!-- runScenario -->
  <testcase name="runScenario" time="0.016" classname="io.cucumber.testng.AbstractTestNGCucumberTests">
    <failure type="org.json.simple.parser.ParseException">
      <![CDATA[Unexpected token END OF FILE at position 65536.
at org.json.simple.parser.JSONParser.parse(JSONParser.java:257)
at org.json.simple.parser.JSONParser.parse(JSONParser.java:92)
at stepdefs.reportdefinitions.appendafterjson(reportdefinitions.java:394)
]]>
    </failure>
  </testcase> <!-- runScenario -->
  <testcase name="runScenario" time="0.015" classname="io.cucumber.testng.AbstractTestNGCucumberTests">
    <failure type="org.json.simple.parser.ParseException">
      <![CDATA[Unexpected token END OF FILE at position 65536.
at org.json.simple.parser.JSONParser.parse(JSONParser.java:257)
at org.json.simple.parser.JSONParser.parse(JSONParser.java:92)
at stepdefs.reportdefinitions.appendafterjson(reportdefinitions.java:394)
]]>
    </failure>
  </testcase> <!-- runScenario -->
  <testcase name="runScenario" time="0.015" classname="io.cucumber.testng.AbstractTestNGCucumberTests">
    <failure type="org.json.simple.parser.ParseException">
      <![CDATA[Unexpected token END OF FILE at position 65536.
at org.json.simple.parser.JSONParser.parse(JSONParser.java:257)
at org.json.simple.parser.JSONParser.parse(JSONParser.java:92)
at stepdefs.reportdefinitions.appendafterjson(reportdefinitions.java:394)
]]>
    </failure>
  </testcase> <!-- runScenario -->
  <testcase name="runScenario" time="0.017" classname="io.cucumber.testng.AbstractTestNGCucumberTests">
    <failure type="org.json.simple.parser.ParseException">
      <![CDATA[Unexpected token END OF FILE at position 65536.
at org.json.simple.parser.JSONParser.parse(JSONParser.java:257)
at org.json.simple.parser.JSONParser.parse(JSONParser.java:92)
at stepdefs.reportdefinitions.appendafterjson(reportdefinitions.java:394)
]]>
    </failure>
  </testcase> <!-- runScenario -->
  <testcase name="runScenario" time="0.021" classname="io.cucumber.testng.AbstractTestNGCucumberTests">
    <failure type="org.json.simple.parser.ParseException">
      <![CDATA[Unexpected token END OF FILE at position 65536.
at org.json.simple.parser.JSONParser.parse(JSONParser.java:257)
at org.json.simple.parser.JSONParser.parse(JSONParser.java:92)
at stepdefs.reportdefinitions.appendbeforerjson(reportdefinitions.java:142)
]]>
    </failure>
  </testcase> <!-- runScenario -->
  <testcase name="runScenario" time="0.036" classname="io.cucumber.testng.AbstractTestNGCucumberTests">
    <failure type="org.json.simple.parser.ParseException">
      <![CDATA[Unexpected token END OF FILE at position 65536.
at org.json.simple.parser.JSONParser.parse(JSONParser.java:257)
at org.json.simple.parser.JSONParser.parse(JSONParser.java:92)
at stepdefs.reportdefinitions.appendbeforerjson(reportdefinitions.java:142)
]]>
    </failure>
  </testcase> <!-- runScenario -->
  <testcase name="runScenario" time="0.021" classname="io.cucumber.testng.AbstractTestNGCucumberTests">
    <failure type="org.json.simple.parser.ParseException">
      <![CDATA[Unexpected token END OF FILE at position 65536.
at org.json.simple.parser.JSONParser.parse(JSONParser.java:257)
at org.json.simple.parser.JSONParser.parse(JSONParser.java:92)
at stepdefs.reportdefinitions.appendbeforerjson(reportdefinitions.java:142)
]]>
    </failure>
  </testcase> <!-- runScenario -->
  <testcase name="runScenario" time="0.031" classname="io.cucumber.testng.AbstractTestNGCucumberTests">
    <failure type="org.json.simple.parser.ParseException">
      <![CDATA[Unexpected token END OF FILE at position 65536.
at org.json.simple.parser.JSONParser.parse(JSONParser.java:257)
at org.json.simple.parser.JSONParser.parse(JSONParser.java:92)
at stepdefs.reportdefinitions.appendafterjson(reportdefinitions.java:394)
]]>
    </failure>
  </testcase> <!-- runScenario -->
  <testcase name="runScenario" time="0.018" classname="io.cucumber.testng.AbstractTestNGCucumberTests">
    <failure type="org.json.simple.parser.ParseException">
      <![CDATA[Unexpected token END OF FILE at position 65536.
at org.json.simple.parser.JSONParser.parse(JSONParser.java:257)
at org.json.simple.parser.JSONParser.parse(JSONParser.java:92)
at stepdefs.reportdefinitions.appendafterjson(reportdefinitions.java:394)
]]>
    </failure>
  </testcase> <!-- runScenario -->
  <testcase name="runScenario" time="0.018" classname="io.cucumber.testng.AbstractTestNGCucumberTests">
    <failure type="org.json.simple.parser.ParseException">
      <![CDATA[Unexpected token END OF FILE at position 65536.
at org.json.simple.parser.JSONParser.parse(JSONParser.java:257)
at org.json.simple.parser.JSONParser.parse(JSONParser.java:92)
at stepdefs.reportdefinitions.appendafterjson(reportdefinitions.java:394)
]]>
    </failure>
  </testcase> <!-- runScenario -->
  <testcase name="runScenario" time="0.015" classname="io.cucumber.testng.AbstractTestNGCucumberTests">
    <failure type="org.json.simple.parser.ParseException">
      <![CDATA[Unexpected token END OF FILE at position 65536.
at org.json.simple.parser.JSONParser.parse(JSONParser.java:257)
at org.json.simple.parser.JSONParser.parse(JSONParser.java:92)
at stepdefs.reportdefinitions.appendafterjson(reportdefinitions.java:394)
]]>
    </failure>
  </testcase> <!-- runScenario -->
  <testcase name="runScenario" time="0.02" classname="io.cucumber.testng.AbstractTestNGCucumberTests">
    <failure type="org.json.simple.parser.ParseException">
      <![CDATA[Unexpected token END OF FILE at position 65536.
at org.json.simple.parser.JSONParser.parse(JSONParser.java:257)
at org.json.simple.parser.JSONParser.parse(JSONParser.java:92)
at stepdefs.reportdefinitions.appendafterjson(reportdefinitions.java:394)
]]>
    </failure>
  </testcase> <!-- runScenario -->
  <testcase name="runScenario" time="0.02" classname="io.cucumber.testng.AbstractTestNGCucumberTests">
    <failure type="org.json.simple.parser.ParseException">
      <![CDATA[Unexpected token END OF FILE at position 65536.
at org.json.simple.parser.JSONParser.parse(JSONParser.java:257)
at org.json.simple.parser.JSONParser.parse(JSONParser.java:92)
at stepdefs.reportdefinitions.appendafterjson(reportdefinitions.java:394)
]]>
    </failure>
  </testcase> <!-- runScenario -->
  <testcase name="runScenario" time="0.02" classname="io.cucumber.testng.AbstractTestNGCucumberTests">
    <failure type="org.json.simple.parser.ParseException">
      <![CDATA[Unexpected token END OF FILE at position 65536.
at org.json.simple.parser.JSONParser.parse(JSONParser.java:257)
at org.json.simple.parser.JSONParser.parse(JSONParser.java:92)
at stepdefs.reportdefinitions.appendafterjson(reportdefinitions.java:394)
]]>
    </failure>
  </testcase> <!-- runScenario -->
  <testcase name="runScenario" time="0.017" classname="io.cucumber.testng.AbstractTestNGCucumberTests">
    <failure type="org.json.simple.parser.ParseException">
      <![CDATA[Unexpected token END OF FILE at position 65536.
at org.json.simple.parser.JSONParser.parse(JSONParser.java:257)
at org.json.simple.parser.JSONParser.parse(JSONParser.java:92)
at stepdefs.reportdefinitions.appendafterjson(reportdefinitions.java:394)
]]>
    </failure>
  </testcase> <!-- runScenario -->
  <testcase name="runScenario" time="0.019" classname="io.cucumber.testng.AbstractTestNGCucumberTests">
    <failure type="org.json.simple.parser.ParseException">
      <![CDATA[Unexpected token END OF FILE at position 65536.
at org.json.simple.parser.JSONParser.parse(JSONParser.java:257)
at org.json.simple.parser.JSONParser.parse(JSONParser.java:92)
at stepdefs.reportdefinitions.appendafterjson(reportdefinitions.java:394)
]]>
    </failure>
  </testcase> <!-- runScenario -->
  <testcase name="runScenario" time="0.017" classname="io.cucumber.testng.AbstractTestNGCucumberTests">
    <failure type="org.json.simple.parser.ParseException">
      <![CDATA[Unexpected token END OF FILE at position 65536.
at org.json.simple.parser.JSONParser.parse(JSONParser.java:257)
at org.json.simple.parser.JSONParser.parse(JSONParser.java:92)
at stepdefs.reportdefinitions.appendafterjson(reportdefinitions.java:394)
]]>
    </failure>
  </testcase> <!-- runScenario -->
  <testcase name="runScenario" time="0.052" classname="io.cucumber.testng.AbstractTestNGCucumberTests">
    <failure type="org.json.simple.parser.ParseException">
      <![CDATA[Unexpected token END OF FILE at position 65536.
at org.json.simple.parser.JSONParser.parse(JSONParser.java:257)
at org.json.simple.parser.JSONParser.parse(JSONParser.java:92)
at stepdefs.reportdefinitions.appendafterjson(reportdefinitions.java:394)
]]>
    </failure>
  </testcase> <!-- runScenario -->
  <testcase name="runScenario" time="0.038" classname="io.cucumber.testng.AbstractTestNGCucumberTests">
    <failure type="org.json.simple.parser.ParseException">
      <![CDATA[Unexpected token END OF FILE at position 65536.
at org.json.simple.parser.JSONParser.parse(JSONParser.java:257)
at org.json.simple.parser.JSONParser.parse(JSONParser.java:92)
at stepdefs.reportdefinitions.appendbeforerjson(reportdefinitions.java:142)
]]>
    </failure>
  </testcase> <!-- runScenario -->
  <testcase name="runScenario" time="0.026" classname="io.cucumber.testng.AbstractTestNGCucumberTests">
    <failure type="org.json.simple.parser.ParseException">
      <![CDATA[Unexpected token END OF FILE at position 65536.
at org.json.simple.parser.JSONParser.parse(JSONParser.java:257)
at org.json.simple.parser.JSONParser.parse(JSONParser.java:92)
at stepdefs.reportdefinitions.appendbeforerjson(reportdefinitions.java:142)
]]>
    </failure>
  </testcase> <!-- runScenario -->
  <testcase name="runScenario" time="0.018" classname="io.cucumber.testng.AbstractTestNGCucumberTests">
    <failure type="org.json.simple.parser.ParseException">
      <![CDATA[Unexpected token END OF FILE at position 65536.
at org.json.simple.parser.JSONParser.parse(JSONParser.java:257)
at org.json.simple.parser.JSONParser.parse(JSONParser.java:92)
at stepdefs.reportdefinitions.appendbeforerjson(reportdefinitions.java:142)
]]>
    </failure>
  </testcase> <!-- runScenario -->
  <testcase name="runScenario" time="0.017" classname="io.cucumber.testng.AbstractTestNGCucumberTests">
    <failure type="org.json.simple.parser.ParseException">
      <![CDATA[Unexpected token END OF FILE at position 65536.
at org.json.simple.parser.JSONParser.parse(JSONParser.java:257)
at org.json.simple.parser.JSONParser.parse(JSONParser.java:92)
at stepdefs.reportdefinitions.appendbeforerjson(reportdefinitions.java:142)
]]>
    </failure>
  </testcase> <!-- runScenario -->
  <testcase name="runScenario" time="0.019" classname="io.cucumber.testng.AbstractTestNGCucumberTests">
    <failure type="org.json.simple.parser.ParseException">
      <![CDATA[Unexpected token END OF FILE at position 65536.
at org.json.simple.parser.JSONParser.parse(JSONParser.java:257)
at org.json.simple.parser.JSONParser.parse(JSONParser.java:92)
at stepdefs.reportdefinitions.appendbeforerjson(reportdefinitions.java:142)
]]>
    </failure>
  </testcase> <!-- runScenario -->
  <testcase name="runScenario" time="0.017" classname="io.cucumber.testng.AbstractTestNGCucumberTests">
    <failure type="org.json.simple.parser.ParseException">
      <![CDATA[Unexpected token END OF FILE at position 65536.
at org.json.simple.parser.JSONParser.parse(JSONParser.java:257)
at org.json.simple.parser.JSONParser.parse(JSONParser.java:92)
at stepdefs.reportdefinitions.appendbeforerjson(reportdefinitions.java:142)
]]>
    </failure>
  </testcase> <!-- runScenario -->
  <testcase name="runScenario" time="0.018" classname="io.cucumber.testng.AbstractTestNGCucumberTests">
    <failure type="org.json.simple.parser.ParseException">
      <![CDATA[Unexpected token END OF FILE at position 65536.
at org.json.simple.parser.JSONParser.parse(JSONParser.java:257)
at org.json.simple.parser.JSONParser.parse(JSONParser.java:92)
at stepdefs.reportdefinitions.appendbeforerjson(reportdefinitions.java:142)
]]>
    </failure>
  </testcase> <!-- runScenario -->
  <testcase name="runScenario" time="0.017" classname="io.cucumber.testng.AbstractTestNGCucumberTests">
    <failure type="org.json.simple.parser.ParseException">
      <![CDATA[Unexpected token END OF FILE at position 65536.
at org.json.simple.parser.JSONParser.parse(JSONParser.java:257)
at org.json.simple.parser.JSONParser.parse(JSONParser.java:92)
at stepdefs.reportdefinitions.appendbeforerjson(reportdefinitions.java:142)
]]>
    </failure>
  </testcase> <!-- runScenario -->
  <testcase name="runScenario" time="0.018" classname="io.cucumber.testng.AbstractTestNGCucumberTests">
    <failure type="org.json.simple.parser.ParseException">
      <![CDATA[Unexpected token END OF FILE at position 65536.
at org.json.simple.parser.JSONParser.parse(JSONParser.java:257)
at org.json.simple.parser.JSONParser.parse(JSONParser.java:92)
at stepdefs.reportdefinitions.appendbeforerjson(reportdefinitions.java:142)
]]>
    </failure>
  </testcase> <!-- runScenario -->
  <testcase name="runScenario" time="0.017" classname="io.cucumber.testng.AbstractTestNGCucumberTests">
    <failure type="org.json.simple.parser.ParseException">
      <![CDATA[Unexpected token END OF FILE at position 65536.
at org.json.simple.parser.JSONParser.parse(JSONParser.java:257)
at org.json.simple.parser.JSONParser.parse(JSONParser.java:92)
at stepdefs.reportdefinitions.appendbeforerjson(reportdefinitions.java:142)
]]>
    </failure>
  </testcase> <!-- runScenario -->
  <testcase name="runScenario" time="0.108" classname="io.cucumber.testng.AbstractTestNGCucumberTests">
    <failure type="org.json.simple.parser.ParseException">
      <![CDATA[Unexpected token END OF FILE at position 65536.
at org.json.simple.parser.JSONParser.parse(JSONParser.java:257)
at org.json.simple.parser.JSONParser.parse(JSONParser.java:92)
at stepdefs.reportdefinitions.appendbeforerjson(reportdefinitions.java:142)
]]>
    </failure>
  </testcase> <!-- runScenario -->
  <testcase name="runScenario" time="0.045" classname="io.cucumber.testng.AbstractTestNGCucumberTests">
    <failure type="org.json.simple.parser.ParseException">
      <![CDATA[Unexpected token END OF FILE at position 65536.
at org.json.simple.parser.JSONParser.parse(JSONParser.java:257)
at org.json.simple.parser.JSONParser.parse(JSONParser.java:92)
at stepdefs.reportdefinitions.appendbeforerjson(reportdefinitions.java:142)
]]>
    </failure>
  </testcase> <!-- runScenario -->
  <testcase name="runScenario" time="0.02" classname="io.cucumber.testng.AbstractTestNGCucumberTests">
    <failure type="org.json.simple.parser.ParseException">
      <![CDATA[Unexpected token END OF FILE at position 65536.
at org.json.simple.parser.JSONParser.parse(JSONParser.java:257)
at org.json.simple.parser.JSONParser.parse(JSONParser.java:92)
at stepdefs.reportdefinitions.appendbeforerjson(reportdefinitions.java:142)
]]>
    </failure>
  </testcase> <!-- runScenario -->
  <testcase name="runScenario" time="0.019" classname="io.cucumber.testng.AbstractTestNGCucumberTests">
    <failure type="org.json.simple.parser.ParseException">
      <![CDATA[Unexpected token END OF FILE at position 65536.
at org.json.simple.parser.JSONParser.parse(JSONParser.java:257)
at org.json.simple.parser.JSONParser.parse(JSONParser.java:92)
at stepdefs.reportdefinitions.appendbeforerjson(reportdefinitions.java:142)
]]>
    </failure>
  </testcase> <!-- runScenario -->
  <testcase name="runScenario" time="0.018" classname="io.cucumber.testng.AbstractTestNGCucumberTests">
    <failure type="org.json.simple.parser.ParseException">
      <![CDATA[Unexpected token END OF FILE at position 65536.
at org.json.simple.parser.JSONParser.parse(JSONParser.java:257)
at org.json.simple.parser.JSONParser.parse(JSONParser.java:92)
at stepdefs.reportdefinitions.appendbeforerjson(reportdefinitions.java:142)
]]>
    </failure>
  </testcase> <!-- runScenario -->
  <testcase name="runScenario" time="0.017" classname="io.cucumber.testng.AbstractTestNGCucumberTests">
    <failure type="org.json.simple.parser.ParseException">
      <![CDATA[Unexpected token END OF FILE at position 65536.
at org.json.simple.parser.JSONParser.parse(JSONParser.java:257)
at org.json.simple.parser.JSONParser.parse(JSONParser.java:92)
at stepdefs.reportdefinitions.appendafterjson(reportdefinitions.java:394)
]]>
    </failure>
  </testcase> <!-- runScenario -->
  <testcase name="runScenario" time="0.017" classname="io.cucumber.testng.AbstractTestNGCucumberTests">
    <failure type="org.json.simple.parser.ParseException">
      <![CDATA[Unexpected token END OF FILE at position 65536.
at org.json.simple.parser.JSONParser.parse(JSONParser.java:257)
at org.json.simple.parser.JSONParser.parse(JSONParser.java:92)
at stepdefs.reportdefinitions.appendafterjson(reportdefinitions.java:394)
]]>
    </failure>
  </testcase> <!-- runScenario -->
  <testcase name="runScenario" time="0.021" classname="io.cucumber.testng.AbstractTestNGCucumberTests">
    <failure type="org.json.simple.parser.ParseException">
      <![CDATA[Unexpected token END OF FILE at position 65536.
at org.json.simple.parser.JSONParser.parse(JSONParser.java:257)
at org.json.simple.parser.JSONParser.parse(JSONParser.java:92)
at stepdefs.reportdefinitions.appendafterjson(reportdefinitions.java:394)
]]>
    </failure>
  </testcase> <!-- runScenario -->
  <testcase name="runScenario" time="0.018" classname="io.cucumber.testng.AbstractTestNGCucumberTests">
    <failure type="org.json.simple.parser.ParseException">
      <![CDATA[Unexpected token END OF FILE at position 65536.
at org.json.simple.parser.JSONParser.parse(JSONParser.java:257)
at org.json.simple.parser.JSONParser.parse(JSONParser.java:92)
at stepdefs.reportdefinitions.appendafterjson(reportdefinitions.java:394)
]]>
    </failure>
  </testcase> <!-- runScenario -->
  <testcase name="runScenario" time="0.015" classname="io.cucumber.testng.AbstractTestNGCucumberTests">
    <failure type="org.json.simple.parser.ParseException">
      <![CDATA[Unexpected token END OF FILE at position 65536.
at org.json.simple.parser.JSONParser.parse(JSONParser.java:257)
at org.json.simple.parser.JSONParser.parse(JSONParser.java:92)
at stepdefs.reportdefinitions.appendafterjson(reportdefinitions.java:394)
]]>
    </failure>
  </testcase> <!-- runScenario -->
  <testcase name="runScenario" time="0.015" classname="io.cucumber.testng.AbstractTestNGCucumberTests">
    <failure type="org.json.simple.parser.ParseException">
      <![CDATA[Unexpected token END OF FILE at position 65536.
at org.json.simple.parser.JSONParser.parse(JSONParser.java:257)
at org.json.simple.parser.JSONParser.parse(JSONParser.java:92)
at stepdefs.reportdefinitions.appendafterjson(reportdefinitions.java:394)
]]>
    </failure>
  </testcase> <!-- runScenario -->
  <testcase name="runScenario" time="0.015" classname="io.cucumber.testng.AbstractTestNGCucumberTests">
    <failure type="org.json.simple.parser.ParseException">
      <![CDATA[Unexpected token END OF FILE at position 65536.
at org.json.simple.parser.JSONParser.parse(JSONParser.java:257)
at org.json.simple.parser.JSONParser.parse(JSONParser.java:92)
at stepdefs.reportdefinitions.appendafterjson(reportdefinitions.java:394)
]]>
    </failure>
  </testcase> <!-- runScenario -->
  <testcase name="runScenario" time="0.016" classname="io.cucumber.testng.AbstractTestNGCucumberTests">
    <failure type="org.json.simple.parser.ParseException">
      <![CDATA[Unexpected token END OF FILE at position 65536.
at org.json.simple.parser.JSONParser.parse(JSONParser.java:257)
at org.json.simple.parser.JSONParser.parse(JSONParser.java:92)
at stepdefs.reportdefinitions.appendafterjson(reportdefinitions.java:394)
]]>
    </failure>
  </testcase> <!-- runScenario -->
  <testcase name="runScenario" time="0.028" classname="io.cucumber.testng.AbstractTestNGCucumberTests">
    <failure type="org.json.simple.parser.ParseException">
      <![CDATA[Unexpected token END OF FILE at position 65536.
at org.json.simple.parser.JSONParser.parse(JSONParser.java:257)
at org.json.simple.parser.JSONParser.parse(JSONParser.java:92)
at stepdefs.reportdefinitions.appendafterjson(reportdefinitions.java:394)
]]>
    </failure>
  </testcase> <!-- runScenario -->
  <testcase name="runScenario" time="0.02" classname="io.cucumber.testng.AbstractTestNGCucumberTests">
    <failure type="org.json.simple.parser.ParseException">
      <![CDATA[Unexpected token END OF FILE at position 65536.
at org.json.simple.parser.JSONParser.parse(JSONParser.java:257)
at org.json.simple.parser.JSONParser.parse(JSONParser.java:92)
at stepdefs.reportdefinitions.appendafterjson(reportdefinitions.java:394)
]]>
    </failure>
  </testcase> <!-- runScenario -->
  <testcase name="runScenario" time="0.05" classname="io.cucumber.testng.AbstractTestNGCucumberTests">
    <failure type="org.json.simple.parser.ParseException">
      <![CDATA[Unexpected token END OF FILE at position 65536.
at org.json.simple.parser.JSONParser.parse(JSONParser.java:257)
at org.json.simple.parser.JSONParser.parse(JSONParser.java:92)
at stepdefs.reportdefinitions.appendafterjson(reportdefinitions.java:394)
]]>
    </failure>
  </testcase> <!-- runScenario -->
  <testcase name="runScenario" time="0.018" classname="io.cucumber.testng.AbstractTestNGCucumberTests">
    <failure type="org.json.simple.parser.ParseException">
      <![CDATA[Unexpected token END OF FILE at position 65536.
at org.json.simple.parser.JSONParser.parse(JSONParser.java:257)
at org.json.simple.parser.JSONParser.parse(JSONParser.java:92)
at stepdefs.reportdefinitions.appendafterjson(reportdefinitions.java:394)
]]>
    </failure>
  </testcase> <!-- runScenario -->
  <testcase name="runScenario" time="0.016" classname="io.cucumber.testng.AbstractTestNGCucumberTests">
    <failure type="org.json.simple.parser.ParseException">
      <![CDATA[Unexpected token END OF FILE at position 65536.
at org.json.simple.parser.JSONParser.parse(JSONParser.java:257)
at org.json.simple.parser.JSONParser.parse(JSONParser.java:92)
at stepdefs.reportdefinitions.appendafterjson(reportdefinitions.java:394)
]]>
    </failure>
  </testcase> <!-- runScenario -->
  <testcase name="runScenario" time="0.014" classname="io.cucumber.testng.AbstractTestNGCucumberTests">
    <failure type="org.json.simple.parser.ParseException">
      <![CDATA[Unexpected token END OF FILE at position 65536.
at org.json.simple.parser.JSONParser.parse(JSONParser.java:257)
at org.json.simple.parser.JSONParser.parse(JSONParser.java:92)
at stepdefs.reportdefinitions.appendafterjson(reportdefinitions.java:394)
]]>
    </failure>
  </testcase> <!-- runScenario -->
  <testcase name="runScenario" time="0.016" classname="io.cucumber.testng.AbstractTestNGCucumberTests">
    <failure type="org.json.simple.parser.ParseException">
      <![CDATA[Unexpected token END OF FILE at position 65536.
at org.json.simple.parser.JSONParser.parse(JSONParser.java:257)
at org.json.simple.parser.JSONParser.parse(JSONParser.java:92)
at stepdefs.reportdefinitions.appendafterjson(reportdefinitions.java:394)
]]>
    </failure>
  </testcase> <!-- runScenario -->
  <testcase name="runScenario" time="0.015" classname="io.cucumber.testng.AbstractTestNGCucumberTests">
    <failure type="org.json.simple.parser.ParseException">
      <![CDATA[Unexpected token END OF FILE at position 65536.
at org.json.simple.parser.JSONParser.parse(JSONParser.java:257)
at org.json.simple.parser.JSONParser.parse(JSONParser.java:92)
at stepdefs.reportdefinitions.appendafterjson(reportdefinitions.java:394)
]]>
    </failure>
  </testcase> <!-- runScenario -->
  <testcase name="runScenario" time="0.015" classname="io.cucumber.testng.AbstractTestNGCucumberTests">
    <failure type="org.json.simple.parser.ParseException">
      <![CDATA[Unexpected token END OF FILE at position 65536.
at org.json.simple.parser.JSONParser.parse(JSONParser.java:257)
at org.json.simple.parser.JSONParser.parse(JSONParser.java:92)
at stepdefs.reportdefinitions.appendafterjson(reportdefinitions.java:394)
]]>
    </failure>
  </testcase> <!-- runScenario -->
  <testcase name="runScenario" time="0.017" classname="io.cucumber.testng.AbstractTestNGCucumberTests">
    <failure type="org.json.simple.parser.ParseException">
      <![CDATA[Unexpected token END OF FILE at position 65536.
at org.json.simple.parser.JSONParser.parse(JSONParser.java:257)
at org.json.simple.parser.JSONParser.parse(JSONParser.java:92)
at stepdefs.reportdefinitions.appendafterjson(reportdefinitions.java:394)
]]>
    </failure>
  </testcase> <!-- runScenario -->
  <testcase name="runScenario" time="0.014" classname="io.cucumber.testng.AbstractTestNGCucumberTests">
    <failure type="org.json.simple.parser.ParseException">
      <![CDATA[Unexpected token END OF FILE at position 65536.
at org.json.simple.parser.JSONParser.parse(JSONParser.java:257)
at org.json.simple.parser.JSONParser.parse(JSONParser.java:92)
at stepdefs.reportdefinitions.appendafterjson(reportdefinitions.java:394)
]]>
    </failure>
  </testcase> <!-- runScenario -->
  <testcase name="runScenario" time="0.014" classname="io.cucumber.testng.AbstractTestNGCucumberTests">
    <failure type="org.json.simple.parser.ParseException">
      <![CDATA[Unexpected token END OF FILE at position 65536.
at org.json.simple.parser.JSONParser.parse(JSONParser.java:257)
at org.json.simple.parser.JSONParser.parse(JSONParser.java:92)
at stepdefs.reportdefinitions.appendafterjson(reportdefinitions.java:394)
]]>
    </failure>
  </testcase> <!-- runScenario -->
  <testcase name="runScenario" time="0.019" classname="io.cucumber.testng.AbstractTestNGCucumberTests">
    <failure type="org.json.simple.parser.ParseException">
      <![CDATA[Unexpected token END OF FILE at position 65536.
at org.json.simple.parser.JSONParser.parse(JSONParser.java:257)
at org.json.simple.parser.JSONParser.parse(JSONParser.java:92)
at stepdefs.reportdefinitions.appendafterjson(reportdefinitions.java:394)
]]>
    </failure>
  </testcase> <!-- runScenario -->
  <testcase name="runScenario" time="0.015" classname="io.cucumber.testng.AbstractTestNGCucumberTests">
    <failure type="org.json.simple.parser.ParseException">
      <![CDATA[Unexpected token END OF FILE at position 65536.
at org.json.simple.parser.JSONParser.parse(JSONParser.java:257)
at org.json.simple.parser.JSONParser.parse(JSONParser.java:92)
at stepdefs.reportdefinitions.appendafterjson(reportdefinitions.java:394)
]]>
    </failure>
  </testcase> <!-- runScenario -->
  <testcase name="runScenario" time="0.036" classname="io.cucumber.testng.AbstractTestNGCucumberTests">
    <failure type="org.json.simple.parser.ParseException">
      <![CDATA[Unexpected token END OF FILE at position 65536.
at org.json.simple.parser.JSONParser.parse(JSONParser.java:257)
at org.json.simple.parser.JSONParser.parse(JSONParser.java:92)
at stepdefs.reportdefinitions.appendafterjson(reportdefinitions.java:394)
]]>
    </failure>
  </testcase> <!-- runScenario -->
  <testcase name="runScenario" time="0.019" classname="io.cucumber.testng.AbstractTestNGCucumberTests">
    <failure type="org.json.simple.parser.ParseException">
      <![CDATA[Unexpected token END OF FILE at position 65536.
at org.json.simple.parser.JSONParser.parse(JSONParser.java:257)
at org.json.simple.parser.JSONParser.parse(JSONParser.java:92)
at stepdefs.reportdefinitions.appendafterjson(reportdefinitions.java:394)
]]>
    </failure>
  </testcase> <!-- runScenario -->
  <testcase name="runScenario" time="0.022" classname="io.cucumber.testng.AbstractTestNGCucumberTests">
    <failure type="org.json.simple.parser.ParseException">
      <![CDATA[Unexpected token END OF FILE at position 65536.
at org.json.simple.parser.JSONParser.parse(JSONParser.java:257)
at org.json.simple.parser.JSONParser.parse(JSONParser.java:92)
at stepdefs.reportdefinitions.appendafterjson(reportdefinitions.java:394)
]]>
    </failure>
  </testcase> <!-- runScenario -->
  <testcase name="runScenario" time="0.015" classname="io.cucumber.testng.AbstractTestNGCucumberTests">
    <failure type="org.json.simple.parser.ParseException">
      <![CDATA[Unexpected token END OF FILE at position 65536.
at org.json.simple.parser.JSONParser.parse(JSONParser.java:257)
at org.json.simple.parser.JSONParser.parse(JSONParser.java:92)
at stepdefs.reportdefinitions.appendafterjson(reportdefinitions.java:394)
]]>
    </failure>
  </testcase> <!-- runScenario -->
  <testcase name="runScenario" time="0.019" classname="io.cucumber.testng.AbstractTestNGCucumberTests">
    <failure type="org.json.simple.parser.ParseException">
      <![CDATA[Unexpected token END OF FILE at position 65536.
at org.json.simple.parser.JSONParser.parse(JSONParser.java:257)
at org.json.simple.parser.JSONParser.parse(JSONParser.java:92)
at stepdefs.reportdefinitions.appendafterjson(reportdefinitions.java:394)
]]>
    </failure>
  </testcase> <!-- runScenario -->
  <testcase name="runScenario" time="0.021" classname="io.cucumber.testng.AbstractTestNGCucumberTests">
    <failure type="org.json.simple.parser.ParseException">
      <![CDATA[Unexpected token END OF FILE at position 65536.
at org.json.simple.parser.JSONParser.parse(JSONParser.java:257)
at org.json.simple.parser.JSONParser.parse(JSONParser.java:92)
at stepdefs.reportdefinitions.appendafterjson(reportdefinitions.java:394)
]]>
    </failure>
  </testcase> <!-- runScenario -->
  <testcase name="runScenario" time="0.016" classname="io.cucumber.testng.AbstractTestNGCucumberTests">
    <failure type="org.json.simple.parser.ParseException">
      <![CDATA[Unexpected token END OF FILE at position 65536.
at org.json.simple.parser.JSONParser.parse(JSONParser.java:257)
at org.json.simple.parser.JSONParser.parse(JSONParser.java:92)
at stepdefs.reportdefinitions.appendafterjson(reportdefinitions.java:394)
]]>
    </failure>
  </testcase> <!-- runScenario -->
  <testcase name="runScenario" time="0.018" classname="io.cucumber.testng.AbstractTestNGCucumberTests">
    <failure type="org.json.simple.parser.ParseException">
      <![CDATA[Unexpected token END OF FILE at position 65536.
at org.json.simple.parser.JSONParser.parse(JSONParser.java:257)
at org.json.simple.parser.JSONParser.parse(JSONParser.java:92)
at stepdefs.reportdefinitions.appendafterjson(reportdefinitions.java:394)
]]>
    </failure>
  </testcase> <!-- runScenario -->
  <testcase name="runScenario" time="0.015" classname="io.cucumber.testng.AbstractTestNGCucumberTests">
    <failure type="org.json.simple.parser.ParseException">
      <![CDATA[Unexpected token END OF FILE at position 65536.
at org.json.simple.parser.JSONParser.parse(JSONParser.java:257)
at org.json.simple.parser.JSONParser.parse(JSONParser.java:92)
at stepdefs.reportdefinitions.appendafterjson(reportdefinitions.java:394)
]]>
    </failure>
  </testcase> <!-- runScenario -->
  <testcase name="runScenario" time="0.015" classname="io.cucumber.testng.AbstractTestNGCucumberTests">
    <failure type="org.json.simple.parser.ParseException">
      <![CDATA[Unexpected token END OF FILE at position 65536.
at org.json.simple.parser.JSONParser.parse(JSONParser.java:257)
at org.json.simple.parser.JSONParser.parse(JSONParser.java:92)
at stepdefs.reportdefinitions.appendafterjson(reportdefinitions.java:394)
]]>
    </failure>
  </testcase> <!-- runScenario -->
  <testcase name="runScenario" time="0.184" classname="io.cucumber.testng.AbstractTestNGCucumberTests">
    <failure type="org.json.simple.parser.ParseException">
      <![CDATA[Unexpected token END OF FILE at position 65536.
at org.json.simple.parser.JSONParser.parse(JSONParser.java:257)
at org.json.simple.parser.JSONParser.parse(JSONParser.java:92)
at stepdefs.reportdefinitions.appendafterjson(reportdefinitions.java:394)
]]>
    </failure>
  </testcase> <!-- runScenario -->
  <testcase name="runScenario" time="0.067" classname="io.cucumber.testng.AbstractTestNGCucumberTests">
    <failure type="org.json.simple.parser.ParseException">
      <![CDATA[Unexpected token END OF FILE at position 65536.
at org.json.simple.parser.JSONParser.parse(JSONParser.java:257)
at org.json.simple.parser.JSONParser.parse(JSONParser.java:92)
at stepdefs.reportdefinitions.appendafterjson(reportdefinitions.java:394)
]]>
    </failure>
  </testcase> <!-- runScenario -->
  <testcase name="runScenario" time="0.146" classname="io.cucumber.testng.AbstractTestNGCucumberTests">
    <failure type="org.json.simple.parser.ParseException">
      <![CDATA[Unexpected token END OF FILE at position 65536.
at org.json.simple.parser.JSONParser.parse(JSONParser.java:257)
at org.json.simple.parser.JSONParser.parse(JSONParser.java:92)
at stepdefs.reportdefinitions.appendafterjson(reportdefinitions.java:394)
]]>
    </failure>
  </testcase> <!-- runScenario -->
  <testcase name="runScenario" time="0.044" classname="io.cucumber.testng.AbstractTestNGCucumberTests">
    <failure type="org.json.simple.parser.ParseException">
      <![CDATA[Unexpected token END OF FILE at position 65536.
at org.json.simple.parser.JSONParser.parse(JSONParser.java:257)
at org.json.simple.parser.JSONParser.parse(JSONParser.java:92)
at stepdefs.reportdefinitions.appendafterjson(reportdefinitions.java:394)
]]>
    </failure>
  </testcase> <!-- runScenario -->
  <testcase name="runScenario" time="0.015" classname="io.cucumber.testng.AbstractTestNGCucumberTests">
    <failure type="org.json.simple.parser.ParseException">
      <![CDATA[Unexpected token END OF FILE at position 65536.
at org.json.simple.parser.JSONParser.parse(JSONParser.java:257)
at org.json.simple.parser.JSONParser.parse(JSONParser.java:92)
at stepdefs.reportdefinitions.appendafterjson(reportdefinitions.java:394)
]]>
    </failure>
  </testcase> <!-- runScenario -->
  <testcase name="runScenario" time="0.036" classname="io.cucumber.testng.AbstractTestNGCucumberTests">
    <failure type="org.json.simple.parser.ParseException">
      <![CDATA[Unexpected token END OF FILE at position 65536.
at org.json.simple.parser.JSONParser.parse(JSONParser.java:257)
at org.json.simple.parser.JSONParser.parse(JSONParser.java:92)
at stepdefs.reportdefinitions.appendafterjson(reportdefinitions.java:394)
]]>
    </failure>
  </testcase> <!-- runScenario -->
  <testcase name="runScenario" time="0.045" classname="io.cucumber.testng.AbstractTestNGCucumberTests">
    <failure type="org.json.simple.parser.ParseException">
      <![CDATA[Unexpected token END OF FILE at position 65536.
at org.json.simple.parser.JSONParser.parse(JSONParser.java:257)
at org.json.simple.parser.JSONParser.parse(JSONParser.java:92)
at stepdefs.reportdefinitions.appendafterjson(reportdefinitions.java:394)
]]>
    </failure>
  </testcase> <!-- runScenario -->
  <testcase name="runScenario" time="0.022" classname="io.cucumber.testng.AbstractTestNGCucumberTests">
    <failure type="org.json.simple.parser.ParseException">
      <![CDATA[Unexpected token END OF FILE at position 65536.
at org.json.simple.parser.JSONParser.parse(JSONParser.java:257)
at org.json.simple.parser.JSONParser.parse(JSONParser.java:92)
at stepdefs.reportdefinitions.appendafterjson(reportdefinitions.java:394)
]]>
    </failure>
  </testcase> <!-- runScenario -->
  <testcase name="runScenario" time="0.043" classname="io.cucumber.testng.AbstractTestNGCucumberTests">
    <failure type="org.json.simple.parser.ParseException">
      <![CDATA[Unexpected token END OF FILE at position 65536.
at org.json.simple.parser.JSONParser.parse(JSONParser.java:257)
at org.json.simple.parser.JSONParser.parse(JSONParser.java:92)
at stepdefs.reportdefinitions.appendafterjson(reportdefinitions.java:394)
]]>
    </failure>
  </testcase> <!-- runScenario -->
  <testcase name="runScenario" time="0.02" classname="io.cucumber.testng.AbstractTestNGCucumberTests">
    <failure type="org.json.simple.parser.ParseException">
      <![CDATA[Unexpected token END OF FILE at position 65536.
at org.json.simple.parser.JSONParser.parse(JSONParser.java:257)
at org.json.simple.parser.JSONParser.parse(JSONParser.java:92)
at stepdefs.reportdefinitions.appendafterjson(reportdefinitions.java:394)
]]>
    </failure>
  </testcase> <!-- runScenario -->
  <testcase name="runScenario" time="0.032" classname="io.cucumber.testng.AbstractTestNGCucumberTests">
    <failure type="org.json.simple.parser.ParseException">
      <![CDATA[Unexpected token END OF FILE at position 65536.
at org.json.simple.parser.JSONParser.parse(JSONParser.java:257)
at org.json.simple.parser.JSONParser.parse(JSONParser.java:92)
at stepdefs.reportdefinitions.appendafterjson(reportdefinitions.java:394)
]]>
    </failure>
  </testcase> <!-- runScenario -->
  <testcase name="runScenario" time="0.014" classname="io.cucumber.testng.AbstractTestNGCucumberTests">
    <failure type="org.json.simple.parser.ParseException">
      <![CDATA[Unexpected token END OF FILE at position 65536.
at org.json.simple.parser.JSONParser.parse(JSONParser.java:257)
at org.json.simple.parser.JSONParser.parse(JSONParser.java:92)
at stepdefs.reportdefinitions.appendafterjson(reportdefinitions.java:394)
]]>
    </failure>
  </testcase> <!-- runScenario -->
  <testcase name="runScenario" time="0.018" classname="io.cucumber.testng.AbstractTestNGCucumberTests">
    <failure type="org.json.simple.parser.ParseException">
      <![CDATA[Unexpected token END OF FILE at position 65536.
at org.json.simple.parser.JSONParser.parse(JSONParser.java:257)
at org.json.simple.parser.JSONParser.parse(JSONParser.java:92)
at stepdefs.reportdefinitions.appendafterjson(reportdefinitions.java:394)
]]>
    </failure>
  </testcase> <!-- runScenario -->
  <testcase name="runScenario" time="0.032" classname="io.cucumber.testng.AbstractTestNGCucumberTests">
    <failure type="org.json.simple.parser.ParseException">
      <![CDATA[Unexpected token END OF FILE at position 65536.
at org.json.simple.parser.JSONParser.parse(JSONParser.java:257)
at org.json.simple.parser.JSONParser.parse(JSONParser.java:92)
at stepdefs.reportdefinitions.appendbeforerjson(reportdefinitions.java:142)
]]>
    </failure>
  </testcase> <!-- runScenario -->
  <testcase name="runScenario" time="0.02" classname="io.cucumber.testng.AbstractTestNGCucumberTests">
    <failure type="org.json.simple.parser.ParseException">
      <![CDATA[Unexpected token END OF FILE at position 65536.
at org.json.simple.parser.JSONParser.parse(JSONParser.java:257)
at org.json.simple.parser.JSONParser.parse(JSONParser.java:92)
at stepdefs.reportdefinitions.appendbeforerjson(reportdefinitions.java:142)
]]>
    </failure>
  </testcase> <!-- runScenario -->
  <testcase name="runScenario" time="0.021" classname="io.cucumber.testng.AbstractTestNGCucumberTests">
    <failure type="org.json.simple.parser.ParseException">
      <![CDATA[Unexpected token END OF FILE at position 65536.
at org.json.simple.parser.JSONParser.parse(JSONParser.java:257)
at org.json.simple.parser.JSONParser.parse(JSONParser.java:92)
at stepdefs.reportdefinitions.appendbeforerjson(reportdefinitions.java:142)
]]>
    </failure>
  </testcase> <!-- runScenario -->
  <testcase name="runScenario" time="0.02" classname="io.cucumber.testng.AbstractTestNGCucumberTests">
    <failure type="org.json.simple.parser.ParseException">
      <![CDATA[Unexpected token END OF FILE at position 65536.
at org.json.simple.parser.JSONParser.parse(JSONParser.java:257)
at org.json.simple.parser.JSONParser.parse(JSONParser.java:92)
at stepdefs.reportdefinitions.appendbeforerjson(reportdefinitions.java:142)
]]>
    </failure>
  </testcase> <!-- runScenario -->
  <testcase name="runScenario" time="0.021" classname="io.cucumber.testng.AbstractTestNGCucumberTests">
    <failure type="org.json.simple.parser.ParseException">
      <![CDATA[Unexpected token END OF FILE at position 65536.
at org.json.simple.parser.JSONParser.parse(JSONParser.java:257)
at org.json.simple.parser.JSONParser.parse(JSONParser.java:92)
at stepdefs.reportdefinitions.appendbeforerjson(reportdefinitions.java:142)
]]>
    </failure>
  </testcase> <!-- runScenario -->
  <testcase name="runScenario" time="0.019" classname="io.cucumber.testng.AbstractTestNGCucumberTests">
    <failure type="org.json.simple.parser.ParseException">
      <![CDATA[Unexpected token END OF FILE at position 65536.
at org.json.simple.parser.JSONParser.parse(JSONParser.java:257)
at org.json.simple.parser.JSONParser.parse(JSONParser.java:92)
at stepdefs.reportdefinitions.appendbeforerjson(reportdefinitions.java:142)
]]>
    </failure>
  </testcase> <!-- runScenario -->
  <testcase name="runScenario" time="0.018" classname="io.cucumber.testng.AbstractTestNGCucumberTests">
    <failure type="org.json.simple.parser.ParseException">
      <![CDATA[Unexpected token END OF FILE at position 65536.
at org.json.simple.parser.JSONParser.parse(JSONParser.java:257)
at org.json.simple.parser.JSONParser.parse(JSONParser.java:92)
at stepdefs.reportdefinitions.appendbeforerjson(reportdefinitions.java:142)
]]>
    </failure>
  </testcase> <!-- runScenario -->
  <testcase name="runScenario" time="0.018" classname="io.cucumber.testng.AbstractTestNGCucumberTests">
    <failure type="org.json.simple.parser.ParseException">
      <![CDATA[Unexpected token END OF FILE at position 65536.
at org.json.simple.parser.JSONParser.parse(JSONParser.java:257)
at org.json.simple.parser.JSONParser.parse(JSONParser.java:92)
at stepdefs.reportdefinitions.appendbeforerjson(reportdefinitions.java:142)
]]>
    </failure>
  </testcase> <!-- runScenario -->
  <testcase name="runScenario" time="0.059" classname="io.cucumber.testng.AbstractTestNGCucumberTests">
    <failure type="org.json.simple.parser.ParseException">
      <![CDATA[Unexpected token END OF FILE at position 65536.
at org.json.simple.parser.JSONParser.parse(JSONParser.java:257)
at org.json.simple.parser.JSONParser.parse(JSONParser.java:92)
at stepdefs.reportdefinitions.appendbeforerjson(reportdefinitions.java:142)
]]>
    </failure>
  </testcase> <!-- runScenario -->
  <testcase name="runScenario" time="0.017" classname="io.cucumber.testng.AbstractTestNGCucumberTests">
    <failure type="org.json.simple.parser.ParseException">
      <![CDATA[Unexpected token END OF FILE at position 65536.
at org.json.simple.parser.JSONParser.parse(JSONParser.java:257)
at org.json.simple.parser.JSONParser.parse(JSONParser.java:92)
at stepdefs.reportdefinitions.appendbeforerjson(reportdefinitions.java:142)
]]>
    </failure>
  </testcase> <!-- runScenario -->
  <testcase name="runScenario" time="0.019" classname="io.cucumber.testng.AbstractTestNGCucumberTests">
    <failure type="org.json.simple.parser.ParseException">
      <![CDATA[Unexpected token END OF FILE at position 65536.
at org.json.simple.parser.JSONParser.parse(JSONParser.java:257)
at org.json.simple.parser.JSONParser.parse(JSONParser.java:92)
at stepdefs.reportdefinitions.appendbeforerjson(reportdefinitions.java:142)
]]>
    </failure>
  </testcase> <!-- runScenario -->
  <testcase name="runScenario" time="0.027" classname="io.cucumber.testng.AbstractTestNGCucumberTests">
    <failure type="org.json.simple.parser.ParseException">
      <![CDATA[Unexpected token END OF FILE at position 65536.
at org.json.simple.parser.JSONParser.parse(JSONParser.java:257)
at org.json.simple.parser.JSONParser.parse(JSONParser.java:92)
at stepdefs.reportdefinitions.appendbeforerjson(reportdefinitions.java:142)
]]>
    </failure>
  </testcase> <!-- runScenario -->
  <testcase name="runScenario" time="0.036" classname="io.cucumber.testng.AbstractTestNGCucumberTests">
    <failure type="org.json.simple.parser.ParseException">
      <![CDATA[Unexpected token END OF FILE at position 65536.
at org.json.simple.parser.JSONParser.parse(JSONParser.java:257)
at org.json.simple.parser.JSONParser.parse(JSONParser.java:92)
at stepdefs.reportdefinitions.appendafterjson(reportdefinitions.java:394)
]]>
    </failure>
  </testcase> <!-- runScenario -->
  <testcase name="runScenario" time="0.014" classname="io.cucumber.testng.AbstractTestNGCucumberTests">
    <failure type="org.json.simple.parser.ParseException">
      <![CDATA[Unexpected token END OF FILE at position 65536.
at org.json.simple.parser.JSONParser.parse(JSONParser.java:257)
at org.json.simple.parser.JSONParser.parse(JSONParser.java:92)
at stepdefs.reportdefinitions.appendafterjson(reportdefinitions.java:394)
]]>
    </failure>
  </testcase> <!-- runScenario -->
  <testcase name="runScenario" time="0.017" classname="io.cucumber.testng.AbstractTestNGCucumberTests">
    <failure type="org.json.simple.parser.ParseException">
      <![CDATA[Unexpected token END OF FILE at position 65536.
at org.json.simple.parser.JSONParser.parse(JSONParser.java:257)
at org.json.simple.parser.JSONParser.parse(JSONParser.java:92)
at stepdefs.reportdefinitions.appendafterjson(reportdefinitions.java:394)
]]>
    </failure>
  </testcase> <!-- runScenario -->
  <testcase name="runScenario" time="0.022" classname="io.cucumber.testng.AbstractTestNGCucumberTests">
    <failure type="org.json.simple.parser.ParseException">
      <![CDATA[Unexpected token END OF FILE at position 65536.
at org.json.simple.parser.JSONParser.parse(JSONParser.java:257)
at org.json.simple.parser.JSONParser.parse(JSONParser.java:92)
at stepdefs.reportdefinitions.appendafterjson(reportdefinitions.java:394)
]]>
    </failure>
  </testcase> <!-- runScenario -->
  <testcase name="runScenario" time="0.015" classname="io.cucumber.testng.AbstractTestNGCucumberTests">
    <failure type="org.json.simple.parser.ParseException">
      <![CDATA[Unexpected token END OF FILE at position 65536.
at org.json.simple.parser.JSONParser.parse(JSONParser.java:257)
at org.json.simple.parser.JSONParser.parse(JSONParser.java:92)
at stepdefs.reportdefinitions.appendafterjson(reportdefinitions.java:394)
]]>
    </failure>
  </testcase> <!-- runScenario -->
  <testcase name="runScenario" time="0.026" classname="io.cucumber.testng.AbstractTestNGCucumberTests">
    <failure type="org.json.simple.parser.ParseException">
      <![CDATA[Unexpected token END OF FILE at position 65536.
at org.json.simple.parser.JSONParser.parse(JSONParser.java:257)
at org.json.simple.parser.JSONParser.parse(JSONParser.java:92)
at stepdefs.reportdefinitions.appendafterjson(reportdefinitions.java:394)
]]>
    </failure>
  </testcase> <!-- runScenario -->
  <testcase name="runScenario" time="0.024" classname="io.cucumber.testng.AbstractTestNGCucumberTests">
    <failure type="org.json.simple.parser.ParseException">
      <![CDATA[Unexpected token END OF FILE at position 65536.
at org.json.simple.parser.JSONParser.parse(JSONParser.java:257)
at org.json.simple.parser.JSONParser.parse(JSONParser.java:92)
at stepdefs.reportdefinitions.appendafterjson(reportdefinitions.java:394)
]]>
    </failure>
  </testcase> <!-- runScenario -->
  <testcase name="runScenario" time="0.017" classname="io.cucumber.testng.AbstractTestNGCucumberTests">
    <failure type="org.json.simple.parser.ParseException">
      <![CDATA[Unexpected token END OF FILE at position 65536.
at org.json.simple.parser.JSONParser.parse(JSONParser.java:257)
at org.json.simple.parser.JSONParser.parse(JSONParser.java:92)
at stepdefs.reportdefinitions.appendafterjson(reportdefinitions.java:394)
]]>
    </failure>
  </testcase> <!-- runScenario -->
  <testcase name="runScenario" time="0.016" classname="io.cucumber.testng.AbstractTestNGCucumberTests">
    <failure type="org.json.simple.parser.ParseException">
      <![CDATA[Unexpected token END OF FILE at position 65536.
at org.json.simple.parser.JSONParser.parse(JSONParser.java:257)
at org.json.simple.parser.JSONParser.parse(JSONParser.java:92)
at stepdefs.reportdefinitions.appendafterjson(reportdefinitions.java:394)
]]>
    </failure>
  </testcase> <!-- runScenario -->
  <testcase name="runScenario" time="0.023" classname="io.cucumber.testng.AbstractTestNGCucumberTests">
    <failure type="org.json.simple.parser.ParseException">
      <![CDATA[Unexpected token END OF FILE at position 65536.
at org.json.simple.parser.JSONParser.parse(JSONParser.java:257)
at org.json.simple.parser.JSONParser.parse(JSONParser.java:92)
at stepdefs.reportdefinitions.appendafterjson(reportdefinitions.java:394)
]]>
    </failure>
  </testcase> <!-- runScenario -->
  <testcase name="runScenario" time="0.018" classname="io.cucumber.testng.AbstractTestNGCucumberTests">
    <failure type="org.json.simple.parser.ParseException">
      <![CDATA[Unexpected token END OF FILE at position 65536.
at org.json.simple.parser.JSONParser.parse(JSONParser.java:257)
at org.json.simple.parser.JSONParser.parse(JSONParser.java:92)
at stepdefs.reportdefinitions.appendafterjson(reportdefinitions.java:394)
]]>
    </failure>
  </testcase> <!-- runScenario -->
  <testcase name="runScenario" time="0.105" classname="io.cucumber.testng.AbstractTestNGCucumberTests">
    <failure type="org.json.simple.parser.ParseException">
      <![CDATA[Unexpected token END OF FILE at position 65536.
at org.json.simple.parser.JSONParser.parse(JSONParser.java:257)
at org.json.simple.parser.JSONParser.parse(JSONParser.java:92)
at stepdefs.reportdefinitions.appendafterjson(reportdefinitions.java:394)
]]>
    </failure>
  </testcase> <!-- runScenario -->
  <testcase name="runScenario" time="0.018" classname="io.cucumber.testng.AbstractTestNGCucumberTests">
    <failure type="org.json.simple.parser.ParseException">
      <![CDATA[Unexpected token END OF FILE at position 65536.
at org.json.simple.parser.JSONParser.parse(JSONParser.java:257)
at org.json.simple.parser.JSONParser.parse(JSONParser.java:92)
at stepdefs.reportdefinitions.appendafterjson(reportdefinitions.java:394)
]]>
    </failure>
  </testcase> <!-- runScenario -->
  <testcase name="runScenario" time="0.018" classname="io.cucumber.testng.AbstractTestNGCucumberTests">
    <failure type="org.json.simple.parser.ParseException">
      <![CDATA[Unexpected token END OF FILE at position 65536.
at org.json.simple.parser.JSONParser.parse(JSONParser.java:257)
at org.json.simple.parser.JSONParser.parse(JSONParser.java:92)
at stepdefs.reportdefinitions.appendafterjson(reportdefinitions.java:394)
]]>
    </failure>
  </testcase> <!-- runScenario -->
  <testcase name="runScenario" time="0.024" classname="io.cucumber.testng.AbstractTestNGCucumberTests">
    <failure type="org.json.simple.parser.ParseException">
      <![CDATA[Unexpected token END OF FILE at position 65536.
at org.json.simple.parser.JSONParser.parse(JSONParser.java:257)
at org.json.simple.parser.JSONParser.parse(JSONParser.java:92)
at stepdefs.reportdefinitions.appendafterjson(reportdefinitions.java:394)
]]>
    </failure>
  </testcase> <!-- runScenario -->
  <testcase name="runScenario" time="0.018" classname="io.cucumber.testng.AbstractTestNGCucumberTests">
    <failure type="org.json.simple.parser.ParseException">
      <![CDATA[Unexpected token END OF FILE at position 65536.
at org.json.simple.parser.JSONParser.parse(JSONParser.java:257)
at org.json.simple.parser.JSONParser.parse(JSONParser.java:92)
at stepdefs.reportdefinitions.appendafterjson(reportdefinitions.java:394)
]]>
    </failure>
  </testcase> <!-- runScenario -->
  <testcase name="runScenario" time="0.015" classname="io.cucumber.testng.AbstractTestNGCucumberTests">
    <failure type="org.json.simple.parser.ParseException">
      <![CDATA[Unexpected token END OF FILE at position 65536.
at org.json.simple.parser.JSONParser.parse(JSONParser.java:257)
at org.json.simple.parser.JSONParser.parse(JSONParser.java:92)
at stepdefs.reportdefinitions.appendafterjson(reportdefinitions.java:394)
]]>
    </failure>
  </testcase> <!-- runScenario -->
  <testcase name="runScenario" time="0.017" classname="io.cucumber.testng.AbstractTestNGCucumberTests">
    <failure type="org.json.simple.parser.ParseException">
      <![CDATA[Unexpected token END OF FILE at position 65536.
at org.json.simple.parser.JSONParser.parse(JSONParser.java:257)
at org.json.simple.parser.JSONParser.parse(JSONParser.java:92)
at stepdefs.reportdefinitions.appendafterjson(reportdefinitions.java:394)
]]>
    </failure>
  </testcase> <!-- runScenario -->
  <testcase name="runScenario" time="0.023" classname="io.cucumber.testng.AbstractTestNGCucumberTests">
    <failure type="org.json.simple.parser.ParseException">
      <![CDATA[Unexpected token END OF FILE at position 65536.
at org.json.simple.parser.JSONParser.parse(JSONParser.java:257)
at org.json.simple.parser.JSONParser.parse(JSONParser.java:92)
at stepdefs.reportdefinitions.appendafterjson(reportdefinitions.java:394)
]]>
    </failure>
  </testcase> <!-- runScenario -->
  <testcase name="runScenario" time="0.02" classname="io.cucumber.testng.AbstractTestNGCucumberTests">
    <failure type="org.json.simple.parser.ParseException">
      <![CDATA[Unexpected token END OF FILE at position 65536.
at org.json.simple.parser.JSONParser.parse(JSONParser.java:257)
at org.json.simple.parser.JSONParser.parse(JSONParser.java:92)
at stepdefs.reportdefinitions.appendafterjson(reportdefinitions.java:394)
]]>
    </failure>
  </testcase> <!-- runScenario -->
  <testcase name="runScenario" time="0.017" classname="io.cucumber.testng.AbstractTestNGCucumberTests">
    <failure type="org.json.simple.parser.ParseException">
      <![CDATA[Unexpected token END OF FILE at position 65536.
at org.json.simple.parser.JSONParser.parse(JSONParser.java:257)
at org.json.simple.parser.JSONParser.parse(JSONParser.java:92)
at stepdefs.reportdefinitions.appendafterjson(reportdefinitions.java:394)
]]>
    </failure>
  </testcase> <!-- runScenario -->
  <testcase name="runScenario" time="0.019" classname="io.cucumber.testng.AbstractTestNGCucumberTests">
    <failure type="org.json.simple.parser.ParseException">
      <![CDATA[Unexpected token END OF FILE at position 65536.
at org.json.simple.parser.JSONParser.parse(JSONParser.java:257)
at org.json.simple.parser.JSONParser.parse(JSONParser.java:92)
at stepdefs.reportdefinitions.appendafterjson(reportdefinitions.java:394)
]]>
    </failure>
  </testcase> <!-- runScenario -->
  <testcase name="runScenario" time="0.021" classname="io.cucumber.testng.AbstractTestNGCucumberTests">
    <failure type="org.json.simple.parser.ParseException">
      <![CDATA[Unexpected token END OF FILE at position 65536.
at org.json.simple.parser.JSONParser.parse(JSONParser.java:257)
at org.json.simple.parser.JSONParser.parse(JSONParser.java:92)
at stepdefs.reportdefinitions.appendafterjson(reportdefinitions.java:394)
]]>
    </failure>
  </testcase> <!-- runScenario -->
  <testcase name="runScenario" time="0.029" classname="io.cucumber.testng.AbstractTestNGCucumberTests">
    <failure type="org.json.simple.parser.ParseException">
      <![CDATA[Unexpected token END OF FILE at position 65536.
at org.json.simple.parser.JSONParser.parse(JSONParser.java:257)
at org.json.simple.parser.JSONParser.parse(JSONParser.java:92)
at stepdefs.reportdefinitions.appendafterjson(reportdefinitions.java:394)
]]>
    </failure>
  </testcase> <!-- runScenario -->
  <testcase name="runScenario" time="0.02" classname="io.cucumber.testng.AbstractTestNGCucumberTests">
    <failure type="org.json.simple.parser.ParseException">
      <![CDATA[Unexpected token END OF FILE at position 65536.
at org.json.simple.parser.JSONParser.parse(JSONParser.java:257)
at org.json.simple.parser.JSONParser.parse(JSONParser.java:92)
at stepdefs.reportdefinitions.appendafterjson(reportdefinitions.java:394)
]]>
    </failure>
  </testcase> <!-- runScenario -->
  <testcase name="runScenario" time="0.018" classname="io.cucumber.testng.AbstractTestNGCucumberTests">
    <failure type="org.json.simple.parser.ParseException">
      <![CDATA[Unexpected token END OF FILE at position 65536.
at org.json.simple.parser.JSONParser.parse(JSONParser.java:257)
at org.json.simple.parser.JSONParser.parse(JSONParser.java:92)
at stepdefs.reportdefinitions.appendafterjson(reportdefinitions.java:394)
]]>
    </failure>
  </testcase> <!-- runScenario -->
  <testcase name="runScenario" time="0.039" classname="io.cucumber.testng.AbstractTestNGCucumberTests">
    <failure type="org.json.simple.parser.ParseException">
      <![CDATA[Unexpected token END OF FILE at position 65536.
at org.json.simple.parser.JSONParser.parse(JSONParser.java:257)
at org.json.simple.parser.JSONParser.parse(JSONParser.java:92)
at stepdefs.reportdefinitions.appendafterjson(reportdefinitions.java:394)
]]>
    </failure>
  </testcase> <!-- runScenario -->
  <testcase name="runScenario" time="0.017" classname="io.cucumber.testng.AbstractTestNGCucumberTests">
    <failure type="org.json.simple.parser.ParseException">
      <![CDATA[Unexpected token END OF FILE at position 65536.
at org.json.simple.parser.JSONParser.parse(JSONParser.java:257)
at org.json.simple.parser.JSONParser.parse(JSONParser.java:92)
at stepdefs.reportdefinitions.appendafterjson(reportdefinitions.java:394)
]]>
    </failure>
  </testcase> <!-- runScenario -->
  <testcase name="runScenario" time="0.017" classname="io.cucumber.testng.AbstractTestNGCucumberTests">
    <failure type="org.json.simple.parser.ParseException">
      <![CDATA[Unexpected token END OF FILE at position 65536.
at org.json.simple.parser.JSONParser.parse(JSONParser.java:257)
at org.json.simple.parser.JSONParser.parse(JSONParser.java:92)
at stepdefs.reportdefinitions.appendafterjson(reportdefinitions.java:394)
]]>
    </failure>
  </testcase> <!-- runScenario -->
  <testcase name="runScenario" time="0.032" classname="io.cucumber.testng.AbstractTestNGCucumberTests">
    <failure type="org.json.simple.parser.ParseException">
      <![CDATA[Unexpected token END OF FILE at position 65536.
at org.json.simple.parser.JSONParser.parse(JSONParser.java:257)
at org.json.simple.parser.JSONParser.parse(JSONParser.java:92)
at stepdefs.reportdefinitions.appendafterjson(reportdefinitions.java:394)
]]>
    </failure>
  </testcase> <!-- runScenario -->
  <testcase name="runScenario" time="0.034" classname="io.cucumber.testng.AbstractTestNGCucumberTests">
    <failure type="org.json.simple.parser.ParseException">
      <![CDATA[Unexpected token END OF FILE at position 65536.
at org.json.simple.parser.JSONParser.parse(JSONParser.java:257)
at org.json.simple.parser.JSONParser.parse(JSONParser.java:92)
at stepdefs.reportdefinitions.appendafterjson(reportdefinitions.java:394)
]]>
    </failure>
  </testcase> <!-- runScenario -->
  <testcase name="runScenario" time="0.089" classname="io.cucumber.testng.AbstractTestNGCucumberTests">
    <failure type="org.json.simple.parser.ParseException">
      <![CDATA[Unexpected token END OF FILE at position 65536.
at org.json.simple.parser.JSONParser.parse(JSONParser.java:257)
at org.json.simple.parser.JSONParser.parse(JSONParser.java:92)
at stepdefs.reportdefinitions.appendafterjson(reportdefinitions.java:394)
]]>
    </failure>
  </testcase> <!-- runScenario -->
  <testcase name="runScenario" time="0.025" classname="io.cucumber.testng.AbstractTestNGCucumberTests">
    <failure type="org.json.simple.parser.ParseException">
      <![CDATA[Unexpected token END OF FILE at position 65536.
at org.json.simple.parser.JSONParser.parse(JSONParser.java:257)
at org.json.simple.parser.JSONParser.parse(JSONParser.java:92)
at stepdefs.reportdefinitions.appendafterjson(reportdefinitions.java:394)
]]>
    </failure>
  </testcase> <!-- runScenario -->
  <testcase name="runScenario" time="0.015" classname="io.cucumber.testng.AbstractTestNGCucumberTests">
    <failure type="org.json.simple.parser.ParseException">
      <![CDATA[Unexpected token END OF FILE at position 65536.
at org.json.simple.parser.JSONParser.parse(JSONParser.java:257)
at org.json.simple.parser.JSONParser.parse(JSONParser.java:92)
at stepdefs.reportdefinitions.appendafterjson(reportdefinitions.java:394)
]]>
    </failure>
  </testcase> <!-- runScenario -->
  <testcase name="runScenario" time="0.017" classname="io.cucumber.testng.AbstractTestNGCucumberTests">
    <failure type="org.json.simple.parser.ParseException">
      <![CDATA[Unexpected token END OF FILE at position 65536.
at org.json.simple.parser.JSONParser.parse(JSONParser.java:257)
at org.json.simple.parser.JSONParser.parse(JSONParser.java:92)
at stepdefs.reportdefinitions.appendafterjson(reportdefinitions.java:394)
]]>
    </failure>
  </testcase> <!-- runScenario -->
  <testcase name="runScenario" time="0.016" classname="io.cucumber.testng.AbstractTestNGCucumberTests">
    <failure type="org.json.simple.parser.ParseException">
      <![CDATA[Unexpected token END OF FILE at position 65536.
at org.json.simple.parser.JSONParser.parse(JSONParser.java:257)
at org.json.simple.parser.JSONParser.parse(JSONParser.java:92)
at stepdefs.reportdefinitions.appendafterjson(reportdefinitions.java:394)
]]>
    </failure>
  </testcase> <!-- runScenario -->
  <testcase name="runScenario" time="0.014" classname="io.cucumber.testng.AbstractTestNGCucumberTests">
    <failure type="org.json.simple.parser.ParseException">
      <![CDATA[Unexpected token END OF FILE at position 65536.
at org.json.simple.parser.JSONParser.parse(JSONParser.java:257)
at org.json.simple.parser.JSONParser.parse(JSONParser.java:92)
at stepdefs.reportdefinitions.appendafterjson(reportdefinitions.java:394)
]]>
    </failure>
  </testcase> <!-- runScenario -->
  <testcase name="runScenario" time="0.017" classname="io.cucumber.testng.AbstractTestNGCucumberTests">
    <failure type="org.json.simple.parser.ParseException">
      <![CDATA[Unexpected token END OF FILE at position 65536.
at org.json.simple.parser.JSONParser.parse(JSONParser.java:257)
at org.json.simple.parser.JSONParser.parse(JSONParser.java:92)
at stepdefs.reportdefinitions.appendafterjson(reportdefinitions.java:394)
]]>
    </failure>
  </testcase> <!-- runScenario -->
  <testcase name="runScenario" time="0.016" classname="io.cucumber.testng.AbstractTestNGCucumberTests">
    <failure type="org.json.simple.parser.ParseException">
      <![CDATA[Unexpected token END OF FILE at position 65536.
at org.json.simple.parser.JSONParser.parse(JSONParser.java:257)
at org.json.simple.parser.JSONParser.parse(JSONParser.java:92)
at stepdefs.reportdefinitions.appendafterjson(reportdefinitions.java:394)
]]>
    </failure>
  </testcase> <!-- runScenario -->
  <testcase name="runScenario" time="0.017" classname="io.cucumber.testng.AbstractTestNGCucumberTests">
    <failure type="org.json.simple.parser.ParseException">
      <![CDATA[Unexpected token END OF FILE at position 65536.
at org.json.simple.parser.JSONParser.parse(JSONParser.java:257)
at org.json.simple.parser.JSONParser.parse(JSONParser.java:92)
at stepdefs.reportdefinitions.appendafterjson(reportdefinitions.java:394)
]]>
    </failure>
  </testcase> <!-- runScenario -->
  <testcase name="runScenario" time="0.02" classname="io.cucumber.testng.AbstractTestNGCucumberTests">
    <failure type="org.json.simple.parser.ParseException">
      <![CDATA[Unexpected token END OF FILE at position 65536.
at org.json.simple.parser.JSONParser.parse(JSONParser.java:257)
at org.json.simple.parser.JSONParser.parse(JSONParser.java:92)
at stepdefs.reportdefinitions.appendafterjson(reportdefinitions.java:394)
]]>
    </failure>
  </testcase> <!-- runScenario -->
  <testcase name="runScenario" time="0.017" classname="io.cucumber.testng.AbstractTestNGCucumberTests">
    <failure type="org.json.simple.parser.ParseException">
      <![CDATA[Unexpected token END OF FILE at position 65536.
at org.json.simple.parser.JSONParser.parse(JSONParser.java:257)
at org.json.simple.parser.JSONParser.parse(JSONParser.java:92)
at stepdefs.reportdefinitions.appendafterjson(reportdefinitions.java:394)
]]>
    </failure>
  </testcase> <!-- runScenario -->
  <testcase name="runScenario" time="0.045" classname="io.cucumber.testng.AbstractTestNGCucumberTests">
    <failure type="org.json.simple.parser.ParseException">
      <![CDATA[Unexpected token END OF FILE at position 65536.
at org.json.simple.parser.JSONParser.parse(JSONParser.java:257)
[...]
at org.json.simple.parser.JSONParser.parse(JSONParser.java:92)
at stepdefs.reportdefinitions.appendafterjson(reportdefinitions.java:394)
]]>
    </failure>
  </testcase> <!-- runScenario -->
  <testcase name="runScenario" time="0.02" classname="io.cucumber.testng.AbstractTestNGCucumberTests">
    <failure type="org.json.simple.parser.ParseException">
      <![CDATA[Unexpected token END OF FILE at position 65536.
at org.json.simple.parser.JSONParser.parse(JSONParser.java:257)
at org.json.simple.parser.JSONParser.parse(JSONParser.java:92)
at stepdefs.reportdefinitions.appendafterjson(reportdefinitions.java:394)
]]>
    </failure>
  </testcase> <!-- runScenario -->
  <testcase name="runScenario" time="0.013" classname="io.cucumber.testng.AbstractTestNGCucumberTests">
    <failure type="org.json.simple.parser.ParseException">
      <![CDATA[Unexpected token END OF FILE at position 65536.
at org.json.simple.parser.JSONParser.parse(JSONParser.java:257)
at org.json.simple.parser.JSONParser.parse(JSONParser.java:92)
at stepdefs.reportdefinitions.appendafterjson(reportdefinitions.java:394)
]]>
    </failure>
  </testcase> <!-- runScenario -->
  <testcase name="runScenario" time="0.017" classname="io.cucumber.testng.AbstractTestNGCucumberTests">
    <failure type="org.json.simple.parser.ParseException">
      <![CDATA[Unexpected token END OF FILE at position 65536.
at org.json.simple.parser.JSONParser.parse(JSONParser.java:257)
at org.json.simple.parser.JSONParser.parse(JSONParser.java:92)
at stepdefs.reportdefinitions.appendafterjson(reportdefinitions.java:394)
]]>
    </failure>
  </testcase> <!-- runScenario -->
  <testcase name="runScenario" time="0.015" classname="io.cucumber.testng.AbstractTestNGCucumberTests">
    <failure type="org.json.simple.parser.ParseException">
      <![CDATA[Unexpected token END OF FILE at position 65536.
at org.json.simple.parser.JSONParser.parse(JSONParser.java:257)
at org.json.simple.parser.JSONParser.parse(JSONParser.java:92)
at stepdefs.reportdefinitions.appendafterjson(reportdefinitions.java:394)
]]>
    </failure>
  </testcase> <!-- runScenario -->
  <testcase name="runScenario" time="0.022" classname="io.cucumber.testng.AbstractTestNGCucumberTests">
    <failure type="org.json.simple.parser.ParseException">
      <![CDATA[Unexpected token END OF FILE at position 65536.
at org.json.simple.parser.JSONParser.parse(JSONParser.java:257)
at org.json.simple.parser.JSONParser.parse(JSONParser.java:92)
at stepdefs.reportdefinitions.appendafterjson(reportdefinitions.java:394)
]]>
    </failure>
  </testcase> <!-- runScenario -->
  <testcase name="runScenario" time="0.022" classname="io.cucumber.testng.AbstractTestNGCucumberTests">
    <failure type="org.json.simple.parser.ParseException">
      <![CDATA[Unexpected token END OF FILE at position 65536.
at org.json.simple.parser.JSONParser.parse(JSONParser.java:257)
at org.json.simple.parser.JSONParser.parse(JSONParser.java:92)
at stepdefs.reportdefinitions.appendafterjson(reportdefinitions.java:394)
]]>
    </failure>
  </testcase> <!-- runScenario -->
  <testcase name="runScenario" time="0.017" classname="io.cucumber.testng.AbstractTestNGCucumberTests">
    <failure type="org.json.simple.parser.ParseException">
      <![CDATA[Unexpected token END OF FILE at position 65536.
at org.json.simple.parser.JSONParser.parse(JSONParser.java:257)
at org.json.simple.parser.JSONParser.parse(JSONParser.java:92)
at stepdefs.reportdefinitions.appendafterjson(reportdefinitions.java:394)
]]>
    </failure>
  </testcase> <!-- runScenario -->
  <testcase name="runScenario" time="0.038" classname="io.cucumber.testng.AbstractTestNGCucumberTests">
    <failure type="org.json.simple.parser.ParseException">
      <![CDATA[Unexpected token END OF FILE at position 65536.
at org.json.simple.parser.JSONParser.parse(JSONParser.java:257)
at org.json.simple.parser.JSONParser.parse(JSONParser.java:92)
at stepdefs.reportdefinitions.appendafterjson(reportdefinitions.java:394)
]]>
    </failure>
  </testcase> <!-- runScenario -->
  <testcase name="runScenario" time="0.017" classname="io.cucumber.testng.AbstractTestNGCucumberTests">
    <failure type="org.json.simple.parser.ParseException">
      <![CDATA[Unexpected token END OF FILE at position 65536.
at org.json.simple.parser.JSONParser.parse(JSONParser.java:257)
at org.json.simple.parser.JSONParser.parse(JSONParser.java:92)
at stepdefs.reportdefinitions.appendafterjson(reportdefinitions.java:394)
]]>
    </failure>
  </testcase> <!-- runScenario -->
  <testcase name="runScenario" time="0.015" classname="io.cucumber.testng.AbstractTestNGCucumberTests">
    <failure type="org.json.simple.parser.ParseException">
      <![CDATA[Unexpected token END OF FILE at position 65536.
at org.json.simple.parser.JSONParser.parse(JSONParser.java:257)
at org.json.simple.parser.JSONParser.parse(JSONParser.java:92)
at stepdefs.reportdefinitions.appendafterjson(reportdefinitions.java:394)
]]>
    </failure>
  </testcase> <!-- runScenario -->
  <testcase name="runScenario" time="0.036" classname="io.cucumber.testng.AbstractTestNGCucumberTests">
    <failure type="org.json.simple.parser.ParseException">
      <![CDATA[Unexpected token END OF FILE at position 65536.
at org.json.simple.parser.JSONParser.parse(JSONParser.java:257)
at org.json.simple.parser.JSONParser.parse(JSONParser.java:92)
at stepdefs.reportdefinitions.appendafterjson(reportdefinitions.java:394)
]]>
    </failure>
  </testcase> <!-- runScenario -->
  <testcase name="runScenario" time="0.039" classname="io.cucumber.testng.AbstractTestNGCucumberTests">
    <failure type="org.json.simple.parser.ParseException">
      <![CDATA[Unexpected token END OF FILE at position 65536.
at org.json.simple.parser.JSONParser.parse(JSONParser.java:257)
at org.json.simple.parser.JSONParser.parse(JSONParser.java:92)
at stepdefs.reportdefinitions.appendafterjson(reportdefinitions.java:394)
]]>
    </failure>
  </testcase> <!-- runScenario -->
  <testcase name="runScenario" time="0.017" classname="io.cucumber.testng.AbstractTestNGCucumberTests">
    <failure type="org.json.simple.parser.ParseException">
      <![CDATA[Unexpected token END OF FILE at position 65536.
at org.json.simple.parser.JSONParser.parse(JSONParser.java:257)
at org.json.simple.parser.JSONParser.parse(JSONParser.java:92)
at stepdefs.reportdefinitions.appendafterjson(reportdefinitions.java:394)
]]>
    </failure>
  </testcase> <!-- runScenario -->
  <testcase name="runScenario" time="0.02" classname="io.cucumber.testng.AbstractTestNGCucumberTests">
    <failure type="org.json.simple.parser.ParseException">
      <![CDATA[Unexpected token END OF FILE at position 65536.
at org.json.simple.parser.JSONParser.parse(JSONParser.java:257)
at org.json.simple.parser.JSONParser.parse(JSONParser.java:92)
at stepdefs.reportdefinitions.appendafterjson(reportdefinitions.java:394)
]]>
    </failure>
  </testcase> <!-- runScenario -->
  <testcase name="runScenario" time="0.017" classname="io.cucumber.testng.AbstractTestNGCucumberTests">
    <failure type="org.json.simple.parser.ParseException">
      <![CDATA[Unexpected token END OF FILE at position 65536.
at org.json.simple.parser.JSONParser.parse(JSONParser.java:257)
at org.json.simple.parser.JSONParser.parse(JSONParser.java:92)
at stepdefs.reportdefinitions.appendafterjson(reportdefinitions.java:394)
]]>
    </failure>
  </testcase> <!-- runScenario -->
  <testcase name="runScenario" time="0.019" classname="io.cucumber.testng.AbstractTestNGCucumberTests">
    <failure type="org.json.simple.parser.ParseException">
      <![CDATA[Unexpected token END OF FILE at position 65536.
at org.json.simple.parser.JSONParser.parse(JSONParser.java:257)
at org.json.simple.parser.JSONParser.parse(JSONParser.java:92)
at stepdefs.reportdefinitions.appendafterjson(reportdefinitions.java:394)
]]>
    </failure>
  </testcase> <!-- runScenario -->
  <testcase name="runScenario" time="0.019" classname="io.cucumber.testng.AbstractTestNGCucumberTests">
    <failure type="org.json.simple.parser.ParseException">
      <![CDATA[Unexpected token END OF FILE at position 65536.
at org.json.simple.parser.JSONParser.parse(JSONParser.java:257)
at org.json.simple.parser.JSONParser.parse(JSONParser.java:92)
at stepdefs.reportdefinitions.appendafterjson(reportdefinitions.java:394)
]]>
    </failure>
  </testcase> <!-- runScenario -->
  <testcase name="runScenario" time="0.027" classname="io.cucumber.testng.AbstractTestNGCucumberTests">
    <failure type="org.json.simple.parser.ParseException">
      <![CDATA[Unexpected token END OF FILE at position 65536.
at org.json.simple.parser.JSONParser.parse(JSONParser.java:257)
at org.json.simple.parser.JSONParser.parse(JSONParser.java:92)
at stepdefs.reportdefinitions.appendafterjson(reportdefinitions.java:394)
]]>
    </failure>
  </testcase> <!-- runScenario -->
  <testcase name="runScenario" time="0.027" classname="io.cucumber.testng.AbstractTestNGCucumberTests">
    <failure type="org.json.simple.parser.ParseException">
      <![CDATA[Unexpected token END OF FILE at position 65536.
at org.json.simple.parser.JSONParser.parse(JSONParser.java:257)
at org.json.simple.parser.JSONParser.parse(JSONParser.java:92)
at stepdefs.reportdefinitions.appendafterjson(reportdefinitions.java:394)
]]>
    </failure>
  </testcase> <!-- runScenario -->
  <testcase name="runScenario" time="0.02" classname="io.cucumber.testng.AbstractTestNGCucumberTests">
    <failure type="org.json.simple.parser.ParseException">
      <![CDATA[Unexpected token END OF FILE at position 65536.
at org.json.simple.parser.JSONParser.parse(JSONParser.java:257)
at org.json.simple.parser.JSONParser.parse(JSONParser.java:92)
at stepdefs.reportdefinitions.appendafterjson(reportdefinitions.java:394)
]]>
    </failure>
  </testcase> <!-- runScenario -->
  <testcase name="runScenario" time="0.017" classname="io.cucumber.testng.AbstractTestNGCucumberTests">
    <failure type="org.json.simple.parser.ParseException">
      <![CDATA[Unexpected token END OF FILE at position 65536.
at org.json.simple.parser.JSONParser.parse(JSONParser.java:257)
at org.json.simple.parser.JSONParser.parse(JSONParser.java:92)
at stepdefs.reportdefinitions.appendafterjson(reportdefinitions.java:394)
]]>
    </failure>
  </testcase> <!-- runScenario -->
  <testcase name="runScenario" time="0.017" classname="io.cucumber.testng.AbstractTestNGCucumberTests">
    <failure type="org.json.simple.parser.ParseException">
      <![CDATA[Unexpected token END OF FILE at position 65536.
at org.json.simple.parser.JSONParser.parse(JSONParser.java:257)
at org.json.simple.parser.JSONParser.parse(JSONParser.java:92)
at stepdefs.reportdefinitions.appendafterjson(reportdefinitions.java:394)
]]>
    </failure>
  </testcase> <!-- runScenario -->
  <testcase name="runScenario" time="0.019" classname="io.cucumber.testng.AbstractTestNGCucumberTests">
    <failure type="org.json.simple.parser.ParseException">
      <![CDATA[Unexpected token END OF FILE at position 65536.
at org.json.simple.parser.JSONParser.parse(JSONParser.java:257)
at org.json.simple.parser.JSONParser.parse(JSONParser.java:92)
at stepdefs.reportdefinitions.appendafterjson(reportdefinitions.java:394)
]]>
    </failure>
  </testcase> <!-- runScenario -->
  <testcase name="runScenario" time="0.015" classname="io.cucumber.testng.AbstractTestNGCucumberTests">
    <failure type="org.json.simple.parser.ParseException">
      <![CDATA[Unexpected token END OF FILE at position 65536.
at org.json.simple.parser.JSONParser.parse(JSONParser.java:257)
at org.json.simple.parser.JSONParser.parse(JSONParser.java:92)
at stepdefs.reportdefinitions.appendafterjson(reportdefinitions.java:394)
]]>
    </failure>
  </testcase> <!-- runScenario -->
  <testcase name="runScenario" time="0.016" classname="io.cucumber.testng.AbstractTestNGCucumberTests">
    <failure type="org.json.simple.parser.ParseException">
      <![CDATA[Unexpected token END OF FILE at position 65536.
at org.json.simple.parser.JSONParser.parse(JSONParser.java:257)
at org.json.simple.parser.JSONParser.parse(JSONParser.java:92)
at stepdefs.reportdefinitions.appendafterjson(reportdefinitions.java:394)
]]>
    </failure>
  </testcase> <!-- runScenario -->
  <testcase name="runScenario" time="0.024" classname="io.cucumber.testng.AbstractTestNGCucumberTests">
    <failure type="org.json.simple.parser.ParseException">
      <![CDATA[Unexpected token END OF FILE at position 65536.
at org.json.simple.parser.JSONParser.parse(JSONParser.java:257)
at org.json.simple.parser.JSONParser.parse(JSONParser.java:92)
at stepdefs.reportdefinitions.appendafterjson(reportdefinitions.java:394)
]]>
    </failure>
  </testcase> <!-- runScenario -->
  <testcase name="runScenario" time="0.018" classname="io.cucumber.testng.AbstractTestNGCucumberTests">
    <failure type="org.json.simple.parser.ParseException">
      <![CDATA[Unexpected token END OF FILE at position 65536.
at org.json.simple.parser.JSONParser.parse(JSONParser.java:257)
at org.json.simple.parser.JSONParser.parse(JSONParser.java:92)
at stepdefs.reportdefinitions.appendafterjson(reportdefinitions.java:394)
]]>
    </failure>
  </testcase> <!-- runScenario -->
  <testcase name="runScenario" time="0.021" classname="io.cucumber.testng.AbstractTestNGCucumberTests">
    <failure type="org.json.simple.parser.ParseException">
      <![CDATA[Unexpected token END OF FILE at position 65536.
at org.json.simple.parser.JSONParser.parse(JSONParser.java:257)
at org.json.simple.parser.JSONParser.parse(JSONParser.java:92)
at stepdefs.reportdefinitions.appendafterjson(reportdefinitions.java:394)
]]>
    </failure>
  </testcase> <!-- runScenario -->
  <testcase name="runScenario" time="0.025" classname="io.cucumber.testng.AbstractTestNGCucumberTests">
    <failure type="org.json.simple.parser.ParseException">
      <![CDATA[Unexpected token END OF FILE at position 65536.
at org.json.simple.parser.JSONParser.parse(JSONParser.java:257)
at org.json.simple.parser.JSONParser.parse(JSONParser.java:92)
at stepdefs.reportdefinitions.appendafterjson(reportdefinitions.java:394)
]]>
    </failure>
  </testcase> <!-- runScenario -->
  <testcase name="runScenario" time="0.016" classname="io.cucumber.testng.AbstractTestNGCucumberTests">
    <failure type="org.json.simple.parser.ParseException">
      <![CDATA[Unexpected token END OF FILE at position 65536.
at org.json.simple.parser.JSONParser.parse(JSONParser.java:257)
at org.json.simple.parser.JSONParser.parse(JSONParser.java:92)
at stepdefs.reportdefinitions.appendafterjson(reportdefinitions.java:394)
]]>
    </failure>
  </testcase> <!-- runScenario -->
  <testcase name="runScenario" time="0.015" classname="io.cucumber.testng.AbstractTestNGCucumberTests">
    <failure type="org.json.simple.parser.ParseException">
      <![CDATA[Unexpected token END OF FILE at position 65536.
at org.json.simple.parser.JSONParser.parse(JSONParser.java:257)
at org.json.simple.parser.JSONParser.parse(JSONParser.java:92)
at stepdefs.reportdefinitions.appendafterjson(reportdefinitions.java:394)
]]>
    </failure>
  </testcase> <!-- runScenario -->
  <testcase name="runScenario" time="0.015" classname="io.cucumber.testng.AbstractTestNGCucumberTests">
    <failure type="org.json.simple.parser.ParseException">
      <![CDATA[Unexpected token END OF FILE at position 65536.
at org.json.simple.parser.JSONParser.parse(JSONParser.java:257)
at org.json.simple.parser.JSONParser.parse(JSONParser.java:92)
at stepdefs.reportdefinitions.appendafterjson(reportdefinitions.java:394)
]]>
    </failure>
  </testcase> <!-- runScenario -->
  <testcase name="runScenario" time="0.015" classname="io.cucumber.testng.AbstractTestNGCucumberTests">
    <failure type="org.json.simple.parser.ParseException">
      <![CDATA[Unexpected token END OF FILE at position 65536.
at org.json.simple.parser.JSONParser.parse(JSONParser.java:257)
at org.json.simple.parser.JSONParser.parse(JSONParser.java:92)
at stepdefs.reportdefinitions.appendafterjson(reportdefinitions.java:394)
]]>
    </failure>
  </testcase> <!-- runScenario -->
  <testcase name="runScenario" time="0.016" classname="io.cucumber.testng.AbstractTestNGCucumberTests">
    <failure type="org.json.simple.parser.ParseException">
      <![CDATA[Unexpected token END OF FILE at position 65536.
at org.json.simple.parser.JSONParser.parse(JSONParser.java:257)
at org.json.simple.parser.JSONParser.parse(JSONParser.java:92)
at stepdefs.reportdefinitions.appendafterjson(reportdefinitions.java:394)
]]>
    </failure>
  </testcase> <!-- runScenario -->
  <testcase name="runScenario" time="0.016" classname="io.cucumber.testng.AbstractTestNGCucumberTests">
    <failure type="org.json.simple.parser.ParseException">
      <![CDATA[Unexpected token END OF FILE at position 65536.
at org.json.simple.parser.JSONParser.parse(JSONParser.java:257)
at org.json.simple.parser.JSONParser.parse(JSONParser.java:92)
at stepdefs.reportdefinitions.appendafterjson(reportdefinitions.java:394)
]]>
    </failure>
  </testcase> <!-- runScenario -->
  <testcase name="runScenario" time="0.015" classname="io.cucumber.testng.AbstractTestNGCucumberTests">
    <failure type="org.json.simple.parser.ParseException">
      <![CDATA[Unexpected token END OF FILE at position 65536.
at org.json.simple.parser.JSONParser.parse(JSONParser.java:257)
at org.json.simple.parser.JSONParser.parse(JSONParser.java:92)
at stepdefs.reportdefinitions.appendafterjson(reportdefinitions.java:394)
]]>
    </failure>
  </testcase> <!-- runScenario -->
  <testcase name="runScenario" time="0.015" classname="io.cucumber.testng.AbstractTestNGCucumberTests">
    <failure type="org.json.simple.parser.ParseException">
      <![CDATA[Unexpected token END OF FILE at position 65536.
at org.json.simple.parser.JSONParser.parse(JSONParser.java:257)
at org.json.simple.parser.JSONParser.parse(JSONParser.java:92)
at stepdefs.reportdefinitions.appendafterjson(reportdefinitions.java:394)
]]>
    </failure>
  </testcase> <!-- runScenario -->
  <testcase name="runScenario" time="0.015" classname="io.cucumber.testng.AbstractTestNGCucumberTests">
    <failure type="org.json.simple.parser.ParseException">
      <![CDATA[Unexpected token END OF FILE at position 65536.
at org.json.simple.parser.JSONParser.parse(JSONParser.java:257)
at org.json.simple.parser.JSONParser.parse(JSONParser.java:92)
at stepdefs.reportdefinitions.appendafterjson(reportdefinitions.java:394)
]]>
    </failure>
  </testcase> <!-- runScenario -->
  <testcase name="runScenario" time="0.047" classname="io.cucumber.testng.AbstractTestNGCucumberTests">
    <failure type="org.json.simple.parser.ParseException">
      <![CDATA[Unexpected token END OF FILE at position 65536.
at org.json.simple.parser.JSONParser.parse(JSONParser.java:257)
at org.json.simple.parser.JSONParser.parse(JSONParser.java:92)
at stepdefs.reportdefinitions.appendafterjson(reportdefinitions.java:394)
]]>
    </failure>
  </testcase> <!-- runScenario -->
  <testcase name="runScenario" time="0.014" classname="io.cucumber.testng.AbstractTestNGCucumberTests">
    <failure type="org.json.simple.parser.ParseException">
      <![CDATA[Unexpected token END OF FILE at position 65536.
at org.json.simple.parser.JSONParser.parse(JSONParser.java:257)
at org.json.simple.parser.JSONParser.parse(JSONParser.java:92)
at stepdefs.reportdefinitions.appendafterjson(reportdefinitions.java:394)
]]>
    </failure>
  </testcase> <!-- runScenario -->
  <testcase name="runScenario" time="0.014" classname="io.cucumber.testng.AbstractTestNGCucumberTests">
    <failure type="org.json.simple.parser.ParseException">
      <![CDATA[Unexpected token END OF FILE at position 65536.
at org.json.simple.parser.JSONParser.parse(JSONParser.java:257)
at org.json.simple.parser.JSONParser.parse(JSONParser.java:92)
at stepdefs.reportdefinitions.appendafterjson(reportdefinitions.java:394)
]]>
    </failure>
  </testcase> <!-- runScenario -->
</testsuite> <!-- Android Execution -->
